<?xml version="1.0" ?>
<!DOCTYPE coverage SYSTEM "http://cobertura.sourceforge.net/xml/coverage-04.dtd">
<coverage lines-valid="5039" lines-covered="4222" line-rate="0.8378" branches-valid="2270" branches-covered="1602" branch-rate="0.7056999999999999" timestamp="1780561640347" complexity="0" version="0.1">
  <sources>
    <source>/builds/application/backend/settings-service</source>
  </sources>
  <packages>
    <package name="config" line-rate="1" branch-rate="0.4736">
      <classes>
        <class name="base-config.js" filename="settings-service/app/config/base-config.js" line-rate="1" branch-rate="0.3333">
          <methods>
          </methods>
          <lines>
            <line number="14" hits="39" branch="false"/>
            <line number="16" hits="39" branch="false"/>
            <line number="34" hits="39" branch="false"/>
          </lines>
        </class>
        <class name="dev-config.js" filename="settings-service/app/config/dev-config.js" line-rate="1" branch-rate="0.5">
          <methods>
          </methods>
          <lines>
            <line number="9" hits="39" branch="false"/>
            <line number="11" hits="39" branch="true" condition-coverage="50% (1/2)"/>
            <line number="13" hits="39" branch="true" condition-coverage="50% (1/2)"/>
            <line number="14" hits="39" branch="false"/>
            <line number="17" hits="39" branch="false"/>
            <line number="27" hits="39" branch="false"/>
          </lines>
        </class>
        <class name="index.js" filename="settings-service/app/config/index.js" line-rate="1" branch-rate="1">
          <methods>
          </methods>
          <lines>
            <line number="1" hits="39" branch="false"/>
            <line number="2" hits="39" branch="false"/>
            <line number="3" hits="39" branch="false"/>
            <line number="5" hits="39" branch="false"/>
          </lines>
        </class>
      </classes>
    </package>
    <package name="config.lib" line-rate="0.5172" branch-rate="0.125">
      <classes>
        <class name="awsKms.js" filename="settings-service/app/config/lib/awsKms.js" line-rate="0.4545" branch-rate="1">
          <methods>
            <method name="(anonymous_0)" hits="0" signature="()V">
              <lines>
                <line number="20" hits="0"/>
              </lines>
            </method>
          </methods>
          <lines>
            <line number="7" hits="31" branch="false"/>
            <line number="8" hits="31" branch="false"/>
            <line number="10" hits="31" branch="false"/>
            <line number="20" hits="31" branch="false"/>
            <line number="21" hits="0" branch="false"/>
            <line number="22" hits="0" branch="false"/>
            <line number="31" hits="0" branch="false"/>
            <line number="32" hits="0" branch="false"/>
            <line number="34" hits="0" branch="false"/>
            <line number="35" hits="0" branch="false"/>
            <line number="39" hits="31" branch="false"/>
          </lines>
        </class>
        <class name="awsS3Client.js" filename="settings-service/app/config/lib/awsS3Client.js" line-rate="1" branch-rate="1">
          <methods>
            <method name="(anonymous_0)" hits="2" signature="()V">
              <lines>
                <line number="3" hits="2"/>
              </lines>
            </method>
          </methods>
          <lines>
            <line number="1" hits="32" branch="false"/>
            <line number="3" hits="32" branch="false"/>
            <line number="4" hits="2" branch="false"/>
            <line number="5" hits="1" branch="false"/>
            <line number="8" hits="32" branch="false"/>
          </lines>
        </class>
        <class name="awsSsm.js" filename="settings-service/app/config/lib/awsSsm.js" line-rate="0.2777" branch-rate="0">
          <methods>
            <method name="(anonymous_0)" hits="0" signature="()V">
              <lines>
                <line number="10" hits="0"/>
              </lines>
            </method>
            <method name="(anonymous_1)" hits="0" signature="()V">
              <lines>
                <line number="12" hits="0"/>
              </lines>
            </method>
            <method name="(anonymous_2)" hits="0" signature="()V">
              <lines>
                <line number="24" hits="0"/>
              </lines>
            </method>
          </methods>
          <lines>
            <line number="7" hits="33" branch="false"/>
            <line number="8" hits="33" branch="false"/>
            <line number="10" hits="33" branch="false"/>
            <line number="11" hits="0" branch="true" condition-coverage="0% (0/4)"/>
            <line number="12" hits="0" branch="false"/>
            <line number="13" hits="0" branch="false"/>
            <line number="14" hits="0" branch="false"/>
            <line number="15" hits="0" branch="false"/>
            <line number="24" hits="33" branch="false"/>
            <line number="25" hits="0" branch="false"/>
            <line number="26" hits="0" branch="false"/>
            <line number="27" hits="0" branch="false"/>
            <line number="32" hits="0" branch="false"/>
            <line number="33" hits="0" branch="false"/>
            <line number="34" hits="0" branch="false"/>
            <line number="36" hits="0" branch="false"/>
            <line number="37" hits="0" branch="false"/>
            <line number="41" hits="33" branch="false"/>
          </lines>
        </class>
        <class name="dbClient.js" filename="settings-service/app/config/lib/dbClient.js" line-rate="1" branch-rate="1">
          <methods>
          </methods>
          <lines>
            <line number="1" hits="39" branch="false"/>
            <line number="3" hits="39" branch="false"/>
            <line number="5" hits="39" branch="false"/>
          </lines>
        </class>
        <class name="index.js" filename="settings-service/app/config/lib/index.js" line-rate="1" branch-rate="1">
          <methods>
          </methods>
          <lines>
            <line number="1" hits="39" branch="false"/>
            <line number="3" hits="39" branch="false"/>
          </lines>
        </class>
        <class name="sqsClient.js" filename="settings-service/app/config/lib/sqsClient.js" line-rate="0.5263" branch-rate="0.25">
          <methods>
            <method name="(anonymous_0)" hits="9" signature="()V">
              <lines>
                <line number="13" hits="9"/>
              </lines>
            </method>
            <method name="(anonymous_1)" hits="0" signature="()V">
              <lines>
                <line number="23" hits="0"/>
              </lines>
            </method>
          </methods>
          <lines>
            <line number="7" hits="20" branch="false"/>
            <line number="8" hits="20" branch="false"/>
            <line number="9" hits="20" branch="false"/>
            <line number="11" hits="20" branch="false"/>
            <line number="13" hits="20" branch="false"/>
            <line number="14" hits="9" branch="true" condition-coverage="50% (1/2)"/>
            <line number="15" hits="9" branch="false"/>
            <line number="16" hits="9" branch="false"/>
            <line number="18" hits="0" branch="false"/>
            <line number="19" hits="0" branch="false"/>
            <line number="20" hits="0" branch="false"/>
            <line number="23" hits="20" branch="false"/>
            <line number="24" hits="0" branch="true" condition-coverage="0% (0/2)"/>
            <line number="25" hits="0" branch="false"/>
            <line number="26" hits="0" branch="false"/>
            <line number="28" hits="0" branch="false"/>
            <line number="29" hits="0" branch="false"/>
            <line number="30" hits="0" branch="false"/>
            <line number="33" hits="20" branch="false"/>
          </lines>
        </class>
      </classes>
    </package>
    <package name="constants" line-rate="1" branch-rate="1">
      <classes>
        <class name="cache.js" filename="settings-service/app/constants/cache.js" line-rate="1" branch-rate="1">
          <methods>
          </methods>
          <lines>
            <line number="1" hits="39" branch="false"/>
          </lines>
        </class>
        <class name="common.js" filename="settings-service/app/constants/common.js" line-rate="1" branch-rate="1">
          <methods>
          </methods>
          <lines>
            <line number="1" hits="39" branch="false"/>
          </lines>
        </class>
        <class name="index.js" filename="settings-service/app/constants/index.js" line-rate="1" branch-rate="1">
          <methods>
          </methods>
          <lines>
            <line number="1" hits="39" branch="false"/>
            <line number="2" hits="39" branch="false"/>
            <line number="3" hits="39" branch="false"/>
            <line number="5" hits="39" branch="false"/>
          </lines>
        </class>
        <class name="settings.js" filename="settings-service/app/constants/settings.js" line-rate="1" branch-rate="1">
          <methods>
            <method name="(anonymous_0)" hits="39" signature="()V">
              <lines>
                <line number="16" hits="39"/>
              </lines>
            </method>
          </methods>
          <lines>
            <line number="1" hits="39" branch="false"/>
            <line number="9" hits="39" branch="false"/>
            <line number="15" hits="39" branch="false"/>
            <line number="17" hits="39" branch="false"/>
            <line number="19" hits="39" branch="false"/>
            <line number="20" hits="39" branch="false"/>
            <line number="23" hits="39" branch="false"/>
            <line number="27" hits="39" branch="false"/>
            <line number="60" hits="39" branch="false"/>
            <line number="67" hits="39" branch="false"/>
            <line number="68" hits="39" branch="false"/>
            <line number="69" hits="39" branch="false"/>
            <line number="71" hits="39" branch="false"/>
            <line number="77" hits="39" branch="false"/>
            <line number="78" hits="39" branch="false"/>
            <line number="79" hits="39" branch="false"/>
            <line number="80" hits="39" branch="false"/>
            <line number="81" hits="39" branch="false"/>
            <line number="82" hits="39" branch="false"/>
            <line number="83" hits="39" branch="false"/>
            <line number="84" hits="39" branch="false"/>
            <line number="86" hits="39" branch="false"/>
            <line number="92" hits="39" branch="false"/>
            <line number="93" hits="39" branch="false"/>
            <line number="94" hits="39" branch="false"/>
            <line number="95" hits="39" branch="false"/>
            <line number="96" hits="39" branch="false"/>
            <line number="97" hits="39" branch="false"/>
            <line number="98" hits="39" branch="false"/>
            <line number="99" hits="39" branch="false"/>
            <line number="100" hits="39" branch="false"/>
            <line number="101" hits="39" branch="false"/>
            <line number="102" hits="39" branch="false"/>
            <line number="109" hits="39" branch="false"/>
            <line number="122" hits="39" branch="false"/>
            <line number="124" hits="39" branch="false"/>
            <line number="125" hits="39" branch="false"/>
            <line number="126" hits="39" branch="false"/>
            <line number="127" hits="39" branch="false"/>
            <line number="128" hits="39" branch="false"/>
            <line number="129" hits="39" branch="false"/>
            <line number="134" hits="39" branch="false"/>
          </lines>
        </class>
      </classes>
    </package>
    <package name="controllers" line-rate="0.7041" branch-rate="0.5753">
      <classes>
        <class name="admins.js" filename="settings-service/app/controllers/admins.js" line-rate="0.6875" branch-rate="0.5297999999999999">
          <methods>
            <method name="(anonymous_0)" hits="0" signature="()V">
              <lines>
                <line number="45" hits="0"/>
              </lines>
            </method>
            <method name="(anonymous_1)" hits="5" signature="()V">
              <lines>
                <line number="82" hits="5"/>
              </lines>
            </method>
            <method name="(anonymous_2)" hits="3" signature="()V">
              <lines>
                <line number="138" hits="3"/>
              </lines>
            </method>
            <method name="(anonymous_3)" hits="0" signature="()V">
              <lines>
                <line number="145" hits="0"/>
              </lines>
            </method>
            <method name="(anonymous_4)" hits="5" signature="()V">
              <lines>
                <line number="158" hits="5"/>
              </lines>
            </method>
            <method name="(anonymous_5)" hits="35" signature="()V">
              <lines>
                <line number="160" hits="35"/>
              </lines>
            </method>
            <method name="(anonymous_6)" hits="6" signature="()V">
              <lines>
                <line number="179" hits="6"/>
              </lines>
            </method>
            <method name="(anonymous_7)" hits="6" signature="()V">
              <lines>
                <line number="182" hits="6"/>
              </lines>
            </method>
            <method name="(anonymous_8)" hits="10" signature="()V">
              <lines>
                <line number="193" hits="10"/>
              </lines>
            </method>
            <method name="(anonymous_9)" hits="0" signature="()V">
              <lines>
                <line number="196" hits="0"/>
              </lines>
            </method>
            <method name="(anonymous_10)" hits="5" signature="()V">
              <lines>
                <line number="209" hits="5"/>
              </lines>
            </method>
            <method name="(anonymous_11)" hits="2" signature="()V">
              <lines>
                <line number="225" hits="2"/>
              </lines>
            </method>
            <method name="(anonymous_12)" hits="2" signature="()V">
              <lines>
                <line number="237" hits="2"/>
              </lines>
            </method>
            <method name="(anonymous_13)" hits="5" signature="()V">
              <lines>
                <line number="257" hits="5"/>
              </lines>
            </method>
            <method name="(anonymous_14)" hits="5" signature="()V">
              <lines>
                <line number="264" hits="5"/>
              </lines>
            </method>
            <method name="(anonymous_15)" hits="0" signature="()V">
              <lines>
                <line number="284" hits="0"/>
              </lines>
            </method>
            <method name="(anonymous_16)" hits="0" signature="()V">
              <lines>
                <line number="440" hits="0"/>
              </lines>
            </method>
            <method name="(anonymous_17)" hits="5" signature="()V">
              <lines>
                <line number="458" hits="5"/>
              </lines>
            </method>
            <method name="(anonymous_18)" hits="4" signature="()V">
              <lines>
                <line number="484" hits="4"/>
              </lines>
            </method>
            <method name="(anonymous_19)" hits="12" signature="()V">
              <lines>
                <line number="505" hits="12"/>
              </lines>
            </method>
            <method name="(anonymous_20)" hits="12" signature="()V">
              <lines>
                <line number="514" hits="12"/>
              </lines>
            </method>
            <method name="(anonymous_21)" hits="0" signature="()V">
              <lines>
                <line number="630" hits="0"/>
              </lines>
            </method>
            <method name="(anonymous_22)" hits="0" signature="()V">
              <lines>
                <line number="645" hits="0"/>
              </lines>
            </method>
            <method name="(anonymous_23)" hits="0" signature="()V">
              <lines>
                <line number="654" hits="0"/>
              </lines>
            </method>
          </methods>
          <lines>
            <line number="1" hits="18" branch="false"/>
            <line number="2" hits="18" branch="false"/>
            <line number="3" hits="18" branch="false"/>
            <line number="4" hits="18" branch="false"/>
            <line number="5" hits="18" branch="false"/>
            <line number="6" hits="18" branch="false"/>
            <line number="7" hits="18" branch="false"/>
            <line number="15" hits="18" branch="false"/>
            <line number="21" hits="18" branch="false"/>
            <line number="22" hits="18" branch="false"/>
            <line number="30" hits="18" branch="false"/>
            <line number="36" hits="18" branch="false"/>
            <line number="38" hits="18" branch="false"/>
            <line number="45" hits="18" branch="false"/>
            <line number="46" hits="0" branch="false"/>
            <line number="47" hits="0" branch="true" condition-coverage="0% (0/2)"/>
            <line number="49" hits="0" branch="false"/>
            <line number="51" hits="0" branch="false"/>
            <line number="55" hits="0" branch="false"/>
            <line number="56" hits="0" branch="false"/>
            <line number="57" hits="0" branch="true" condition-coverage="0% (0/2)"/>
            <line number="59" hits="0" branch="false"/>
            <line number="62" hits="0" branch="false"/>
            <line number="64" hits="0" branch="true" condition-coverage="0% (0/2)"/>
            <line number="66" hits="0" branch="false"/>
            <line number="69" hits="0" branch="false"/>
            <line number="71" hits="0" branch="false"/>
            <line number="79" hits="0" branch="false"/>
            <line number="82" hits="18" branch="false"/>
            <line number="84" hits="5" branch="false"/>
            <line number="85" hits="5" branch="false"/>
            <line number="86" hits="5" branch="true" condition-coverage="50% (1/2)"/>
            <line number="88" hits="0" branch="true" condition-coverage="0% (0/4)"/>
            <line number="89" hits="0" branch="false"/>
            <line number="90" hits="0" branch="false"/>
            <line number="93" hits="0" branch="false"/>
            <line number="96" hits="5" branch="false"/>
            <line number="100" hits="5" branch="true" condition-coverage="100% (2/2)"/>
            <line number="101" hits="2" branch="false"/>
            <line number="104" hits="3" branch="false"/>
            <line number="105" hits="3" branch="true" condition-coverage="50% (1/2)"/>
            <line number="106" hits="0" branch="false"/>
            <line number="109" hits="3" branch="false"/>
            <line number="110" hits="3" branch="true" condition-coverage="50% (1/2)"/>
            <line number="111" hits="0" branch="false"/>
            <line number="114" hits="3" branch="true" condition-coverage="50% (1/2)"/>
            <line number="115" hits="0" branch="false"/>
            <line number="120" hits="0" branch="true" condition-coverage="0% (0/2)"/>
            <line number="121" hits="0" branch="false"/>
            <line number="125" hits="3" branch="false"/>
            <line number="126" hits="3" branch="false"/>
            <line number="127" hits="3" branch="true" condition-coverage="50% (1/2)"/>
            <line number="128" hits="0" branch="false"/>
            <line number="133" hits="3" branch="true" condition-coverage="50% (1/2)"/>
            <line number="134" hits="0" branch="false"/>
            <line number="137" hits="3" branch="false"/>
            <line number="138" hits="3" branch="true" condition-coverage="50% (1/2)"/>
            <line number="139" hits="0" branch="false"/>
            <line number="140" hits="0" branch="false"/>
            <line number="142" hits="3" branch="false"/>
            <line number="145" hits="18" branch="false"/>
            <line number="146" hits="0" branch="false"/>
            <line number="147" hits="0" branch="false"/>
            <line number="148" hits="0" branch="true" condition-coverage="0% (0/2)"/>
            <line number="149" hits="0" branch="false"/>
            <line number="153" hits="0" branch="false"/>
            <line number="155" hits="0" branch="false"/>
            <line number="158" hits="18" branch="true" condition-coverage="0% (0/1)"/>
            <line number="159" hits="5" branch="false"/>
            <line number="160" hits="5" branch="false"/>
            <line number="161" hits="35" branch="true" condition-coverage="100% (2/2)"/>
            <line number="162" hits="34" branch="true" condition-coverage="100% (2/2)"/>
            <line number="163" hits="11" branch="false"/>
            <line number="166" hits="1" branch="true" condition-coverage="50% (1/2)"/>
            <line number="167" hits="0" branch="false"/>
            <line number="171" hits="5" branch="false"/>
            <line number="179" hits="18" branch="false"/>
            <line number="180" hits="6" branch="false"/>
            <line number="181" hits="6" branch="false"/>
            <line number="182" hits="6" branch="false"/>
            <line number="183" hits="6" branch="false"/>
            <line number="184" hits="6" branch="false"/>
            <line number="186" hits="6" branch="false"/>
            <line number="187" hits="6" branch="false"/>
            <line number="188" hits="6" branch="true" condition-coverage="50% (1/2)"/>
            <line number="190" hits="0" branch="false"/>
            <line number="193" hits="6" branch="true" condition-coverage="100% (1/1)"/>
            <line number="195" hits="10" branch="true" condition-coverage="50% (2/4)"/>
            <line number="196" hits="0" branch="false"/>
            <line number="197" hits="0" branch="false"/>
            <line number="200" hits="10" branch="false"/>
            <line number="202" hits="10" branch="false"/>
            <line number="206" hits="6" branch="false"/>
            <line number="208" hits="6" branch="false"/>
            <line number="209" hits="5" branch="false"/>
            <line number="211" hits="6" branch="false"/>
            <line number="215" hits="6" branch="false"/>
            <line number="216" hits="6" branch="false"/>
            <line number="225" hits="18" branch="false"/>
            <line number="226" hits="2" branch="false"/>
            <line number="227" hits="2" branch="true" condition-coverage="75% (3/4)"/>
            <line number="228" hits="0" branch="false"/>
            <line number="233" hits="2" branch="false"/>
            <line number="234" hits="2" branch="false"/>
            <line number="235" hits="2" branch="false"/>
            <line number="237" hits="2" branch="false"/>
            <line number="238" hits="2" branch="false"/>
            <line number="240" hits="2" branch="true" condition-coverage="100% (2/2)"/>
            <line number="241" hits="1" branch="false"/>
            <line number="247" hits="1" branch="false"/>
            <line number="248" hits="1" branch="false"/>
            <line number="257" hits="18" branch="false"/>
            <line number="258" hits="5" branch="false"/>
            <line number="259" hits="5" branch="true" condition-coverage="100% (2/2)"/>
            <line number="260" hits="5" branch="false"/>
            <line number="261" hits="5" branch="false"/>
            <line number="263" hits="5" branch="false"/>
            <line number="264" hits="5" branch="false"/>
            <line number="265" hits="5" branch="false"/>
            <line number="266" hits="5" branch="false"/>
            <line number="269" hits="5" branch="false"/>
            <line number="274" hits="5" branch="true" condition-coverage="100% (2/2)"/>
            <line number="275" hits="2" branch="false"/>
            <line number="279" hits="3" branch="false"/>
            <line number="283" hits="3" branch="true" condition-coverage="50% (1/2)"/>
            <line number="284" hits="0" branch="false"/>
            <line number="285" hits="0" branch="false"/>
            <line number="286" hits="0" branch="false"/>
            <line number="287" hits="0" branch="true" condition-coverage="0% (0/2)"/>
            <line number="288" hits="0" branch="false"/>
            <line number="295" hits="0" branch="false"/>
            <line number="301" hits="0" branch="false"/>
            <line number="308" hits="3" branch="false"/>
            <line number="310" hits="3" branch="true" condition-coverage="50% (1/2)"/>
            <line number="311" hits="0" branch="false"/>
            <line number="317" hits="3" branch="false"/>
            <line number="319" hits="3" branch="true" condition-coverage="100% (4/4)"/>
            <line number="320" hits="1" branch="false"/>
            <line number="326" hits="1" branch="false"/>
            <line number="343" hits="3" branch="false"/>
            <line number="344" hits="3" branch="false"/>
            <line number="346" hits="3" branch="false"/>
            <line number="347" hits="3" branch="false"/>
            <line number="395" hits="3" branch="true" condition-coverage="50% (1/2)"/>
            <line number="396" hits="3" branch="false"/>
            <line number="397" hits="3" branch="false"/>
            <line number="398" hits="3" branch="false"/>
            <line number="399" hits="3" branch="false"/>
            <line number="411" hits="3" branch="false"/>
            <line number="413" hits="3" branch="false"/>
            <line number="414" hits="3" branch="false"/>
            <line number="418" hits="3" branch="true" condition-coverage="60% (3/5)"/>
            <line number="422" hits="3" branch="true" condition-coverage="50% (1/2)"/>
            <line number="423" hits="3" branch="false"/>
            <line number="429" hits="3" branch="false"/>
            <line number="436" hits="3" branch="false"/>
            <line number="437" hits="3" branch="true" condition-coverage="50% (1/2)"/>
            <line number="438" hits="0" branch="false"/>
            <line number="439" hits="0" branch="true" condition-coverage="0% (0/2)"/>
            <line number="440" hits="0" branch="false"/>
            <line number="441" hits="0" branch="false"/>
            <line number="445" hits="3" branch="false"/>
            <line number="448" hits="3" branch="false"/>
            <line number="449" hits="3" branch="false"/>
            <line number="458" hits="18" branch="false"/>
            <line number="459" hits="5" branch="false"/>
            <line number="460" hits="5" branch="false"/>
            <line number="461" hits="5" branch="true" condition-coverage="100% (1/1)"/>
            <line number="465" hits="5" branch="false"/>
            <line number="467" hits="5" branch="true" condition-coverage="100% (1/1)"/>
            <line number="468" hits="5" branch="true" condition-coverage="100% (2/2)"/>
            <line number="469" hits="4" branch="true" condition-coverage="100% (4/4)"/>
            <line number="471" hits="1" branch="false"/>
            <line number="472" hits="1" branch="false"/>
            <line number="474" hits="3" branch="false"/>
            <line number="477" hits="4" branch="true" condition-coverage="100% (2/2)"/>
            <line number="478" hits="1" branch="true" condition-coverage="50% (1/2)"/>
            <line number="479" hits="1" branch="false"/>
            <line number="481" hits="1" branch="false"/>
            <line number="484" hits="4" branch="false"/>
            <line number="485" hits="4" branch="false"/>
            <line number="492" hits="4" branch="false"/>
            <line number="493" hits="4" branch="true" condition-coverage="100% (2/2)"/>
            <line number="494" hits="1" branch="false"/>
            <line number="496" hits="3" branch="false"/>
            <line number="505" hits="18" branch="false"/>
            <line number="506" hits="12" branch="false"/>
            <line number="507" hits="12" branch="false"/>
            <line number="508" hits="12" branch="false"/>
            <line number="509" hits="12" branch="true" condition-coverage="100% (1/1)"/>
            <line number="510" hits="12" branch="false"/>
            <line number="511" hits="12" branch="false"/>
            <line number="512" hits="12" branch="false"/>
            <line number="513" hits="12" branch="false"/>
            <line number="514" hits="12" branch="false"/>
            <line number="515" hits="12" branch="false"/>
            <line number="516" hits="12" branch="false"/>
            <line number="517" hits="12" branch="false"/>
            <line number="523" hits="12" branch="true" condition-coverage="100% (2/2)"/>
            <line number="524" hits="7" branch="false"/>
            <line number="526" hits="5" branch="false"/>
            <line number="528" hits="5" branch="false"/>
            <line number="535" hits="5" branch="true" condition-coverage="50% (1/2)"/>
            <line number="536" hits="5" branch="false"/>
            <line number="537" hits="5" branch="false"/>
            <line number="557" hits="0" branch="false"/>
            <line number="560" hits="5" branch="false"/>
            <line number="561" hits="5" branch="true" condition-coverage="50% (1/2)"/>
            <line number="562" hits="5" branch="true" condition-coverage="50% (1/2)"/>
            <line number="563" hits="5" branch="false"/>
            <line number="573" hits="5" branch="false"/>
            <line number="576" hits="5" branch="false"/>
            <line number="577" hits="5" branch="true" condition-coverage="50% (1/2)"/>
            <line number="578" hits="0" branch="false"/>
            <line number="593" hits="5" branch="false"/>
            <line number="595" hits="5" branch="true" condition-coverage="60% (3/5)"/>
            <line number="596" hits="0" branch="false"/>
            <line number="601" hits="5" branch="false"/>
            <line number="610" hits="5" branch="true" condition-coverage="50% (1/2)"/>
            <line number="612" hits="5" branch="false"/>
            <line number="622" hits="5" branch="false"/>
            <line number="624" hits="5" branch="true" condition-coverage="100% (1/1)"/>
            <line number="626" hits="5" branch="false"/>
            <line number="627" hits="5" branch="true" condition-coverage="50% (1/2)"/>
            <line number="628" hits="0" branch="false"/>
            <line number="629" hits="0" branch="true" condition-coverage="0% (0/2)"/>
            <line number="630" hits="0" branch="false"/>
            <line number="633" hits="5" branch="false"/>
            <line number="635" hits="5" branch="false"/>
            <line number="636" hits="5" branch="false"/>
            <line number="645" hits="18" branch="false"/>
            <line number="646" hits="0" branch="false"/>
            <line number="647" hits="0" branch="false"/>
            <line number="648" hits="0" branch="true" condition-coverage="0% (0/1)"/>
            <line number="649" hits="0" branch="false"/>
            <line number="650" hits="0" branch="false"/>
            <line number="651" hits="0" branch="false"/>
            <line number="654" hits="0" branch="false"/>
            <line number="655" hits="0" branch="true" condition-coverage="0% (0/2)"/>
            <line number="656" hits="0" branch="false"/>
            <line number="662" hits="0" branch="true" condition-coverage="0% (0/2)"/>
            <line number="663" hits="0" branch="false"/>
            <line number="669" hits="0" branch="false"/>
            <line number="670" hits="0" branch="true" condition-coverage="0% (0/2)"/>
            <line number="671" hits="0" branch="false"/>
            <line number="675" hits="0" branch="false"/>
            <line number="676" hits="0" branch="false"/>
            <line number="680" hits="0" branch="true" condition-coverage="0% (0/2)"/>
            <line number="681" hits="0" branch="false"/>
            <line number="683" hits="0" branch="false"/>
            <line number="684" hits="0" branch="false"/>
            <line number="696" hits="0" branch="true" condition-coverage="0% (0/2)"/>
            <line number="697" hits="0" branch="false"/>
            <line number="708" hits="0" branch="false"/>
            <line number="709" hits="0" branch="false"/>
            <line number="713" hits="18" branch="false"/>
          </lines>
        </class>
        <class name="aiDocuments.js" filename="settings-service/app/controllers/aiDocuments.js" line-rate="1" branch-rate="1">
          <methods>
            <method name="(anonymous_0)" hits="20" signature="()V">
              <lines>
                <line number="15" hits="20"/>
              </lines>
            </method>
            <method name="(anonymous_1)" hits="20" signature="()V">
              <lines>
                <line number="21" hits="20"/>
              </lines>
            </method>
            <method name="(anonymous_2)" hits="37" signature="()V">
              <lines>
                <line number="25" hits="37"/>
              </lines>
            </method>
            <method name="(anonymous_3)" hits="10" signature="()V">
              <lines>
                <line number="27" hits="10"/>
              </lines>
            </method>
            <method name="(anonymous_4)" hits="17" signature="()V">
              <lines>
                <line number="31" hits="17"/>
              </lines>
            </method>
            <method name="(anonymous_5)" hits="22" signature="()V">
              <lines>
                <line number="37" hits="22"/>
              </lines>
            </method>
          </methods>
          <lines>
            <line number="6" hits="18" branch="false"/>
            <line number="7" hits="18" branch="false"/>
            <line number="8" hits="18" branch="false"/>
            <line number="9" hits="18" branch="false"/>
            <line number="10" hits="18" branch="false"/>
            <line number="15" hits="18" branch="false"/>
            <line number="16" hits="20" branch="false"/>
            <line number="17" hits="20" branch="false"/>
            <line number="21" hits="20" branch="false"/>
            <line number="22" hits="20" branch="false"/>
            <line number="23" hits="19" branch="false"/>
            <line number="25" hits="19" branch="false"/>
            <line number="26" hits="37" branch="true" condition-coverage="100% (2/2)"/>
            <line number="27" hits="10" branch="false"/>
            <line number="28" hits="9" branch="true" condition-coverage="100% (2/2)"/>
            <line number="30" hits="29" branch="true" condition-coverage="100% (2/2)"/>
            <line number="31" hits="17" branch="false"/>
            <line number="32" hits="10" branch="false"/>
            <line number="34" hits="19" branch="false"/>
            <line number="37" hits="22" branch="false"/>
            <line number="43" hits="19" branch="false"/>
            <line number="46" hits="19" branch="false"/>
            <line number="50" hits="18" branch="false"/>
          </lines>
        </class>
        <class name="aiSettings.js" filename="settings-service/app/controllers/aiSettings.js" line-rate="0.9183" branch-rate="0.7142000000000001">
          <methods>
            <method name="(anonymous_0)" hits="29" signature="()V">
              <lines>
                <line number="12" hits="29"/>
              </lines>
            </method>
            <method name="(anonymous_1)" hits="290" signature="()V">
              <lines>
                <line number="14" hits="290"/>
              </lines>
            </method>
            <method name="(anonymous_2)" hits="0" signature="()V">
              <lines>
                <line number="16" hits="0"/>
              </lines>
            </method>
            <method name="(anonymous_3)" hits="0" signature="()V">
              <lines>
                <line number="20" hits="0"/>
              </lines>
            </method>
            <method name="(anonymous_4)" hits="290" signature="()V">
              <lines>
                <line number="25" hits="290"/>
              </lines>
            </method>
            <method name="(anonymous_5)" hits="8" signature="()V">
              <lines>
                <line number="27" hits="8"/>
              </lines>
            </method>
            <method name="(anonymous_6)" hits="8" signature="()V">
              <lines>
                <line number="30" hits="8"/>
              </lines>
            </method>
            <method name="(anonymous_7)" hits="29" signature="()V">
              <lines>
                <line number="37" hits="29"/>
              </lines>
            </method>
            <method name="(anonymous_8)" hits="29" signature="()V">
              <lines>
                <line number="41" hits="29"/>
              </lines>
            </method>
            <method name="(anonymous_9)" hits="4" signature="()V">
              <lines>
                <line number="74" hits="4"/>
              </lines>
            </method>
            <method name="(anonymous_10)" hits="4" signature="()V">
              <lines>
                <line number="81" hits="4"/>
              </lines>
            </method>
          </methods>
          <lines>
            <line number="6" hits="18" branch="false"/>
            <line number="7" hits="18" branch="false"/>
            <line number="8" hits="18" branch="false"/>
            <line number="9" hits="18" branch="false"/>
            <line number="10" hits="18" branch="false"/>
            <line number="12" hits="18" branch="false"/>
            <line number="13" hits="29" branch="false"/>
            <line number="15" hits="290" branch="true" condition-coverage="50% (1/2)"/>
            <line number="16" hits="0" branch="false"/>
            <line number="17" hits="0" branch="true" condition-coverage="0% (0/2)"/>
            <line number="19" hits="290" branch="true" condition-coverage="50% (1/2)"/>
            <line number="20" hits="0" branch="false"/>
            <line number="21" hits="0" branch="false"/>
            <line number="23" hits="290" branch="false"/>
            <line number="25" hits="290" branch="false"/>
            <line number="27" hits="18" branch="false"/>
            <line number="28" hits="8" branch="false"/>
            <line number="29" hits="8" branch="false"/>
            <line number="30" hits="8" branch="false"/>
            <line number="31" hits="8" branch="false"/>
            <line number="32" hits="8" branch="false"/>
            <line number="33" hits="8" branch="false"/>
            <line number="37" hits="18" branch="false"/>
            <line number="38" hits="29" branch="false"/>
            <line number="39" hits="29" branch="false"/>
            <line number="40" hits="29" branch="false"/>
            <line number="41" hits="29" branch="false"/>
            <line number="42" hits="29" branch="false"/>
            <line number="49" hits="29" branch="false"/>
            <line number="51" hits="29" branch="false"/>
            <line number="52" hits="29" branch="false"/>
            <line number="54" hits="29" branch="false"/>
            <line number="65" hits="29" branch="true" condition-coverage="100% (4/4)"/>
            <line number="66" hits="19" branch="false"/>
            <line number="69" hits="10" branch="false"/>
            <line number="70" hits="10" branch="false"/>
            <line number="74" hits="18" branch="false"/>
            <line number="75" hits="4" branch="false"/>
            <line number="76" hits="4" branch="false"/>
            <line number="77" hits="4" branch="false"/>
            <line number="78" hits="4" branch="false"/>
            <line number="81" hits="4" branch="false"/>
            <line number="82" hits="4" branch="false"/>
            <line number="84" hits="4" branch="true" condition-coverage="100% (4/4)"/>
            <line number="85" hits="2" branch="false"/>
            <line number="88" hits="2" branch="false"/>
            <line number="89" hits="2" branch="false"/>
            <line number="90" hits="2" branch="false"/>
            <line number="94" hits="18" branch="false"/>
          </lines>
        </class>
        <class name="apiDocs.js" filename="settings-service/app/controllers/apiDocs.js" line-rate="0.7142000000000001" branch-rate="1">
          <methods>
            <method name="(anonymous_0)" hits="0" signature="()V">
              <lines>
                <line number="16" hits="0"/>
              </lines>
            </method>
          </methods>
          <lines>
            <line number="1" hits="18" branch="false"/>
            <line number="2" hits="18" branch="false"/>
            <line number="4" hits="18" branch="false"/>
            <line number="6" hits="18" branch="false"/>
            <line number="7" hits="18" branch="false"/>
            <line number="9" hits="18" branch="false"/>
            <line number="10" hits="18" branch="false"/>
            <line number="16" hits="18" branch="false"/>
            <line number="17" hits="0" branch="false"/>
            <line number="18" hits="0" branch="false"/>
            <line number="19" hits="0" branch="false"/>
            <line number="20" hits="0" branch="false"/>
            <line number="23" hits="18" branch="false"/>
            <line number="25" hits="18" branch="false"/>
          </lines>
        </class>
        <class name="categories.js" filename="settings-service/app/controllers/categories.js" line-rate="0.6973999999999999" branch-rate="0.6881999999999999">
          <methods>
            <method name="(anonymous_0)" hits="2" signature="()V">
              <lines>
                <line number="46" hits="2"/>
              </lines>
            </method>
            <method name="(anonymous_1)" hits="1" signature="()V">
              <lines>
                <line number="53" hits="1"/>
              </lines>
            </method>
            <method name="(anonymous_2)" hits="1" signature="()V">
              <lines>
                <line number="54" hits="1"/>
              </lines>
            </method>
            <method name="(anonymous_3)" hits="12" signature="()V">
              <lines>
                <line number="64" hits="12"/>
              </lines>
            </method>
            <method name="(anonymous_4)" hits="1" signature="()V">
              <lines>
                <line number="84" hits="1"/>
              </lines>
            </method>
            <method name="(anonymous_5)" hits="1" signature="()V">
              <lines>
                <line number="87" hits="1"/>
              </lines>
            </method>
            <method name="(anonymous_6)" hits="3" signature="()V">
              <lines>
                <line number="124" hits="3"/>
              </lines>
            </method>
            <method name="(anonymous_7)" hits="3" signature="()V">
              <lines>
                <line number="130" hits="3"/>
              </lines>
            </method>
            <method name="(anonymous_8)" hits="8" signature="()V">
              <lines>
                <line number="183" hits="8"/>
              </lines>
            </method>
            <method name="(anonymous_9)" hits="8" signature="()V">
              <lines>
                <line number="187" hits="8"/>
              </lines>
            </method>
            <method name="(anonymous_10)" hits="9" signature="()V">
              <lines>
                <line number="191" hits="9"/>
              </lines>
            </method>
            <method name="(anonymous_11)" hits="4" signature="()V">
              <lines>
                <line number="198" hits="4"/>
              </lines>
            </method>
            <method name="(anonymous_12)" hits="4" signature="()V">
              <lines>
                <line number="235" hits="4"/>
              </lines>
            </method>
            <method name="(anonymous_13)" hits="10" signature="()V">
              <lines>
                <line number="238" hits="10"/>
              </lines>
            </method>
            <method name="(anonymous_14)" hits="4" signature="()V">
              <lines>
                <line number="241" hits="4"/>
              </lines>
            </method>
            <method name="(anonymous_15)" hits="2" signature="()V">
              <lines>
                <line number="258" hits="2"/>
              </lines>
            </method>
            <method name="(anonymous_16)" hits="2" signature="()V">
              <lines>
                <line number="270" hits="2"/>
              </lines>
            </method>
            <method name="(anonymous_17)" hits="6" signature="()V">
              <lines>
                <line number="278" hits="6"/>
              </lines>
            </method>
            <method name="(anonymous_18)" hits="1" signature="()V">
              <lines>
                <line number="309" hits="1"/>
              </lines>
            </method>
            <method name="(anonymous_19)" hits="0" signature="()V">
              <lines>
                <line number="334" hits="0"/>
              </lines>
            </method>
            <method name="(anonymous_20)" hits="24" signature="()V">
              <lines>
                <line number="363" hits="24"/>
              </lines>
            </method>
            <method name="(anonymous_21)" hits="24" signature="()V">
              <lines>
                <line number="370" hits="24"/>
              </lines>
            </method>
            <method name="(anonymous_22)" hits="0" signature="()V">
              <lines>
                <line number="503" hits="0"/>
              </lines>
            </method>
            <method name="(anonymous_23)" hits="1" signature="()V">
              <lines>
                <line number="583" hits="1"/>
              </lines>
            </method>
            <method name="(anonymous_24)" hits="1" signature="()V">
              <lines>
                <line number="596" hits="1"/>
              </lines>
            </method>
            <method name="(anonymous_25)" hits="14" signature="()V">
              <lines>
                <line number="649" hits="14"/>
              </lines>
            </method>
            <method name="(anonymous_26)" hits="14" signature="()V">
              <lines>
                <line number="656" hits="14"/>
              </lines>
            </method>
            <method name="(anonymous_27)" hits="8" signature="()V">
              <lines>
                <line number="739" hits="8"/>
              </lines>
            </method>
            <method name="(anonymous_28)" hits="0" signature="()V">
              <lines>
                <line number="759" hits="0"/>
              </lines>
            </method>
            <method name="(anonymous_29)" hits="0" signature="()V">
              <lines>
                <line number="760" hits="0"/>
              </lines>
            </method>
            <method name="(anonymous_30)" hits="0" signature="()V">
              <lines>
                <line number="788" hits="0"/>
              </lines>
            </method>
            <method name="(anonymous_31)" hits="0" signature="()V">
              <lines>
                <line number="789" hits="0"/>
              </lines>
            </method>
            <method name="(anonymous_32)" hits="0" signature="()V">
              <lines>
                <line number="802" hits="0"/>
              </lines>
            </method>
            <method name="(anonymous_33)" hits="0" signature="()V">
              <lines>
                <line number="803" hits="0"/>
              </lines>
            </method>
            <method name="(anonymous_34)" hits="3" signature="()V">
              <lines>
                <line number="811" hits="3"/>
              </lines>
            </method>
            <method name="(anonymous_35)" hits="3" signature="()V">
              <lines>
                <line number="818" hits="3"/>
              </lines>
            </method>
            <method name="(anonymous_36)" hits="19" signature="()V">
              <lines>
                <line number="836" hits="19"/>
              </lines>
            </method>
            <method name="(anonymous_37)" hits="19" signature="()V">
              <lines>
                <line number="845" hits="19"/>
              </lines>
            </method>
            <method name="(anonymous_38)" hits="13" signature="()V">
              <lines>
                <line number="881" hits="13"/>
              </lines>
            </method>
            <method name="(anonymous_39)" hits="13" signature="()V">
              <lines>
                <line number="890" hits="13"/>
              </lines>
            </method>
            <method name="(anonymous_40)" hits="0" signature="()V">
              <lines>
                <line number="914" hits="0"/>
              </lines>
            </method>
            <method name="(anonymous_41)" hits="0" signature="()V">
              <lines>
                <line number="921" hits="0"/>
              </lines>
            </method>
            <method name="(anonymous_42)" hits="0" signature="()V">
              <lines>
                <line number="941" hits="0"/>
              </lines>
            </method>
            <method name="(anonymous_43)" hits="0" signature="()V">
              <lines>
                <line number="948" hits="0"/>
              </lines>
            </method>
            <method name="(anonymous_44)" hits="0" signature="()V">
              <lines>
                <line number="969" hits="0"/>
              </lines>
            </method>
            <method name="(anonymous_45)" hits="0" signature="()V">
              <lines>
                <line number="974" hits="0"/>
              </lines>
            </method>
          </methods>
          <lines>
            <line number="1" hits="18" branch="false"/>
            <line number="2" hits="18" branch="false"/>
            <line number="3" hits="18" branch="false"/>
            <line number="4" hits="18" branch="false"/>
            <line number="5" hits="18" branch="false"/>
            <line number="10" hits="18" branch="false"/>
            <line number="19" hits="18" branch="false"/>
            <line number="20" hits="18" branch="false"/>
            <line number="21" hits="18" branch="false"/>
            <line number="34" hits="18" branch="false"/>
            <line number="43" hits="18" branch="false"/>
            <line number="46" hits="18" branch="false"/>
            <line number="47" hits="2" branch="false"/>
            <line number="48" hits="2" branch="false"/>
            <line number="49" hits="2" branch="false"/>
            <line number="50" hits="2" branch="false"/>
            <line number="53" hits="18" branch="true" condition-coverage="0% (0/1)"/>
            <line number="54" hits="1" branch="false"/>
            <line number="55" hits="1" branch="false"/>
            <line number="56" hits="1" branch="true" condition-coverage="50% (1/2)"/>
            <line number="57" hits="1" branch="true" condition-coverage="50% (1/2)"/>
            <line number="58" hits="1" branch="false"/>
            <line number="60" hits="1" branch="true" condition-coverage="50% (1/2)"/>
            <line number="61" hits="0" branch="false"/>
            <line number="64" hits="18" branch="false"/>
            <line number="65" hits="12" branch="true" condition-coverage="75% (3/4)"/>
            <line number="67" hits="0" branch="false"/>
            <line number="84" hits="18" branch="false"/>
            <line number="85" hits="1" branch="false"/>
            <line number="86" hits="1" branch="false"/>
            <line number="87" hits="1" branch="false"/>
            <line number="88" hits="1" branch="false"/>
            <line number="90" hits="1" branch="true" condition-coverage="50% (1/2)"/>
            <line number="96" hits="0" branch="false"/>
            <line number="97" hits="0" branch="false"/>
            <line number="103" hits="0" branch="false"/>
            <line number="109" hits="1" branch="true" condition-coverage="50% (1/2)"/>
            <line number="110" hits="1" branch="false"/>
            <line number="111" hits="1" branch="true" condition-coverage="50% (1/2)"/>
            <line number="112" hits="1" branch="false"/>
            <line number="114" hits="0" branch="false"/>
            <line number="115" hits="0" branch="false"/>
            <line number="124" hits="18" branch="false"/>
            <line number="125" hits="3" branch="false"/>
            <line number="126" hits="3" branch="false"/>
            <line number="130" hits="3" branch="false"/>
            <line number="131" hits="3" branch="false"/>
            <line number="132" hits="3" branch="false"/>
            <line number="134" hits="3" branch="false"/>
            <line number="135" hits="3" branch="true" condition-coverage="100% (2/2)"/>
            <line number="136" hits="1" branch="false"/>
            <line number="142" hits="1" branch="false"/>
            <line number="149" hits="2" branch="false"/>
            <line number="157" hits="2" branch="true" condition-coverage="100% (2/2)"/>
            <line number="158" hits="1" branch="false"/>
            <line number="164" hits="1" branch="false"/>
            <line number="171" hits="1" branch="false"/>
            <line number="174" hits="1" branch="false"/>
            <line number="183" hits="18" branch="false"/>
            <line number="184" hits="8" branch="false"/>
            <line number="185" hits="8" branch="false"/>
            <line number="186" hits="8" branch="false"/>
            <line number="187" hits="8" branch="false"/>
            <line number="188" hits="8" branch="false"/>
            <line number="189" hits="8" branch="false"/>
            <line number="191" hits="8" branch="false"/>
            <line number="192" hits="9" branch="false"/>
            <line number="196" hits="8" branch="true" condition-coverage="100% (2/2)"/>
            <line number="198" hits="4" branch="true" condition-coverage="100% (2/2)"/>
            <line number="201" hits="8" branch="true" condition-coverage="100% (4/4)"/>
            <line number="202" hits="1" branch="false"/>
            <line number="209" hits="7" branch="false"/>
            <line number="210" hits="7" branch="true" condition-coverage="100% (2/2)"/>
            <line number="211" hits="6" branch="false"/>
            <line number="217" hits="7" branch="true" condition-coverage="100% (2/2)"/>
            <line number="222" hits="1" branch="false"/>
            <line number="234" hits="6" branch="true" condition-coverage="100% (2/2)"/>
            <line number="235" hits="4" branch="false"/>
            <line number="236" hits="4" branch="false"/>
            <line number="238" hits="4" branch="false"/>
            <line number="239" hits="10" branch="false"/>
            <line number="241" hits="4" branch="false"/>
            <line number="242" hits="4" branch="false"/>
            <line number="247" hits="4" branch="true" condition-coverage="100% (2/2)"/>
            <line number="248" hits="1" branch="false"/>
            <line number="255" hits="5" branch="true" condition-coverage="100% (2/2)"/>
            <line number="256" hits="2" branch="false"/>
            <line number="258" hits="2" branch="false"/>
            <line number="259" hits="2" branch="false"/>
            <line number="260" hits="2" branch="false"/>
            <line number="261" hits="2" branch="true" condition-coverage="50% (1/2)"/>
            <line number="262" hits="0" branch="false"/>
            <line number="263" hits="0" branch="false"/>
            <line number="264" hits="0" branch="false"/>
            <line number="266" hits="2" branch="false"/>
            <line number="267" hits="2" branch="false"/>
            <line number="269" hits="2" branch="false"/>
            <line number="270" hits="2" branch="false"/>
            <line number="272" hits="2" branch="true" condition-coverage="50% (1/2)"/>
            <line number="273" hits="0" branch="false"/>
            <line number="274" hits="0" branch="false"/>
            <line number="275" hits="0" branch="false"/>
            <line number="277" hits="2" branch="false"/>
            <line number="278" hits="6" branch="false"/>
            <line number="280" hits="2" branch="true" condition-coverage="50% (2/4)"/>
            <line number="281" hits="0" branch="false"/>
            <line number="282" hits="0" branch="false"/>
            <line number="283" hits="0" branch="false"/>
            <line number="285" hits="2" branch="true" condition-coverage="50% (1/2)"/>
            <line number="287" hits="5" branch="true" condition-coverage="100% (2/2)"/>
            <line number="292" hits="1" branch="false"/>
            <line number="297" hits="1" branch="true" condition-coverage="75% (3/4)"/>
            <line number="298" hits="0" branch="false"/>
            <line number="309" hits="1" branch="false"/>
            <line number="310" hits="1" branch="true" condition-coverage="50% (1/2)"/>
            <line number="312" hits="1" branch="true" condition-coverage="100% (2/2)"/>
            <line number="313" hits="1" branch="true" condition-coverage="50% (2/4)"/>
            <line number="315" hits="0" branch="false"/>
            <line number="316" hits="0" branch="false"/>
            <line number="319" hits="1" branch="false"/>
            <line number="323" hits="5" branch="false"/>
            <line number="330" hits="5" branch="true" condition-coverage="50% (1/2)"/>
            <line number="331" hits="0" branch="false"/>
            <line number="333" hits="5" branch="true" condition-coverage="80% (4/5)"/>
            <line number="334" hits="0" branch="false"/>
            <line number="335" hits="0" branch="false"/>
            <line number="346" hits="0" branch="false"/>
            <line number="348" hits="5" branch="true" condition-coverage="100% (2/2)"/>
            <line number="349" hits="1" branch="false"/>
            <line number="351" hits="4" branch="false"/>
            <line number="354" hits="4" branch="false"/>
            <line number="363" hits="18" branch="false"/>
            <line number="364" hits="24" branch="false"/>
            <line number="365" hits="24" branch="false"/>
            <line number="366" hits="24" branch="false"/>
            <line number="367" hits="24" branch="false"/>
            <line number="370" hits="24" branch="false"/>
            <line number="371" hits="24" branch="false"/>
            <line number="372" hits="24" branch="false"/>
            <line number="373" hits="24" branch="false"/>
            <line number="375" hits="24" branch="true" condition-coverage="100% (4/4)"/>
            <line number="376" hits="22" branch="false"/>
            <line number="377" hits="22" branch="true" condition-coverage="100% (2/2)"/>
            <line number="378" hits="1" branch="false"/>
            <line number="385" hits="23" branch="true" condition-coverage="50% (1/2)"/>
            <line number="386" hits="0" branch="false"/>
            <line number="387" hits="0" branch="true" condition-coverage="0% (0/2)"/>
            <line number="388" hits="0" branch="false"/>
            <line number="393" hits="0" branch="false"/>
            <line number="395" hits="23" branch="false"/>
            <line number="396" hits="23" branch="true" condition-coverage="100% (2/2)"/>
            <line number="397" hits="23" branch="true" condition-coverage="100% (2/2)"/>
            <line number="398" hits="22" branch="false"/>
            <line number="399" hits="22" branch="true" condition-coverage="100% (2/2)"/>
            <line number="400" hits="1" branch="false"/>
            <line number="403" hits="22" branch="true" condition-coverage="100% (4/4)"/>
            <line number="404" hits="12" branch="false"/>
            <line number="408" hits="12" branch="true" condition-coverage="100% (2/2)"/>
            <line number="409" hits="4" branch="false"/>
            <line number="413" hits="18" branch="true" condition-coverage="100% (2/2)"/>
            <line number="414" hits="18" branch="false"/>
            <line number="415" hits="18" branch="false"/>
            <line number="417" hits="18" branch="true" condition-coverage="100% (2/2)"/>
            <line number="418" hits="1" branch="false"/>
            <line number="421" hits="17" branch="false"/>
            <line number="422" hits="17" branch="true" condition-coverage="100% (6/6)"/>
            <line number="423" hits="1" branch="false"/>
            <line number="427" hits="16" branch="true" condition-coverage="100% (3/3)"/>
            <line number="429" hits="16" branch="true" condition-coverage="100% (2/2)"/>
            <line number="430" hits="15" branch="false"/>
            <line number="434" hits="15" branch="true" condition-coverage="100% (2/2)"/>
            <line number="435" hits="2" branch="false"/>
            <line number="438" hits="14" branch="true" condition-coverage="100% (2/2)"/>
            <line number="439" hits="10" branch="true" condition-coverage="100% (2/2)"/>
            <line number="440" hits="7" branch="false"/>
            <line number="444" hits="7" branch="true" condition-coverage="100% (2/2)"/>
            <line number="445" hits="3" branch="false"/>
            <line number="451" hits="7" branch="false"/>
            <line number="456" hits="7" branch="true" condition-coverage="50% (1/2)"/>
            <line number="457" hits="0" branch="false"/>
            <line number="459" hits="4" branch="true" condition-coverage="100% (2/2)"/>
            <line number="461" hits="2" branch="false"/>
            <line number="466" hits="2" branch="true" condition-coverage="50% (1/2)"/>
            <line number="467" hits="0" branch="false"/>
            <line number="470" hits="11" branch="false"/>
            <line number="471" hits="11" branch="true" condition-coverage="50% (1/2)"/>
            <line number="472" hits="0" branch="false"/>
            <line number="474" hits="0" branch="false"/>
            <line number="475" hits="0" branch="true" condition-coverage="0% (0/4)"/>
            <line number="476" hits="0" branch="true" condition-coverage="0% (0/2)"/>
            <line number="477" hits="0" branch="false"/>
            <line number="482" hits="0" branch="true" condition-coverage="0% (0/4)"/>
            <line number="483" hits="0" branch="false"/>
            <line number="490" hits="0" branch="true" condition-coverage="0% (0/2)"/>
            <line number="491" hits="0" branch="true" condition-coverage="0% (0/4)"/>
            <line number="492" hits="0" branch="false"/>
            <line number="493" hits="0" branch="false"/>
            <line number="497" hits="11" branch="true" condition-coverage="50% (1/2)"/>
            <line number="499" hits="0" branch="false"/>
            <line number="503" hits="0" branch="false"/>
            <line number="504" hits="0" branch="false"/>
            <line number="511" hits="0" branch="true" condition-coverage="0% (0/2)"/>
            <line number="513" hits="0" branch="false"/>
            <line number="520" hits="0" branch="true" condition-coverage="0% (0/2)"/>
            <line number="521" hits="0" branch="false"/>
            <line number="523" hits="0" branch="true" condition-coverage="0% (0/2)"/>
            <line number="524" hits="0" branch="false"/>
            <line number="537" hits="11" branch="false"/>
            <line number="544" hits="11" branch="true" condition-coverage="100% (2/2)"/>
            <line number="548" hits="11" branch="false"/>
            <line number="558" hits="11" branch="true" condition-coverage="50% (1/2)"/>
            <line number="559" hits="0" branch="false"/>
            <line number="561" hits="11" branch="false"/>
            <line number="562" hits="11" branch="true" condition-coverage="50% (1/2)"/>
            <line number="563" hits="0" branch="false"/>
            <line number="564" hits="0" branch="false"/>
            <line number="566" hits="11" branch="true" condition-coverage="100% (2/2)"/>
            <line number="567" hits="10" branch="false"/>
            <line number="571" hits="1" branch="false"/>
            <line number="574" hits="1" branch="false"/>
            <line number="583" hits="18" branch="false"/>
            <line number="588" hits="1" branch="false"/>
            <line number="589" hits="1" branch="false"/>
            <line number="590" hits="1" branch="false"/>
            <line number="596" hits="1" branch="false"/>
            <line number="597" hits="1" branch="true" condition-coverage="50% (1/2)"/>
            <line number="598" hits="0" branch="false"/>
            <line number="601" hits="1" branch="false"/>
            <line number="603" hits="1" branch="true" condition-coverage="50% (1/2)"/>
            <line number="604" hits="1" branch="false"/>
            <line number="610" hits="1" branch="false"/>
            <line number="614" hits="0" branch="true" condition-coverage="0% (0/2)"/>
            <line number="615" hits="0" branch="true" condition-coverage="0% (0/4)"/>
            <line number="616" hits="0" branch="false"/>
            <line number="619" hits="0" branch="false"/>
            <line number="626" hits="0" branch="true" condition-coverage="0% (0/2)"/>
            <line number="627" hits="0" branch="false"/>
            <line number="629" hits="0" branch="true" condition-coverage="0% (0/2)"/>
            <line number="630" hits="0" branch="false"/>
            <line number="637" hits="0" branch="false"/>
            <line number="640" hits="0" branch="false"/>
            <line number="649" hits="18" branch="false"/>
            <line number="650" hits="14" branch="false"/>
            <line number="651" hits="14" branch="false"/>
            <line number="652" hits="14" branch="false"/>
            <line number="653" hits="14" branch="false"/>
            <line number="656" hits="14" branch="false"/>
            <line number="658" hits="14" branch="true" condition-coverage="50% (1/2)"/>
            <line number="659" hits="0" branch="false"/>
            <line number="662" hits="14" branch="false"/>
            <line number="664" hits="14" branch="true" condition-coverage="100% (2/2)"/>
            <line number="665" hits="1" branch="false"/>
            <line number="671" hits="1" branch="false"/>
            <line number="675" hits="13" branch="true" condition-coverage="100% (2/2)"/>
            <line number="679" hits="13" branch="true" condition-coverage="100% (2/2)"/>
            <line number="680" hits="13" branch="false"/>
            <line number="686" hits="13" branch="true" condition-coverage="100% (2/2)"/>
            <line number="688" hits="13" branch="true" condition-coverage="100% (2/2)"/>
            <line number="691" hits="13" branch="true" condition-coverage="100% (3/3)"/>
            <line number="693" hits="13" branch="true" condition-coverage="100% (4/4)"/>
            <line number="694" hits="2" branch="false"/>
            <line number="695" hits="2" branch="false"/>
            <line number="698" hits="11" branch="true" condition-coverage="100% (2/2)"/>
            <line number="699" hits="1" branch="false"/>
            <line number="701" hits="10" branch="true" condition-coverage="100% (4/4)"/>
            <line number="702" hits="1" branch="false"/>
            <line number="704" hits="9" branch="true" condition-coverage="100% (4/4)"/>
            <line number="705" hits="1" branch="false"/>
            <line number="709" hits="8" branch="true" condition-coverage="100% (2/2)"/>
            <line number="714" hits="1" branch="false"/>
            <line number="715" hits="1" branch="true" condition-coverage="50% (1/2)"/>
            <line number="716" hits="0" branch="false"/>
            <line number="718" hits="1" branch="true" condition-coverage="50% (1/2)"/>
            <line number="719" hits="0" branch="false"/>
            <line number="727" hits="8" branch="false"/>
            <line number="733" hits="8" branch="true" condition-coverage="50% (1/2)"/>
            <line number="734" hits="0" branch="false"/>
            <line number="736" hits="8" branch="true" condition-coverage="100% (2/2)"/>
            <line number="737" hits="7" branch="false"/>
            <line number="738" hits="7" branch="false"/>
            <line number="739" hits="8" branch="false"/>
            <line number="741" hits="7" branch="true" condition-coverage="100% (2/2)"/>
            <line number="742" hits="1" branch="false"/>
            <line number="745" hits="1" branch="false"/>
            <line number="747" hits="7" branch="false"/>
            <line number="750" hits="7" branch="false"/>
            <line number="759" hits="18" branch="false"/>
            <line number="760" hits="0" branch="false"/>
            <line number="761" hits="0" branch="false"/>
            <line number="762" hits="0" branch="false"/>
            <line number="765" hits="0" branch="false"/>
            <line number="772" hits="0" branch="false"/>
            <line number="773" hits="0" branch="false"/>
            <line number="782" hits="0" branch="false"/>
            <line number="783" hits="0" branch="false"/>
            <line number="784" hits="0" branch="false"/>
            <line number="788" hits="18" branch="false"/>
            <line number="789" hits="0" branch="false"/>
            <line number="790" hits="0" branch="false"/>
            <line number="791" hits="0" branch="false"/>
            <line number="792" hits="0" branch="false"/>
            <line number="793" hits="0" branch="false"/>
            <line number="797" hits="0" branch="false"/>
            <line number="798" hits="0" branch="false"/>
            <line number="802" hits="18" branch="false"/>
            <line number="803" hits="0" branch="false"/>
            <line number="804" hits="0" branch="false"/>
            <line number="805" hits="0" branch="false"/>
            <line number="806" hits="0" branch="false"/>
            <line number="807" hits="0" branch="true" condition-coverage="0% (0/2)"/>
            <line number="811" hits="18" branch="false"/>
            <line number="812" hits="3" branch="false"/>
            <line number="813" hits="3" branch="false"/>
            <line number="814" hits="3" branch="false"/>
            <line number="815" hits="3" branch="false"/>
            <line number="816" hits="3" branch="false"/>
            <line number="818" hits="3" branch="false"/>
            <line number="820" hits="3" branch="true" condition-coverage="100% (2/2)"/>
            <line number="821" hits="3" branch="true" condition-coverage="100% (4/4)"/>
            <line number="822" hits="1" branch="false"/>
            <line number="824" hits="2" branch="true" condition-coverage="100% (2/2)"/>
            <line number="825" hits="1" branch="false"/>
            <line number="827" hits="1" branch="false"/>
            <line number="836" hits="18" branch="false"/>
            <line number="837" hits="19" branch="false"/>
            <line number="838" hits="19" branch="false"/>
            <line number="839" hits="19" branch="false"/>
            <line number="840" hits="19" branch="false"/>
            <line number="841" hits="19" branch="false"/>
            <line number="843" hits="19" branch="false"/>
            <line number="845" hits="19" branch="false"/>
            <line number="846" hits="19" branch="false"/>
            <line number="848" hits="19" branch="true" condition-coverage="100% (2/2)"/>
            <line number="852" hits="2" branch="false"/>
            <line number="853" hits="2" branch="false"/>
            <line number="856" hits="17" branch="false"/>
            <line number="858" hits="17" branch="false"/>
            <line number="860" hits="17" branch="false"/>
            <line number="867" hits="17" branch="true" condition-coverage="100% (2/2)"/>
            <line number="868" hits="10" branch="false"/>
            <line number="871" hits="7" branch="false"/>
            <line number="872" hits="7" branch="false"/>
            <line number="881" hits="18" branch="false"/>
            <line number="882" hits="13" branch="false"/>
            <line number="883" hits="13" branch="false"/>
            <line number="884" hits="13" branch="false"/>
            <line number="885" hits="13" branch="false"/>
            <line number="886" hits="13" branch="false"/>
            <line number="888" hits="13" branch="false"/>
            <line number="890" hits="13" branch="false"/>
            <line number="891" hits="13" branch="false"/>
            <line number="893" hits="13" branch="false"/>
            <line number="900" hits="13" branch="true" condition-coverage="100% (2/2)"/>
            <line number="901" hits="8" branch="false"/>
            <line number="904" hits="5" branch="false"/>
            <line number="905" hits="5" branch="false"/>
            <line number="914" hits="18" branch="false"/>
            <line number="915" hits="0" branch="false"/>
            <line number="916" hits="0" branch="false"/>
            <line number="917" hits="0" branch="false"/>
            <line number="919" hits="0" branch="false"/>
            <line number="921" hits="0" branch="false"/>
            <line number="922" hits="0" branch="false"/>
            <line number="927" hits="0" branch="true" condition-coverage="0% (0/2)"/>
            <line number="928" hits="0" branch="false"/>
            <line number="931" hits="0" branch="false"/>
            <line number="932" hits="0" branch="false"/>
            <line number="941" hits="18" branch="false"/>
            <line number="942" hits="0" branch="false"/>
            <line number="943" hits="0" branch="false"/>
            <line number="944" hits="0" branch="false"/>
            <line number="946" hits="0" branch="false"/>
            <line number="948" hits="0" branch="false"/>
            <line number="949" hits="0" branch="false"/>
            <line number="954" hits="0" branch="true" condition-coverage="0% (0/2)"/>
            <line number="955" hits="0" branch="false"/>
            <line number="958" hits="0" branch="false"/>
            <line number="959" hits="0" branch="false"/>
            <line number="969" hits="18" branch="false"/>
            <line number="970" hits="0" branch="false"/>
            <line number="971" hits="0" branch="false"/>
            <line number="972" hits="0" branch="false"/>
            <line number="973" hits="0" branch="false"/>
            <line number="974" hits="0" branch="false"/>
            <line number="975" hits="0" branch="false"/>
            <line number="979" hits="0" branch="true" condition-coverage="0% (0/2)"/>
            <line number="980" hits="0" branch="false"/>
            <line number="982" hits="0" branch="false"/>
            <line number="983" hits="0" branch="false"/>
            <line number="987" hits="18" branch="false"/>
          </lines>
        </class>
        <class name="company.js" filename="settings-service/app/controllers/company.js" line-rate="0.7021999999999999" branch-rate="0.6842">
          <methods>
            <method name="(anonymous_0)" hits="22" signature="()V">
              <lines>
                <line number="38" hits="22"/>
              </lines>
            </method>
            <method name="(anonymous_1)" hits="15" signature="()V">
              <lines>
                <line number="62" hits="15"/>
              </lines>
            </method>
            <method name="(anonymous_2)" hits="15" signature="()V">
              <lines>
                <line number="76" hits="15"/>
              </lines>
            </method>
            <method name="(anonymous_3)" hits="15" signature="()V">
              <lines>
                <line number="85" hits="15"/>
              </lines>
            </method>
            <method name="(anonymous_4)" hits="60" signature="()V">
              <lines>
                <line number="92" hits="60"/>
              </lines>
            </method>
            <method name="(anonymous_5)" hits="17" signature="()V">
              <lines>
                <line number="110" hits="17"/>
              </lines>
            </method>
            <method name="(anonymous_6)" hits="17" signature="()V">
              <lines>
                <line number="113" hits="17"/>
              </lines>
            </method>
            <method name="(anonymous_7)" hits="8" signature="()V">
              <lines>
                <line number="117" hits="8"/>
              </lines>
            </method>
            <method name="(anonymous_8)" hits="6" signature="()V">
              <lines>
                <line number="132" hits="6"/>
              </lines>
            </method>
            <method name="(anonymous_9)" hits="6" signature="()V">
              <lines>
                <line number="133" hits="6"/>
              </lines>
            </method>
            <method name="(anonymous_10)" hits="2" signature="()V">
              <lines>
                <line number="149" hits="2"/>
              </lines>
            </method>
            <method name="(anonymous_11)" hits="2" signature="()V">
              <lines>
                <line number="150" hits="2"/>
              </lines>
            </method>
            <method name="(anonymous_12)" hits="5" signature="()V">
              <lines>
                <line number="167" hits="5"/>
              </lines>
            </method>
            <method name="(anonymous_13)" hits="5" signature="()V">
              <lines>
                <line number="171" hits="5"/>
              </lines>
            </method>
            <method name="(anonymous_14)" hits="2" signature="()V">
              <lines>
                <line number="212" hits="2"/>
              </lines>
            </method>
            <method name="(anonymous_15)" hits="0" signature="()V">
              <lines>
                <line number="271" hits="0"/>
              </lines>
            </method>
            <method name="(anonymous_16)" hits="0" signature="()V">
              <lines>
                <line number="274" hits="0"/>
              </lines>
            </method>
            <method name="(anonymous_17)" hits="0" signature="()V">
              <lines>
                <line number="292" hits="0"/>
              </lines>
            </method>
            <method name="(anonymous_18)" hits="0" signature="()V">
              <lines>
                <line number="296" hits="0"/>
              </lines>
            </method>
            <method name="(anonymous_19)" hits="0" signature="()V">
              <lines>
                <line number="344" hits="0"/>
              </lines>
            </method>
            <method name="(anonymous_20)" hits="0" signature="()V">
              <lines>
                <line number="348" hits="0"/>
              </lines>
            </method>
            <method name="(anonymous_21)" hits="0" signature="()V">
              <lines>
                <line number="392" hits="0"/>
              </lines>
            </method>
            <method name="(anonymous_22)" hits="0" signature="()V">
              <lines>
[...]
            <line number="384" hits="30" branch="false"/>
            <line number="385" hits="3" branch="false"/>
            <line number="386" hits="3" branch="false"/>
            <line number="388" hits="1" branch="false"/>
            <line number="392" hits="30" branch="false"/>
            <line number="399" hits="30" branch="false"/>
            <line number="400" hits="16" branch="true" condition-coverage="75% (3/4)"/>
            <line number="401" hits="0" branch="false"/>
            <line number="403" hits="16" branch="false"/>
            <line number="404" hits="16" branch="false"/>
            <line number="405" hits="53" branch="true" condition-coverage="100% (2/2)"/>
            <line number="406" hits="17" branch="false"/>
            <line number="407" hits="17" branch="true" condition-coverage="100% (2/2)"/>
            <line number="408" hits="11" branch="false"/>
            <line number="410" hits="10" branch="true" condition-coverage="100% (2/2)"/>
            <line number="411" hits="1" branch="false"/>
            <line number="413" hits="9" branch="false"/>
            <line number="416" hits="30" branch="false"/>
            <line number="417" hits="23" branch="false"/>
            <line number="418" hits="23" branch="false"/>
            <line number="420" hits="23" branch="true" condition-coverage="100% (2/2)"/>
            <line number="421" hits="2" branch="false"/>
            <line number="422" hits="2" branch="false"/>
            <line number="425" hits="21" branch="true" condition-coverage="100% (2/2)"/>
            <line number="426" hits="1" branch="false"/>
            <line number="427" hits="1" branch="false"/>
            <line number="430" hits="20" branch="false"/>
            <line number="431" hits="20" branch="false"/>
            <line number="435" hits="20" branch="true" condition-coverage="100% (2/2)"/>
            <line number="436" hits="20" branch="false"/>
            <line number="437" hits="20" branch="true" condition-coverage="100% (2/2)"/>
            <line number="438" hits="4" branch="false"/>
            <line number="439" hits="4" branch="false"/>
            <line number="442" hits="16" branch="false"/>
            <line number="443" hits="16" branch="true" condition-coverage="100% (2/2)"/>
            <line number="444" hits="7" branch="false"/>
            <line number="445" hits="7" branch="false"/>
            <line number="448" hits="9" branch="true" condition-coverage="100% (2/2)"/>
            <line number="449" hits="8" branch="false"/>
            <line number="450" hits="8" branch="true" condition-coverage="100% (2/2)"/>
            <line number="454" hits="2" branch="false"/>
            <line number="455" hits="2" branch="false"/>
            <line number="459" hits="7" branch="false"/>
            <line number="460" hits="7" branch="false"/>
            <line number="461" hits="7" branch="false"/>
            <line number="466" hits="3" branch="true" condition-coverage="100% (2/2)"/>
            <line number="468" hits="2" branch="false"/>
            <line number="471" hits="2" branch="false"/>
            <line number="473" hits="1" branch="false"/>
            <line number="476" hits="4" branch="false"/>
            <line number="477" hits="4" branch="false"/>
            <line number="478" hits="4" branch="false"/>
            <line number="479" hits="4" branch="false"/>
            <line number="501" hits="30" branch="false"/>
            <line number="502" hits="17" branch="false"/>
            <line number="503" hits="17" branch="false"/>
            <line number="505" hits="17" branch="true" condition-coverage="100% (2/2)"/>
            <line number="506" hits="2" branch="false"/>
            <line number="507" hits="2" branch="false"/>
            <line number="510" hits="15" branch="true" condition-coverage="100% (2/2)"/>
            <line number="511" hits="2" branch="false"/>
            <line number="512" hits="2" branch="false"/>
            <line number="515" hits="13" branch="false"/>
            <line number="516" hits="13" branch="false"/>
            <line number="520" hits="13" branch="false"/>
            <line number="521" hits="13" branch="true" condition-coverage="100% (2/2)"/>
            <line number="522" hits="3" branch="false"/>
            <line number="523" hits="3" branch="false"/>
            <line number="526" hits="10" branch="true" condition-coverage="100% (2/2)"/>
            <line number="527" hits="2" branch="false"/>
            <line number="528" hits="2" branch="false"/>
            <line number="536" hits="8" branch="false"/>
            <line number="537" hits="8" branch="true" condition-coverage="100% (2/2)"/>
            <line number="538" hits="8" branch="true" condition-coverage="100% (2/2)"/>
            <line number="539" hits="2" branch="false"/>
            <line number="542" hits="2" branch="false"/>
            <line number="545" hits="6" branch="false"/>
            <line number="546" hits="6" branch="false"/>
            <line number="551" hits="3" branch="true" condition-coverage="100% (2/2)"/>
            <line number="552" hits="1" branch="false"/>
            <line number="555" hits="1" branch="false"/>
            <line number="557" hits="2" branch="false"/>
            <line number="560" hits="3" branch="false"/>
            <line number="561" hits="3" branch="false"/>
            <line number="562" hits="3" branch="false"/>
            <line number="568" hits="30" branch="false"/>
            <line number="569" hits="6" branch="true" condition-coverage="100% (2/2)"/>
            <line number="570" hits="3" branch="false"/>
            <line number="574" hits="3" branch="false"/>
            <line number="577" hits="30" branch="false"/>
          </lines>
        </class>
        <class name="roles.query.js" filename="settings-service/app/services/roles/roles.query.js" line-rate="1" branch-rate="1">
          <methods>
            <method name="(anonymous_0)" hits="66" signature="()V">
              <lines>
                <line number="16" hits="66"/>
              </lines>
            </method>
            <method name="(anonymous_1)" hits="8" signature="()V">
              <lines>
                <line number="27" hits="8"/>
              </lines>
            </method>
            <method name="(anonymous_2)" hits="7" signature="()V">
              <lines>
                <line number="40" hits="7"/>
              </lines>
            </method>
            <method name="(anonymous_3)" hits="7" signature="()V">
              <lines>
                <line number="65" hits="7"/>
              </lines>
            </method>
            <method name="(anonymous_4)" hits="9" signature="()V">
              <lines>
                <line number="77" hits="9"/>
              </lines>
            </method>
            <method name="(anonymous_5)" hits="6" signature="()V">
              <lines>
                <line number="101" hits="6"/>
              </lines>
            </method>
            <method name="(anonymous_6)" hits="19" signature="()V">
              <lines>
                <line number="121" hits="19"/>
              </lines>
            </method>
          </methods>
          <lines>
            <line number="7" hits="30" branch="false"/>
            <line number="8" hits="30" branch="false"/>
            <line number="10" hits="30" branch="false"/>
            <line number="11" hits="30" branch="false"/>
            <line number="16" hits="66" branch="false"/>
            <line number="27" hits="30" branch="false"/>
            <line number="40" hits="30" branch="false"/>
            <line number="65" hits="30" branch="false"/>
            <line number="66" hits="7" branch="false"/>
            <line number="72" hits="7" branch="false"/>
            <line number="76" hits="7" branch="false"/>
            <line number="77" hits="7" branch="false"/>
            <line number="78" hits="9" branch="false"/>
            <line number="79" hits="9" branch="false"/>
            <line number="80" hits="9" branch="false"/>
            <line number="81" hits="9" branch="false"/>
            <line number="82" hits="9" branch="false"/>
            <line number="84" hits="7" branch="false"/>
            <line number="101" hits="30" branch="false"/>
            <line number="121" hits="30" branch="false"/>
            <line number="138" hits="30" branch="false"/>
          </lines>
        </class>
      </classes>
    </package>
    <package name="services.stakeholders" line-rate="0.992" branch-rate="0.8076000000000001">
      <classes>
        <class name="index.js" filename="settings-service/app/services/stakeholders/index.js" line-rate="1" branch-rate="1">
          <methods>
          </methods>
          <lines>
            <line number="1" hits="33" branch="false"/>
            <line number="3" hits="33" branch="false"/>
          </lines>
        </class>
        <class name="stakeholders.js" filename="settings-service/app/services/stakeholders/stakeholders.js" line-rate="0.9919" branch-rate="0.8076000000000001">
          <methods>
            <method name="(anonymous_0)" hits="9" signature="()V">
              <lines>
                <line number="36" hits="9"/>
              </lines>
            </method>
            <method name="(anonymous_1)" hits="32" signature="()V">
              <lines>
                <line number="42" hits="32"/>
              </lines>
            </method>
            <method name="(anonymous_2)" hits="6" signature="()V">
              <lines>
                <line number="60" hits="6"/>
              </lines>
            </method>
            <method name="(anonymous_3)" hits="9" signature="()V">
              <lines>
                <line number="93" hits="9"/>
              </lines>
            </method>
            <method name="(anonymous_4)" hits="4" signature="()V">
              <lines>
                <line number="134" hits="4"/>
              </lines>
            </method>
            <method name="(anonymous_5)" hits="5" signature="()V">
              <lines>
                <line number="148" hits="5"/>
              </lines>
            </method>
            <method name="(anonymous_6)" hits="9" signature="()V">
              <lines>
                <line number="149" hits="9"/>
              </lines>
            </method>
            <method name="(anonymous_7)" hits="7" signature="()V">
              <lines>
                <line number="161" hits="7"/>
              </lines>
            </method>
            <method name="(anonymous_8)" hits="4" signature="()V">
              <lines>
                <line number="196" hits="4"/>
              </lines>
            </method>
            <method name="(anonymous_9)" hits="2" signature="()V">
              <lines>
                <line number="220" hits="2"/>
              </lines>
            </method>
            <method name="(anonymous_10)" hits="4" signature="()V">
              <lines>
                <line number="243" hits="4"/>
              </lines>
            </method>
            <method name="(anonymous_11)" hits="5" signature="()V">
              <lines>
                <line number="247" hits="5"/>
              </lines>
            </method>
            <method name="(anonymous_12)" hits="5" signature="()V">
              <lines>
                <line number="279" hits="5"/>
              </lines>
            </method>
            <method name="(anonymous_13)" hits="7" signature="()V">
              <lines>
                <line number="279" hits="7"/>
              </lines>
            </method>
            <method name="(anonymous_14)" hits="4" signature="()V">
              <lines>
                <line number="280" hits="4"/>
              </lines>
            </method>
            <method name="(anonymous_15)" hits="4" signature="()V">
              <lines>
                <line number="287" hits="4"/>
              </lines>
            </method>
            <method name="(anonymous_16)" hits="4" signature="()V">
              <lines>
                <line number="314" hits="4"/>
              </lines>
            </method>
            <method name="(anonymous_17)" hits="6" signature="()V">
              <lines>
                <line number="315" hits="6"/>
              </lines>
            </method>
          </methods>
          <lines>
            <line number="1" hits="33" branch="false"/>
            <line number="2" hits="33" branch="false"/>
            <line number="3" hits="33" branch="false"/>
            <line number="4" hits="33" branch="false"/>
            <line number="5" hits="33" branch="false"/>
            <line number="6" hits="33" branch="false"/>
            <line number="12" hits="33" branch="false"/>
            <line number="21" hits="33" branch="false"/>
            <line number="22" hits="33" branch="false"/>
            <line number="23" hits="33" branch="false"/>
            <line number="24" hits="33" branch="false"/>
            <line number="26" hits="33" branch="false"/>
            <line number="27" hits="33" branch="false"/>
            <line number="28" hits="33" branch="false"/>
            <line number="29" hits="33" branch="false"/>
            <line number="36" hits="33" branch="false"/>
            <line number="37" hits="9" branch="false"/>
            <line number="38" hits="9" branch="false"/>
            <line number="39" hits="9" branch="false"/>
            <line number="40" hits="9" branch="true" condition-coverage="33.33333333333333% (1/3)"/>
            <line number="42" hits="9" branch="false"/>
            <line number="43" hits="32" branch="false"/>
            <line number="45" hits="32" branch="false"/>
            <line number="48" hits="32" branch="false"/>
            <line number="54" hits="9" branch="false"/>
            <line number="57" hits="9" branch="false"/>
            <line number="60" hits="33" branch="false"/>
            <line number="61" hits="6" branch="false"/>
            <line number="62" hits="6" branch="false"/>
            <line number="63" hits="6" branch="false"/>
            <line number="68" hits="6" branch="false"/>
            <line number="69" hits="6" branch="true" condition-coverage="100% (2/2)"/>
            <line number="70" hits="1" branch="false"/>
            <line number="73" hits="1" branch="false"/>
            <line number="75" hits="5" branch="true" condition-coverage="100% (2/2)"/>
            <line number="76" hits="1" branch="false"/>
            <line number="78" hits="4" branch="false"/>
            <line number="84" hits="4" branch="false"/>
            <line number="93" hits="33" branch="true" condition-coverage="0% (0/1)"/>
            <line number="94" hits="9" branch="false"/>
            <line number="98" hits="9" branch="false"/>
            <line number="103" hits="9" branch="false"/>
            <line number="104" hits="9" branch="false"/>
            <line number="106" hits="9" branch="false"/>
            <line number="108" hits="9" branch="false"/>
            <line number="113" hits="9" branch="false"/>
            <line number="114" hits="9" branch="false"/>
            <line number="115" hits="9" branch="true" condition-coverage="100% (2/2)"/>
            <line number="116" hits="1" branch="false"/>
            <line number="117" hits="1" branch="false"/>
            <line number="119" hits="8" branch="false"/>
            <line number="125" hits="8" branch="false"/>
            <line number="126" hits="8" branch="false"/>
            <line number="134" hits="33" branch="false"/>
            <line number="135" hits="4" branch="false"/>
            <line number="136" hits="4" branch="false"/>
            <line number="143" hits="4" branch="true" condition-coverage="100% (2/2)"/>
            <line number="144" hits="1" branch="false"/>
            <line number="146" hits="3" branch="true" condition-coverage="100% (2/2)"/>
            <line number="148" hits="2" branch="false"/>
            <line number="149" hits="9" branch="false"/>
            <line number="150" hits="5" branch="true" condition-coverage="100% (2/2)"/>
            <line number="151" hits="2" branch="false"/>
            <line number="153" hits="5" branch="false"/>
            <line number="155" hits="2" branch="false"/>
            <line number="158" hits="2" branch="false"/>
            <line number="161" hits="33" branch="false"/>
            <line number="169" hits="7" branch="false"/>
            <line number="186" hits="7" branch="false"/>
            <line number="190" hits="6" branch="true" condition-coverage="100% (2/2)"/>
            <line number="191" hits="1" branch="false"/>
            <line number="193" hits="5" branch="false"/>
            <line number="196" hits="33" branch="false"/>
            <line number="197" hits="4" branch="false"/>
            <line number="203" hits="4" branch="false"/>
            <line number="204" hits="4" branch="false"/>
            <line number="205" hits="4" branch="false"/>
            <line number="216" hits="4" branch="false"/>
            <line number="217" hits="3" branch="false"/>
            <line number="220" hits="33" branch="false"/>
            <line number="221" hits="2" branch="false"/>
            <line number="222" hits="2" branch="false"/>
            <line number="223" hits="2" branch="false"/>
            <line number="224" hits="2" branch="false"/>
            <line number="225" hits="2" branch="false"/>
            <line number="226" hits="2" branch="false"/>
            <line number="239" hits="2" branch="false"/>
            <line number="240" hits="2" branch="false"/>
            <line number="243" hits="4" branch="false"/>
            <line number="244" hits="2" branch="false"/>
            <line number="247" hits="33" branch="false"/>
            <line number="248" hits="5" branch="false"/>
            <line number="249" hits="5" branch="false"/>
            <line number="250" hits="5" branch="false"/>
            <line number="255" hits="5" branch="false"/>
            <line number="256" hits="5" branch="false"/>
            <line number="257" hits="5" branch="false"/>
            <line number="258" hits="5" branch="false"/>
            <line number="273" hits="5" branch="false"/>
            <line number="274" hits="4" branch="false"/>
            <line number="275" hits="4" branch="true" condition-coverage="100% (2/2)"/>
            <line number="276" hits="1" branch="false"/>
            <line number="278" hits="3" branch="false"/>
            <line number="279" hits="7" branch="false"/>
            <line number="280" hits="4" branch="false"/>
            <line number="281" hits="3" branch="false"/>
            <line number="284" hits="3" branch="true" condition-coverage="50% (1/2)"/>
            <line number="285" hits="0" branch="false"/>
            <line number="287" hits="3" branch="false"/>
            <line number="288" hits="4" branch="false"/>
            <line number="289" hits="4" branch="false"/>
            <line number="290" hits="4" branch="false"/>
            <line number="292" hits="3" branch="false"/>
            <line number="293" hits="3" branch="false"/>
            <line number="310" hits="3" branch="false"/>
            <line number="311" hits="3" branch="false"/>
            <line number="314" hits="3" branch="false"/>
            <line number="315" hits="6" branch="false"/>
            <line number="316" hits="4" branch="true" condition-coverage="50% (1/2)"/>
            <line number="317" hits="4" branch="true" condition-coverage="100% (2/2)"/>
            <line number="318" hits="2" branch="false"/>
            <line number="320" hits="2" branch="false"/>
            <line number="324" hits="3" branch="false"/>
            <line number="327" hits="33" branch="false"/>
          </lines>
        </class>
      </classes>
    </package>
  </packages>
</coverage>
