<?xml version="1.0" ?>
<!DOCTYPE coverage SYSTEM "http://cobertura.sourceforge.net/xml/coverage-04.dtd">
<coverage lines-valid="6914" lines-covered="5874" line-rate="0.8495" branches-valid="3617" branches-covered="2493" branch-rate="0.6892" timestamp="1780626936005" complexity="0" version="0.1">
  <sources>
    <source>/builds/application/backend/workflow-service</source>
  </sources>
  <packages>
    <package name="app" line-rate="0.8837" branch-rate="0.7419">
      <classes>
        <class name="helpers.js" filename="workflow-service/app/helpers.js" line-rate="0.8837" branch-rate="0.7419">
          <methods>
            <method name="(anonymous_0)" hits="308" signature="()V">
              <lines>
                <line number="8" hits="308"/>
              </lines>
            </method>
            <method name="(anonymous_1)" hits="133" signature="()V">
              <lines>
                <line number="10" hits="133"/>
              </lines>
            </method>
            <method name="(anonymous_2)" hits="57" signature="()V">
              <lines>
                <line number="26" hits="57"/>
              </lines>
            </method>
            <method name="(anonymous_3)" hits="36" signature="()V">
              <lines>
                <line number="30" hits="36"/>
              </lines>
            </method>
            <method name="(anonymous_4)" hits="3" signature="()V">
              <lines>
                <line number="33" hits="3"/>
              </lines>
            </method>
            <method name="(anonymous_5)" hits="3" signature="()V">
              <lines>
                <line number="33" hits="3"/>
              </lines>
            </method>
            <method name="(anonymous_6)" hits="16" signature="()V">
              <lines>
                <line number="35" hits="16"/>
              </lines>
            </method>
            <method name="(anonymous_7)" hits="3" signature="()V">
              <lines>
                <line number="63" hits="3"/>
              </lines>
            </method>
            <method name="(anonymous_8)" hits="6" signature="()V">
              <lines>
                <line number="73" hits="6"/>
              </lines>
            </method>
            <method name="(anonymous_9)" hits="10" signature="()V">
              <lines>
                <line number="87" hits="10"/>
              </lines>
            </method>
          </methods>
          <lines>
            <line number="1" hits="19" branch="false"/>
            <line number="2" hits="19" branch="false"/>
            <line number="3" hits="19" branch="false"/>
            <line number="4" hits="19" branch="false"/>
            <line number="5" hits="19" branch="false"/>
            <line number="6" hits="19" branch="false"/>
            <line number="8" hits="308" branch="true" condition-coverage="100% (2/2)"/>
            <line number="10" hits="19" branch="false"/>
            <line number="11" hits="133" branch="false"/>
            <line number="12" hits="133" branch="true" condition-coverage="100% (2/2)"/>
            <line number="13" hits="124" branch="false"/>
            <line number="14" hits="124" branch="true" condition-coverage="100% (4/4)"/>
            <line number="15" hits="10" branch="false"/>
            <line number="17" hits="124" branch="true" condition-coverage="75% (3/4)"/>
            <line number="18" hits="0" branch="false"/>
            <line number="23" hits="133" branch="false"/>
            <line number="26" hits="57" branch="false"/>
            <line number="30" hits="19" branch="false"/>
            <line number="31" hits="36" branch="true" condition-coverage="100% (2/2)"/>
            <line number="33" hits="19" branch="true" condition-coverage="0% (0/1)"/>
            <line number="35" hits="19" branch="false"/>
            <line number="46" hits="16" branch="false"/>
            <line number="63" hits="19" branch="true" condition-coverage="0% (0/1)"/>
            <line number="64" hits="3" branch="true" condition-coverage="50% (1/2)"/>
            <line number="65" hits="0" branch="false"/>
            <line number="66" hits="0" branch="false"/>
            <line number="68" hits="3" branch="false"/>
            <line number="69" hits="3" branch="false"/>
            <line number="70" hits="3" branch="false"/>
            <line number="73" hits="3" branch="false"/>
            <line number="74" hits="6" branch="true" condition-coverage="100% (2/2)"/>
            <line number="75" hits="3" branch="false"/>
            <line number="76" hits="3" branch="false"/>
            <line number="80" hits="3" branch="false"/>
            <line number="81" hits="3" branch="false"/>
            <line number="84" hits="3" branch="false"/>
            <line number="87" hits="19" branch="false"/>
            <line number="88" hits="10" branch="true" condition-coverage="50% (1/2)"/>
            <line number="89" hits="0" branch="false"/>
            <line number="90" hits="0" branch="false"/>
            <line number="92" hits="10" branch="false"/>
            <line number="93" hits="10" branch="false"/>
            <line number="96" hits="19" branch="false"/>
          </lines>
        </class>
      </classes>
    </package>
    <package name="app.config" line-rate="1" branch-rate="0.9166">
      <classes>
        <class name="base-config.js" filename="workflow-service/app/config/base-config.js" line-rate="1" branch-rate="1">
          <methods>
          </methods>
          <lines>
            <line number="14" hits="26" branch="false"/>
            <line number="16" hits="26" branch="false"/>
            <line number="34" hits="26" branch="false"/>
          </lines>
        </class>
        <class name="dev-config.js" filename="workflow-service/app/config/dev-config.js" line-rate="1" branch-rate="0.8887999999999999">
          <methods>
          </methods>
          <lines>
            <line number="11" hits="26" branch="false"/>
            <line number="13" hits="26" branch="true" condition-coverage="100% (2/2)"/>
            <line number="15" hits="26" branch="true" condition-coverage="100% (2/2)"/>
            <line number="16" hits="24" branch="false"/>
            <line number="19" hits="26" branch="false"/>
            <line number="25" hits="26" branch="false"/>
            <line number="40" hits="26" branch="false"/>
          </lines>
        </class>
        <class name="index.js" filename="workflow-service/app/config/index.js" line-rate="1" branch-rate="1">
          <methods>
          </methods>
          <lines>
            <line number="1" hits="26" branch="false"/>
            <line number="2" hits="26" branch="false"/>
            <line number="3" hits="26" branch="false"/>
            <line number="5" hits="26" branch="false"/>
          </lines>
        </class>
      </classes>
    </package>
    <package name="app.config.lib" line-rate="0.6666" branch-rate="0.25">
      <classes>
        <class name="dbClient.js" filename="workflow-service/app/config/lib/dbClient.js" line-rate="1" branch-rate="1">
          <methods>
          </methods>
          <lines>
            <line number="1" hits="24" branch="false"/>
            <line number="3" hits="24" branch="false"/>
            <line number="5" hits="24" branch="false"/>
          </lines>
        </class>
        <class name="index.js" filename="workflow-service/app/config/lib/index.js" line-rate="1" branch-rate="1">
          <methods>
          </methods>
          <lines>
            <line number="1" hits="26" branch="false"/>
            <line number="2" hits="26" branch="false"/>
            <line number="4" hits="26" branch="false"/>
          </lines>
        </class>
        <class name="sqsClient.js" filename="workflow-service/app/config/lib/sqsClient.js" line-rate="0.5263" branch-rate="0.25">
          <methods>
            <method name="(anonymous_0)" hits="0" signature="()V">
              <lines>
                <line number="7" hits="0"/>
              </lines>
            </method>
            <method name="(anonymous_1)" hits="1" signature="()V">
              <lines>
                <line number="17" hits="1"/>
              </lines>
            </method>
          </methods>
          <lines>
            <line number="1" hits="19" branch="false"/>
            <line number="2" hits="19" branch="false"/>
            <line number="3" hits="19" branch="false"/>
            <line number="5" hits="19" branch="false"/>
            <line number="7" hits="19" branch="false"/>
            <line number="8" hits="0" branch="true" condition-coverage="0% (0/2)"/>
            <line number="9" hits="0" branch="false"/>
            <line number="10" hits="0" branch="false"/>
            <line number="12" hits="0" branch="false"/>
            <line number="13" hits="0" branch="false"/>
            <line number="14" hits="0" branch="false"/>
            <line number="17" hits="19" branch="false"/>
            <line number="18" hits="1" branch="true" condition-coverage="50% (1/2)"/>
            <line number="19" hits="1" branch="false"/>
            <line number="20" hits="1" branch="false"/>
            <line number="22" hits="0" branch="false"/>
            <line number="23" hits="0" branch="false"/>
            <line number="24" hits="0" branch="false"/>
            <line number="27" hits="19" branch="false"/>
          </lines>
        </class>
        <class name="storageClient.js" filename="workflow-service/app/config/lib/storageClient.js" line-rate="1" branch-rate="1">
          <methods>
          </methods>
          <lines>
            <line number="1" hits="26" branch="false"/>
            <line number="3" hits="26" branch="false"/>
          </lines>
        </class>
      </classes>
    </package>
    <package name="app.constants" line-rate="1" branch-rate="1">
      <classes>
        <class name="cache.js" filename="workflow-service/app/constants/cache.js" line-rate="1" branch-rate="1">
          <methods>
            <method name="(anonymous_0)" hits="3" signature="()V">
              <lines>
                <line number="2" hits="3"/>
              </lines>
            </method>
          </methods>
          <lines>
            <line number="1" hits="27" branch="false"/>
            <line number="2" hits="3" branch="false"/>
          </lines>
        </class>
        <class name="common.js" filename="workflow-service/app/constants/common.js" line-rate="1" branch-rate="1">
          <methods>
          </methods>
          <lines>
            <line number="1" hits="27" branch="false"/>
            <line number="2" hits="27" branch="false"/>
            <line number="4" hits="27" branch="false"/>
            <line number="6" hits="27" branch="false"/>
            <line number="14" hits="27" branch="false"/>
            <line number="20" hits="27" branch="false"/>
            <line number="26" hits="27" branch="false"/>
          </lines>
        </class>
        <class name="index.js" filename="workflow-service/app/constants/index.js" line-rate="1" branch-rate="1">
          <methods>
          </methods>
          <lines>
            <line number="1" hits="27" branch="false"/>
            <line number="2" hits="27" branch="false"/>
            <line number="3" hits="27" branch="false"/>
            <line number="4" hits="27" branch="false"/>
            <line number="6" hits="27" branch="false"/>
          </lines>
        </class>
        <class name="modules.js" filename="workflow-service/app/constants/modules.js" line-rate="1" branch-rate="1">
          <methods>
          </methods>
          <lines>
            <line number="1" hits="27" branch="false"/>
            <line number="28" hits="27" branch="false"/>
            <line number="46" hits="27" branch="false"/>
            <line number="48" hits="27" branch="false"/>
            <line number="84" hits="27" branch="false"/>
            <line number="241" hits="27" branch="false"/>
            <line number="243" hits="27" branch="false"/>
            <line number="251" hits="27" branch="false"/>
            <line number="343" hits="27" branch="false"/>
            <line number="349" hits="27" branch="false"/>
            <line number="369" hits="27" branch="false"/>
            <line number="371" hits="27" branch="false"/>
            <line number="373" hits="27" branch="false"/>
            <line number="375" hits="27" branch="false"/>
          </lines>
        </class>
        <class name="workflows.js" filename="workflow-service/app/constants/workflows.js" line-rate="1" branch-rate="1">
          <methods>
          </methods>
          <lines>
            <line number="1" hits="27" branch="false"/>
            <line number="6" hits="27" branch="false"/>
          </lines>
        </class>
      </classes>
    </package>
    <package name="app.controllers" line-rate="0.8375" branch-rate="0.6998000000000001">
      <classes>
        <class name="ai.js" filename="workflow-service/app/controllers/ai.js" line-rate="0.9107" branch-rate="0.84">
          <methods>
            <method name="(anonymous_0)" hits="9" signature="()V">
              <lines>
                <line number="15" hits="9"/>
              </lines>
            </method>
            <method name="(anonymous_1)" hits="9" signature="()V">
              <lines>
                <line number="16" hits="9"/>
              </lines>
            </method>
            <method name="(anonymous_2)" hits="3" signature="()V">
              <lines>
                <line number="96" hits="3"/>
              </lines>
            </method>
            <method name="(anonymous_3)" hits="3" signature="()V">
              <lines>
                <line number="97" hits="3"/>
              </lines>
            </method>
          </methods>
          <lines>
            <line number="6" hits="10" branch="false"/>
            <line number="7" hits="10" branch="false"/>
            <line number="8" hits="10" branch="false"/>
            <line number="9" hits="10" branch="false"/>
            <line number="10" hits="10" branch="false"/>
            <line number="11" hits="10" branch="false"/>
            <line number="12" hits="10" branch="false"/>
            <line number="13" hits="10" branch="false"/>
            <line number="15" hits="10" branch="false"/>
            <line number="16" hits="9" branch="false"/>
            <line number="17" hits="9" branch="false"/>
            <line number="18" hits="9" branch="false"/>
            <line number="19" hits="9" branch="false"/>
            <line number="21" hits="9" branch="true" condition-coverage="100% (2/2)"/>
            <line number="22" hits="1" branch="false"/>
            <line number="23" hits="1" branch="false"/>
            <line number="26" hits="8" branch="false"/>
            <line number="34" hits="8" branch="false"/>
            <line number="41" hits="8" branch="false"/>
            <line number="50" hits="7" branch="true" condition-coverage="100% (2/2)"/>
            <line number="51" hits="2" branch="true" condition-coverage="100% (2/2)"/>
            <line number="52" hits="1" branch="false"/>
            <line number="54" hits="1" branch="false"/>
            <line number="55" hits="1" branch="false"/>
            <line number="66" hits="5" branch="false"/>
            <line number="72" hits="4" branch="true" condition-coverage="100% (2/2)"/>
            <line number="73" hits="1" branch="false"/>
            <line number="76" hits="1" branch="false"/>
            <line number="79" hits="3" branch="true" condition-coverage="50% (1/2)"/>
            <line number="80" hits="3" branch="false"/>
            <line number="83" hits="3" branch="true" condition-coverage="100% (2/2)"/>
            <line number="84" hits="1" branch="false"/>
            <line number="87" hits="3" branch="true" condition-coverage="100% (2/2)"/>
            <line number="88" hits="1" branch="false"/>
            <line number="91" hits="3" branch="false"/>
            <line number="92" hits="3" branch="false"/>
            <line number="96" hits="10" branch="false"/>
            <line number="97" hits="3" branch="false"/>
            <line number="98" hits="3" branch="false"/>
            <line number="99" hits="3" branch="false"/>
            <line number="100" hits="3" branch="false"/>
            <line number="101" hits="3" branch="false"/>
            <line number="102" hits="3" branch="false"/>
            <line number="104" hits="3" branch="true" condition-coverage="100% (2/2)"/>
            <line number="105" hits="2" branch="false"/>
            <line number="106" hits="2" branch="false"/>
            <line number="112" hits="1" branch="true" condition-coverage="83.33333333333334% (5/6)"/>
            <line number="113" hits="0" branch="false"/>
            <line number="119" hits="1" branch="false"/>
            <line number="120" hits="1" branch="true" condition-coverage="50% (1/2)"/>
            <line number="121" hits="1" branch="false"/>
            <line number="124" hits="0" branch="false"/>
            <line number="125" hits="0" branch="false"/>
            <line number="126" hits="0" branch="false"/>
            <line number="127" hits="0" branch="false"/>
            <line number="131" hits="10" branch="false"/>
          </lines>
        </class>
        <class name="apiDocs.js" filename="workflow-service/app/controllers/apiDocs.js" line-rate="0.7142000000000001" branch-rate="1">
          <methods>
            <method name="(anonymous_0)" hits="0" signature="()V">
              <lines>
                <line number="17" hits="0"/>
              </lines>
            </method>
          </methods>
          <lines>
            <line number="1" hits="10" branch="false"/>
            <line number="2" hits="10" branch="false"/>
            <line number="4" hits="10" branch="false"/>
            <line number="6" hits="10" branch="false"/>
            <line number="7" hits="10" branch="false"/>
            <line number="9" hits="10" branch="false"/>
            <line number="10" hits="10" branch="false"/>
            <line number="17" hits="10" branch="false"/>
            <line number="18" hits="0" branch="false"/>
            <line number="19" hits="0" branch="false"/>
            <line number="20" hits="0" branch="false"/>
            <line number="21" hits="0" branch="false"/>
            <line number="24" hits="10" branch="false"/>
            <line number="26" hits="10" branch="false"/>
          </lines>
        </class>
        <class name="health.js" filename="workflow-service/app/controllers/health.js" line-rate="1" branch-rate="1">
          <methods>
            <method name="(anonymous_0)" hits="1" signature="()V">
              <lines>
                <line number="13" hits="1"/>
              </lines>
            </method>
            <method name="(anonymous_1)" hits="2" signature="()V">
              <lines>
                <line number="24" hits="2"/>
              </lines>
            </method>
          </methods>
          <lines>
            <line number="1" hits="10" branch="false"/>
            <line number="2" hits="10" branch="false"/>
            <line number="4" hits="10" branch="false"/>
            <line number="6" hits="10" branch="false"/>
            <line number="13" hits="10" branch="false"/>
            <line number="14" hits="1" branch="false"/>
            <line number="15" hits="1" branch="false"/>
            <line number="16" hits="1" branch="false"/>
            <line number="24" hits="10" branch="false"/>
            <line number="25" hits="2" branch="false"/>
            <line number="27" hits="2" branch="false"/>
            <line number="28" hits="2" branch="false"/>
            <line number="29" hits="2" branch="false"/>
            <line number="31" hits="2" branch="false"/>
            <line number="34" hits="10" branch="false"/>
            <line number="36" hits="10" branch="false"/>
          </lines>
        </class>
        <class name="helpers.js" filename="workflow-service/app/controllers/helpers.js" line-rate="0.9861" branch-rate="0.8275">
          <methods>
            <method name="(anonymous_0)" hits="4" signature="()V">
              <lines>
                <line number="13" hits="4"/>
              </lines>
            </method>
            <method name="(anonymous_1)" hits="6" signature="()V">
              <lines>
                <line number="14" hits="6"/>
              </lines>
            </method>
            <method name="(anonymous_2)" hits="201" signature="()V">
              <lines>
                <line number="23" hits="201"/>
              </lines>
            </method>
            <method name="(anonymous_3)" hits="76" signature="()V">
              <lines>
                <line number="46" hits="76"/>
              </lines>
            </method>
            <method name="(anonymous_4)" hits="157" signature="()V">
              <lines>
                <line number="68" hits="157"/>
              </lines>
            </method>
            <method name="(anonymous_5)" hits="42" signature="()V">
              <lines>
                <line number="75" hits="42"/>
              </lines>
            </method>
            <method name="(anonymous_6)" hits="31" signature="()V">
              <lines>
                <line number="82" hits="31"/>
              </lines>
            </method>
            <method name="(anonymous_7)" hits="60" signature="()V">
              <lines>
                <line number="93" hits="60"/>
              </lines>
            </method>
            <method name="(anonymous_8)" hits="240" signature="()V">
              <lines>
                <line number="109" hits="240"/>
              </lines>
            </method>
            <method name="(anonymous_9)" hits="18" signature="()V">
              <lines>
                <line number="125" hits="18"/>
              </lines>
            </method>
            <method name="(anonymous_10)" hits="3" signature="()V">
              <lines>
                <line number="146" hits="3"/>
              </lines>
            </method>
            <method name="(anonymous_11)" hits="7" signature="()V">
              <lines>
                <line number="155" hits="7"/>
              </lines>
            </method>
            <method name="(anonymous_12)" hits="9" signature="()V">
              <lines>
                <line number="167" hits="9"/>
              </lines>
            </method>
            <method name="(anonymous_13)" hits="29" signature="()V">
              <lines>
                <line number="176" hits="29"/>
              </lines>
            </method>
            <method name="(anonymous_14)" hits="18" signature="()V">
              <lines>
                <line number="198" hits="18"/>
              </lines>
            </method>
            <method name="(anonymous_15)" hits="4" signature="()V">
              <lines>
                <line number="201" hits="4"/>
              </lines>
            </method>
            <method name="(anonymous_16)" hits="3" signature="()V">
              <lines>
                <line number="221" hits="3"/>
              </lines>
            </method>
            <method name="(anonymous_17)" hits="9" signature="()V">
              <lines>
                <line number="229" hits="9"/>
              </lines>
            </method>
            <method name="(anonymous_18)" hits="8" signature="()V">
              <lines>
                <line number="230" hits="8"/>
              </lines>
            </method>
            <method name="(anonymous_19)" hits="20" signature="()V">
              <lines>
                <line number="233" hits="20"/>
              </lines>
            </method>
            <method name="(anonymous_20)" hits="18" signature="()V">
              <lines>
                <line number="257" hits="18"/>
              </lines>
            </method>
            <method name="(anonymous_21)" hits="22" signature="()V">
              <lines>
                <line number="260" hits="22"/>
              </lines>
            </method>
            <method name="(anonymous_22)" hits="17" signature="()V">
              <lines>
                <line number="263" hits="17"/>
              </lines>
            </method>
            <method name="(anonymous_23)" hits="11" signature="()V">
              <lines>
                <line number="273" hits="11"/>
              </lines>
            </method>
            <method name="(anonymous_24)" hits="6" signature="()V">
              <lines>
                <line number="285" hits="6"/>
              </lines>
            </method>
            <method name="(anonymous_25)" hits="8" signature="()V">
              <lines>
                <line number="286" hits="8"/>
              </lines>
            </method>
            <method name="(anonymous_26)" hits="3" signature="()V">
              <lines>
                <line number="288" hits="3"/>
              </lines>
            </method>
            <method name="(anonymous_27)" hits="3" signature="()V">
              <lines>
                <line number="294" hits="3"/>
              </lines>
            </method>
            <method name="(anonymous_28)" hits="3" signature="()V">
              <lines>
                <line number="300" hits="3"/>
              </lines>
            </method>
            <method name="(anonymous_29)" hits="5" signature="()V">
              <lines>
                <line number="309" hits="5"/>
              </lines>
            </method>
            <method name="(anonymous_30)" hits="7" signature="()V">
              <lines>
                <line number="310" hits="7"/>
              </lines>
            </method>
            <method name="(anonymous_31)" hits="2" signature="()V">
              <lines>
                <line number="314" hits="2"/>
              </lines>
            </method>
            <method name="(anonymous_32)" hits="2" signature="()V">
              <lines>
                <line number="316" hits="2"/>
              </lines>
            </method>
            <method name="(anonymous_33)" hits="2" signature="()V">
              <lines>
                <line number="323" hits="2"/>
              </lines>
            </method>
            <method name="(anonymous_34)" hits="2" signature="()V">
              <lines>
                <line number="335" hits="2"/>
              </lines>
            </method>
          </methods>
          <lines>
            <line number="7" hits="11" branch="false"/>
            <line number="8" hits="11" branch="false"/>
            <line number="9" hits="11" branch="false"/>
            <line number="11" hits="11" branch="false"/>
            <line number="13" hits="11" branch="false"/>
            <line number="14" hits="6" branch="false"/>
            <line number="15" hits="4" branch="false"/>
            <line number="23" hits="11" branch="false"/>
            <line number="24" hits="201" branch="false"/>
            <line number="25" hits="201" branch="true" condition-coverage="100% (2/2)"/>
            <line number="26" hits="196" branch="true" condition-coverage="100% (2/2)"/>
            <line number="27" hits="45" branch="false"/>
            <line number="28" hits="151" branch="true" condition-coverage="50% (1/2)"/>
            <line number="29" hits="0" branch="false"/>
            <line number="30" hits="151" branch="true" condition-coverage="100% (2/2)"/>
            <line number="31" hits="8" branch="false"/>
            <line number="32" hits="143" branch="true" condition-coverage="100% (2/2)"/>
            <line number="33" hits="1" branch="false"/>
            <line number="34" hits="142" branch="true" condition-coverage="100% (2/2)"/>
            <line number="35" hits="2" branch="false"/>
            <line number="37" hits="140" branch="false"/>
            <line number="40" hits="5" branch="false"/>
            <line number="41" hits="5" branch="true" condition-coverage="100% (2/2)"/>
            <line number="42" hits="5" branch="false"/>
            <line number="46" hits="11" branch="false"/>
            <line number="53" hits="76" branch="false"/>
            <line number="54" hits="76" branch="false"/>
            <line number="55" hits="76" branch="true" condition-coverage="100% (2/2)"/>
            <line number="56" hits="76" branch="false"/>
            <line number="57" hits="76" branch="false"/>
            <line number="58" hits="76" branch="false"/>
            <line number="68" hits="11" branch="false"/>
            <line number="69" hits="157" branch="false"/>
            <line number="70" hits="157" branch="true" condition-coverage="100% (2/2)"/>
            <line number="71" hits="157" branch="true" condition-coverage="100% (2/2)"/>
            <line number="72" hits="157" branch="true" condition-coverage="100% (2/2)"/>
            <line number="75" hits="11" branch="false"/>
            <line number="76" hits="42" branch="true" condition-coverage="50% (1/2)"/>
            <line number="77" hits="42" branch="true" condition-coverage="50% (1/2)"/>
            <line number="78" hits="42" branch="true" condition-coverage="50% (1/2)"/>
            <line number="79" hits="42" branch="true" condition-coverage="100% (4/4)"/>
            <line number="82" hits="11" branch="false"/>
            <line number="83" hits="31" branch="false"/>
            <line number="84" hits="31" branch="false"/>
            <line number="93" hits="11" branch="false"/>
            <line number="94" hits="60" branch="false"/>
            <line number="98" hits="60" branch="true" condition-coverage="100% (5/5)"/>
            <line number="99" hits="2" branch="false"/>
            <line number="100" hits="2" branch="false"/>
            <line number="104" hits="58" branch="true" condition-coverage="100% (2/2)"/>
            <line number="105" hits="2" branch="true" condition-coverage="100% (2/2)"/>
            <line number="106" hits="2" branch="false"/>
            <line number="109" hits="240" branch="false"/>
            <line number="110" hits="56" branch="true" condition-coverage="100% (2/2)"/>
            <line number="111" hits="4" branch="false"/>
            <line number="112" hits="4" branch="false"/>
            <line number="114" hits="52" branch="false"/>
            <line number="125" hits="11" branch="false"/>
            <line number="126" hits="18" branch="false"/>
            <line number="130" hits="18" branch="true" condition-coverage="100% (2/2)"/>
            <line number="131" hits="1" branch="false"/>
            <line number="132" hits="1" branch="false"/>
            <line number="133" hits="1" branch="false"/>
            <line number="135" hits="17" branch="false"/>
            <line number="136" hits="17" branch="true" condition-coverage="100% (4/4)"/>
            <line number="137" hits="2" branch="false"/>
            <line number="138" hits="2" branch="false"/>
            <line number="141" hits="2" branch="false"/>
            <line number="143" hits="15" branch="false"/>
            <line number="146" hits="11" branch="false"/>
            <line number="147" hits="3" branch="false"/>
            <line number="151" hits="3" branch="true" condition-coverage="100% (5/5)"/>
            <line number="152" hits="1" branch="false"/>
            <line number="153" hits="1" branch="false"/>
            <line number="155" hits="7" branch="false"/>
            <line number="156" hits="2" branch="true" condition-coverage="100% (2/2)"/>
            <line number="157" hits="1" branch="false"/>
            <line number="158" hits="1" branch="false"/>
            <line number="160" hits="1" branch="false"/>
            <line number="167" hits="11" branch="false"/>
            <line number="175" hits="9" branch="true" condition-coverage="100% (2/2)"/>
            <line number="176" hits="29" branch="false"/>
            <line number="179" hits="9" branch="false"/>
            <line number="187" hits="9" branch="false"/>
            <line number="190" hits="9" branch="false"/>
            <line number="198" hits="18" branch="false"/>
            <line number="201" hits="11" branch="true" condition-coverage="0% (0/1)"/>
            <line number="203" hits="4" branch="false"/>
            <line number="210" hits="4" branch="false"/>
            <line number="216" hits="4" branch="false"/>
            <line number="221" hits="11" branch="false"/>
            <line number="228" hits="3" branch="false"/>
            <line number="229" hits="9" branch="true" condition-coverage="100% (2/2)"/>
            <line number="230" hits="3" branch="false"/>
            <line number="231" hits="8" branch="false"/>
            <line number="232" hits="8" branch="false"/>
            <line number="233" hits="8" branch="false"/>
            <line number="234" hits="20" branch="true" condition-coverage="100% (2/2)"/>
            <line number="235" hits="17" branch="false"/>
            <line number="237" hits="3" branch="false"/>
            <line number="240" hits="8" branch="false"/>
            <line number="244" hits="8" branch="false"/>
            <line number="246" hits="3" branch="false"/>
            <line number="253" hits="3" branch="false"/>
            <line number="257" hits="11" branch="false"/>
            <line number="258" hits="18" branch="true" condition-coverage="100% (1/1)"/>
            <line number="259" hits="18" branch="true" condition-coverage="100% (1/1)"/>
            <line number="260" hits="22" branch="false"/>
            <line number="263" hits="11" branch="false"/>
            <line number="267" hits="17" branch="false"/>
            <line number="268" hits="17" branch="true" condition-coverage="100% (2/2)"/>
            <line number="271" hits="11" branch="false"/>
            <line number="273" hits="11" branch="false"/>
            <line number="274" hits="11" branch="true" condition-coverage="100% (2/2)"/>
            <line number="275" hits="6" branch="false"/>
            <line number="278" hits="5" branch="true" condition-coverage="50% (2/4)"/>
            <line number="279" hits="0" branch="false"/>
            <line number="282" hits="5" branch="false"/>
            <line number="285" hits="11" branch="false"/>
            <line number="286" hits="6" branch="true" condition-coverage="50% (1/2)"/>
            <line number="287" hits="8" branch="false"/>
            <line number="289" hits="3" branch="true" condition-coverage="100% (2/2)"/>
            <line number="294" hits="11" branch="false"/>
            <line number="295" hits="3" branch="false"/>
            <line number="296" hits="3" branch="false"/>
            <line number="297" hits="3" branch="false"/>
            <line number="298" hits="3" branch="true" condition-coverage="75% (3/4)"/>
            <line number="300" hits="3" branch="true" condition-coverage="50% (1/2)"/>
            <line number="309" hits="11" branch="false"/>
            <line number="310" hits="5" branch="false"/>
            <line number="311" hits="7" branch="true" condition-coverage="100% (2/2)"/>
            <line number="312" hits="5" branch="false"/>
            <line number="314" hits="2" branch="true" condition-coverage="50% (1/2)"/>
            <line number="315" hits="2" branch="true" condition-coverage="50% (1/2)"/>
            <line number="317" hits="2" branch="true" condition-coverage="100% (2/2)"/>
            <line number="323" hits="11" branch="false"/>
            <line number="324" hits="2" branch="false"/>
            <line number="325" hits="2" branch="true" condition-coverage="50% (1/2)"/>
            <line number="326" hits="2" branch="true" condition-coverage="50% (1/2)"/>
            <line number="327" hits="2" branch="true" condition-coverage="50% (1/2)"/>
            <line number="328" hits="2" branch="false"/>
            <line number="329" hits="2" branch="true" condition-coverage="50% (1/2)"/>
            <line number="335" hits="2" branch="true" condition-coverage="50% (1/2)"/>
            <line number="346" hits="11" branch="false"/>
          </lines>
        </class>
        <class name="modules.js" filename="workflow-service/app/controllers/modules.js" line-rate="0.8347" branch-rate="0.7176">
          <methods>
            <method name="(anonymous_0)" hits="9" signature="()V">
              <lines>
                <line number="120" hits="9"/>
              </lines>
            </method>
            <method name="(anonymous_1)" hits="1" signature="()V">
              <lines>
                <line number="121" hits="1"/>
              </lines>
            </method>
            <method name="(anonymous_2)" hits="16" signature="()V">
              <lines>
                <line number="127" hits="16"/>
              </lines>
            </method>
            <method name="(anonymous_3)" hits="25" signature="()V">
              <lines>
                <line number="133" hits="25"/>
              </lines>
            </method>
            <method name="(anonymous_4)" hits="57" signature="()V">
              <lines>
                <line number="134" hits="57"/>
              </lines>
            </method>
            <method name="(anonymous_5)" hits="1" signature="()V">
              <lines>
                <line number="136" hits="1"/>
              </lines>
            </method>
            <method name="(anonymous_6)" hits="1" signature="()V">
              <lines>
                <line number="141" hits="1"/>
              </lines>
            </method>
            <method name="(anonymous_7)" hits="3" signature="()V">
              <lines>
                <line number="157" hits="3"/>
              </lines>
            </method>
            <method name="(anonymous_8)" hits="0" signature="()V">
              <lines>
                <line number="162" hits="0"/>
              </lines>
            </method>
            <method name="(anonymous_9)" hits="1" signature="()V">
              <lines>
                <line number="169" hits="1"/>
              </lines>
            </method>
            <method name="(anonymous_10)" hits="0" signature="()V">
              <lines>
                <line number="209" hits="0"/>
              </lines>
            </method>
            <method name="(anonymous_11)" hits="0" signature="()V">
              <lines>
                <line number="211" hits="0"/>
              </lines>
            </method>
            <method name="(anonymous_12)" hits="27" signature="()V">
              <lines>
                <line number="224" hits="27"/>
              </lines>
            </method>
            <method name="(anonymous_13)" hits="27" signature="()V">
              <lines>
                <line number="234" hits="27"/>
              </lines>
            </method>
            <method name="(anonymous_14)" hits="63" signature="()V">
              <lines>
                <line number="281" hits="63"/>
              </lines>
            </method>
            <method name="(anonymous_15)" hits="20" signature="()V">
              <lines>
                <line number="289" hits="20"/>
              </lines>
            </method>
            <method name="(anonymous_16)" hits="19" signature="()V">
              <lines>
                <line number="290" hits="19"/>
              </lines>
            </method>
            <method name="(anonymous_17)" hits="9" signature="()V">
              <lines>
                <line number="294" hits="9"/>
              </lines>
            </method>
            <method name="(anonymous_18)" hits="11" signature="()V">
              <lines>
                <line number="296" hits="11"/>
              </lines>
            </method>
            <method name="(anonymous_19)" hits="10" signature="()V">
              <lines>
                <line number="321" hits="10"/>
              </lines>
            </method>
            <method name="(anonymous_20)" hits="11" signature="()V">
              <lines>
                <line number="344" hits="11"/>
              </lines>
            </method>
            <method name="(anonymous_21)" hits="11" signature="()V">
              <lines>
                <line number="358" hits="11"/>
              </lines>
            </method>
            <method name="(anonymous_22)" hits="1" signature="()V">
              <lines>
                <line number="381" hits="1"/>
              </lines>
            </method>
            <method name="(anonymous_23)" hits="1" signature="()V">
              <lines>
                <line number="392" hits="1"/>
              </lines>
            </method>
            <method name="(anonymous_24)" hits="14" signature="()V">
              <lines>
                <line number="401" hits="14"/>
              </lines>
            </method>
            <method name="(anonymous_25)" hits="84" signature="()V">
              <lines>
                <line number="414" hits="84"/>
              </lines>
            </method>
            <method name="(anonymous_26)" hits="14" signature="()V">
              <lines>
                <line number="448" hits="14"/>
              </lines>
            </method>
            <method name="(anonymous_27)" hits="28" signature="()V">
              <lines>
                <line number="450" hits="28"/>
              </lines>
            </method>
            <method name="(anonymous_28)" hits="42" signature="()V">
              <lines>
                <line number="451" hits="42"/>
              </lines>
            </method>
            <method name="(anonymous_29)" hits="15" signature="()V">
              <lines>
                <line number="474" hits="15"/>
              </lines>
            </method>
            <method name="(anonymous_30)" hits="2" signature="()V">
              <lines>
                <line number="524" hits="2"/>
              </lines>
            </method>
            <method name="(anonymous_31)" hits="2" signature="()V">
              <lines>
                <line number="534" hits="2"/>
              </lines>
            </method>
            <method name="(anonymous_32)" hits="4" signature="()V">
              <lines>
                <line number="617" hits="4"/>
              </lines>
            </method>
            <method name="(anonymous_33)" hits="4" signature="()V">
              <lines>
                <line number="624" hits="4"/>
              </lines>
            </method>
            <method name="(anonymous_34)" hits="2" signature="()V">
              <lines>
                <line number="682" hits="2"/>
              </lines>
            </method>
            <method name="(anonymous_35)" hits="6" signature="()V">
              <lines>
                <line number="685" hits="6"/>
              </lines>
            </method>
            <method name="(anonymous_36)" hits="2" signature="()V">
              <lines>
                <line number="713" hits="2"/>
              </lines>
            </method>
            <method name="(anonymous_37)" hits="2" signature="()V">
              <lines>
                <line number="722" hits="2"/>
              </lines>
            </method>
            <method name="(anonymous_38)" hits="27" signature="()V">
              <lines>
                <line number="732" hits="27"/>
              </lines>
            </method>
            <method name="(anonymous_39)" hits="1" signature="()V">
              <lines>
                <line number="762" hits="1"/>
              </lines>
            </method>
            <method name="(anonymous_40)" hits="0" signature="()V">
              <lines>
                <line number="766" hits="0"/>
              </lines>
            </method>
            <method name="(anonymous_41)" hits="13" signature="()V">
              <lines>
                <line number="769" hits="13"/>
              </lines>
            </method>
            <method name="(anonymous_42)" hits="13" signature="()V">
              <lines>
                <line number="770" hits="13"/>
              </lines>
            </method>
            <method name="(anonymous_43)" hits="0" signature="()V">
              <lines>
                <line number="805" hits="0"/>
              </lines>
            </method>
            <method name="(anonymous_44)" hits="1" signature="()V">
              <lines>
                <line number="861" hits="1"/>
              </lines>
            </method>
            <method name="(anonymous_45)" hits="23" signature="()V">
              <lines>
                <line number="900" hits="23"/>
              </lines>
            </method>
            <method name="(anonymous_46)" hits="25" signature="()V">
              <lines>
                <line number="914" hits="25"/>
              </lines>
            </method>
            <method name="(anonymous_47)" hits="3" signature="()V">
              <lines>
                <line number="958" hits="3"/>
              </lines>
            </method>
            <method name="(anonymous_48)" hits="1" signature="()V">
              <lines>
                <line number="973" hits="1"/>
              </lines>
            </method>
            <method name="(anonymous_49)" hits="7" signature="()V">
              <lines>
                <line number="992" hits="7"/>
              </lines>
            </method>
            <method name="(anonymous_50)" hits="0" signature="()V">
              <lines>
                <line number="994" hits="0"/>
              </lines>
            </method>
            <method name="(anonymous_51)" hits="7" signature="()V">
              <lines>
                <line number="998" hits="7"/>
              </lines>
            </method>
            <method name="(anonymous_52)" hits="0" signature="()V">
              <lines>
                <line number="1001" hits="0"/>
              </lines>
            </method>
            <method name="(anonymous_53)" hits="11" signature="()V">
              <lines>
                <line number="1010" hits="11"/>
              </lines>
            </method>
            <method name="(anonymous_54)" hits="11" signature="()V">
              <lines>
                <line number="1011" hits="11"/>
              </lines>
            </method>
            <method name="(anonymous_55)" hits="15" signature="()V">
              <lines>
                <line number="1101" hits="15"/>
              </lines>
            </method>
            <method name="(anonymous_56)" hits="16" signature="()V">
              <lines>
                <line number="1259" hits="16"/>
              </lines>
            </method>
            <method name="(anonymous_57)" hits="14" signature="()V">
              <lines>
                <line number="1284" hits="14"/>
              </lines>
            </method>
            <method name="(anonymous_58)" hits="23" signature="()V">
              <lines>
                <line number="1306" hits="23"/>
              </lines>
            </method>
            <method name="(anonymous_59)" hits="16" signature="()V">
              <lines>
                <line number="1328" hits="16"/>
              </lines>
            </method>
            <method name="(anonymous_60)" hits="16" signature="()V">
              <lines>
                <line number="1329" hits="16"/>
              </lines>
            </method>
            <method name="(anonymous_61)" hits="36" signature="()V">
              <lines>
                <line number="1386" hits="36"/>
              </lines>
            </method>
            <method name="(anonymous_62)" hits="6" signature="()V">
              <lines>
                <line number="1557" hits="6"/>
              </lines>
            </method>
            <method name="(anonymous_63)" hits="2" signature="()V">
              <lines>
                <line number="1589" hits="2"/>
              </lines>
            </method>
            <method name="(anonymous_64)" hits="8" signature="()V">
              <lines>
                <line number="1598" hits="8"/>
              </lines>
            </method>
            <method name="(anonymous_65)" hits="7" signature="()V">
              <lines>
                <line number="1602" hits="7"/>
              </lines>
            </method>
            <method name="(anonymous_66)" hits="7" signature="()V">
              <lines>
                <line number="1616" hits="7"/>
              </lines>
            </method>
            <method name="(anonymous_67)" hits="8" signature="()V">
              <lines>
                <line number="1621" hits="8"/>
              </lines>
            </method>
            <method name="(anonymous_68)" hits="17" signature="()V">
              <lines>
                <line number="1629" hits="17"/>
              </lines>
            </method>
            <method name="(anonymous_69)" hits="13" signature="()V">
              <lines>
                <line number="1638" hits="13"/>
              </lines>
            </method>
            <method name="(anonymous_70)" hits="17" signature="()V">
              <lines>
                <line number="1644" hits="17"/>
              </lines>
            </method>
            <method name="(anonymous_71)" hits="8" signature="()V">
              <lines>
                <line number="1648" hits="8"/>
              </lines>
            </method>
            <method name="(anonymous_72)" hits="2" signature="()V">
              <lines>
                <line number="1672" hits="2"/>
              </lines>
            </method>
            <method name="(anonymous_73)" hits="17" signature="()V">
              <lines>
                <line number="1711" hits="17"/>
              </lines>
            </method>
            <method name="(anonymous_74)" hits="9" signature="()V">
              <lines>
                <line number="1735" hits="9"/>
              </lines>
            </method>
            <method name="(anonymous_75)" hits="30" signature="()V">
              <lines>
                <line number="1740" hits="30"/>
              </lines>
            </method>
            <method name="(anonymous_76)" hits="1" signature="()V">
              <lines>
                <line number="1747" hits="1"/>
              </lines>
            </method>
            <method name="(anonymous_77)" hits="8" signature="()V">
              <lines>
                <line number="1770" hits="8"/>
              </lines>
            </method>
            <method name="(anonymous_78)" hits="16" signature="()V">
              <lines>
                <line number="1772" hits="16"/>
              </lines>
            </method>
            <method name="(anonymous_79)" hits="30" signature="()V">
              <lines>
                <line number="1773" hits="30"/>
              </lines>
            </method>
            <method name="(anonymous_80)" hits="5" signature="()V">
              <lines>
                <line number="1822" hits="5"/>
              </lines>
            </method>
            <method name="(anonymous_81)" hits="0" signature="()V">
              <lines>
                <line number="1861" hits="0"/>
              </lines>
            </method>
            <method name="(anonymous_82)" hits="6" signature="()V">
              <lines>
                <line number="1923" hits="6"/>
              </lines>
            </method>
            <method name="(anonymous_83)" hits="22" signature="()V">
              <lines>
                <line number="1950" hits="22"/>
              </lines>
            </method>
            <method name="(anonymous_84)" hits="22" signature="()V">
              <lines>
                <line number="1965" hits="22"/>
              </lines>
            </method>
            <method name="(anonymous_85)" hits="1" signature="()V">
              <lines>
                <line number="2083" hits="1"/>
              </lines>
            </method>
            <method name="(anonymous_86)" hits="4" signature="()V">
              <lines>
                <line number="2099" hits="4"/>
              </lines>
            </method>
            <method name="(anonymous_87)" hits="3" signature="()V">
              <lines>
                <line number="2119" hits="3"/>
              </lines>
            </method>
            <method name="(anonymous_88)" hits="3" signature="()V">
              <lines>
                <line number="2127" hits="3"/>
              </lines>
            </method>
            <method name="(anonymous_89)" hits="0" signature="()V">
              <lines>
                <line number="2162" hits="0"/>
              </lines>
            </method>
            <method name="(anonymous_90)" hits="0" signature="()V">
              <lines>
                <line number="2174" hits="0"/>
              </lines>
            </method>
            <method name="(anonymous_91)" hits="0" signature="()V">
              <lines>
                <line number="2185" hits="0"/>
              </lines>
            </method>
            <method name="(anonymous_92)" hits="0" signature="()V">
              <lines>
                <line number="2205" hits="0"/>
              </lines>
            </method>
            <method name="(anonymous_93)" hits="0" signature="()V">
              <lines>
                <line number="2208" hits="0"/>
              </lines>
            </method>
            <method name="(anonymous_94)" hits="0" signature="()V">
              <lines>
                <line number="2228" hits="0"/>
              </lines>
            </method>
            <method name="(anonymous_95)" hits="0" signature="()V">
              <lines>
                <line number="2230" hits="0"/>
              </lines>
            </method>
            <method name="(anonymous_96)" hits="2" signature="()V">
              <lines>
                <line number="2243" hits="2"/>
              </lines>
            </method>
            <method name="(anonymous_97)" hits="2" signature="()V">
              <lines>
                <line number="2245" hits="2"/>
              </lines>
            </method>
            <method name="(anonymous_98)" hits="3" signature="()V">
              <lines>
                <line number="2261" hits="3"/>
              </lines>
            </method>
            <method name="(anonymous_99)" hits="3" signature="()V">
              <lines>
                <line number="2265" hits="3"/>
              </lines>
            </method>
            <method name="(anonymous_100)" hits="5" signature="()V">
              <lines>
                <line number="2269" hits="5"/>
              </lines>
            </method>
            <method name="(anonymous_101)" hits="6" signature="()V">
              <lines>
                <line number="2286" hits="6"/>
              </lines>
            </method>
          </methods>
          <lines>
            <line number="2" hits="10" branch="false"/>
            <line number="3" hits="10" branch="false"/>
            <line number="4" hits="10" branch="false"/>
            <line number="5" hits="10" branch="false"/>
            <line number="6" hits="10" branch="false"/>
            <line number="7" hits="10" branch="false"/>
            <line number="20" hits="10" branch="false"/>
            <line number="34" hits="10" branch="false"/>
            <line number="66" hits="10" branch="false"/>
            <line number="75" hits="10" branch="false"/>
            <line number="93" hits="10" branch="false"/>
            <line number="94" hits="10" branch="false"/>
            <line number="95" hits="10" branch="false"/>
            <line number="103" hits="10" branch="false"/>
            <line number="117" hits="10" branch="false"/>
            <line number="118" hits="10" branch="false"/>
            <line number="120" hits="10" branch="false"/>
            <line number="121" hits="10" branch="false"/>
            <line number="127" hits="16" branch="true" condition-coverage="100% (2/2)"/>
            <line number="133" hits="10" branch="false"/>
            <line number="134" hits="57" branch="false"/>
            <line number="136" hits="10" branch="false"/>
            <line number="137" hits="1" branch="false"/>
            <line number="138" hits="1" branch="false"/>
            <line number="139" hits="1" branch="false"/>
            <line number="140" hits="1" branch="false"/>
            <line number="141" hits="1" branch="false"/>
            <line number="148" hits="1" branch="false"/>
            <line number="149" hits="1" branch="true" condition-coverage="50% (1/2)"/>
            <line number="150" hits="1" branch="true" condition-coverage="50% (1/2)"/>
            <line number="151" hits="0" branch="false"/>
            <line number="152" hits="0" branch="false"/>
            <line number="156" hits="1" branch="false"/>
            <line number="157" hits="3" branch="false"/>
            <line number="160" hits="1" branch="true" condition-coverage="50% (1/2)"/>
            <line number="161" hits="0" branch="false"/>
            <line number="162" hits="0" branch="false"/>
            <line number="164" hits="0" branch="true" condition-coverage="0% (0/2)"/>
            <line number="165" hits="0" branch="false"/>
            <line number="169" hits="1" branch="false"/>
            <line number="170" hits="1" branch="true" condition-coverage="50% (1/2)"/>
            <line number="171" hits="0" branch="false"/>
            <line number="173" hits="1" branch="false"/>
            <line number="182" hits="1" branch="false"/>
            <line number="184" hits="1" branch="false"/>
            <line number="195" hits="1" branch="true" condition-coverage="50% (1/2)"/>
            <line number="198" hits="1" branch="true" condition-coverage="50% (1/2)"/>
            <line number="199" hits="0" branch="false"/>
            <line number="200" hits="0" branch="false"/>
            <line number="201" hits="0" branch="false"/>
            <line number="204" hits="1" branch="true" condition-coverage="50% (1/2)"/>
            <line number="205" hits="1" branch="false"/>
            <line number="206" hits="1" branch="false"/>
            <line number="207" hits="1" branch="true" condition-coverage="50% (1/2)"/>
            <line number="208" hits="1" branch="false"/>
            <line number="209" hits="1" branch="false"/>
            <line number="210" hits="0" branch="true" condition-coverage="0% (0/3)"/>
            <line number="211" hits="0" branch="false"/>
            <line number="212" hits="0" branch="false"/>
            <line number="215" hits="1" branch="false"/>
            <line number="219" hits="1" branch="false"/>
            <line number="220" hits="1" branch="false"/>
            <line number="224" hits="10" branch="true" condition-coverage="0% (0/1)"/>
            <line number="226" hits="27" branch="true" condition-coverage="100% (4/4)"/>
            <line number="227" hits="3" branch="false"/>
            <line number="228" hits="3" branch="true" condition-coverage="100% (4/4)"/>
            <line number="229" hits="1" branch="false"/>
            <line number="231" hits="3" branch="false"/>
            <line number="234" hits="10" branch="false"/>
            <line number="242" hits="27" branch="false"/>
            <line number="243" hits="27" branch="true" condition-coverage="50% (1/2)"/>
            <line number="245" hits="0" branch="false"/>
            <line number="247" hits="27" branch="false"/>
            <line number="248" hits="27" branch="false"/>
            <line number="255" hits="27" branch="false"/>
            <line number="257" hits="27" branch="false"/>
            <line number="258" hits="27" branch="true" condition-coverage="50% (1/2)"/>
            <line number="260" hits="0" branch="false"/>
            <line number="263" hits="27" branch="false"/>
            <line number="265" hits="27" branch="false"/>
            <line number="266" hits="27" branch="true" condition-coverage="50% (1/2)"/>
            <line number="268" hits="27" branch="false"/>
            <line number="275" hits="27" branch="true" condition-coverage="50% (1/2)"/>
            <line number="276" hits="0" branch="false"/>
            <line number="281" hits="27" branch="false"/>
            <line number="282" hits="63" branch="true" condition-coverage="50% (1/2)"/>
            <line number="283" hits="63" branch="true" condition-coverage="100% (2/2)"/>
            <line number="284" hits="63" branch="false"/>
            <line number="288" hits="27" branch="true" condition-coverage="100% (4/4)"/>
            <line number="289" hits="20" branch="false"/>
            <line number="290" hits="19" branch="true" condition-coverage="50% (1/2)"/>
            <line number="291" hits="12" branch="true" condition-coverage="100% (2/2)"/>
            <line number="292" hits="7" branch="false"/>
            <line number="294" hits="9" branch="false"/>
            <line number="296" hits="11" branch="true" condition-coverage="50% (1/2)"/>
            <line number="304" hits="27" branch="true" condition-coverage="100% (2/2)"/>
            <line number="305" hits="13" branch="false"/>
            <line number="309" hits="14" branch="false"/>
            <line number="321" hits="10" branch="false"/>
            <line number="327" hits="10" branch="true" condition-coverage="100% (4/4)"/>
            <line number="328" hits="1" branch="true" condition-coverage="50% (1/2)"/>
            <line number="329" hits="1" branch="false"/>
            <line number="330" hits="1" branch="false"/>
            <line number="335" hits="1" branch="true" condition-coverage="50% (1/2)"/>
            <line number="336" hits="1" branch="false"/>
            <line number="344" hits="10" branch="false"/>
            <line number="345" hits="11" branch="false"/>
            <line number="351" hits="11" branch="false"/>
            <line number="352" hits="11" branch="true" condition-coverage="50% (1/2)"/>
            <line number="354" hits="11" branch="false"/>
            <line number="358" hits="11" branch="false"/>
            <line number="359" hits="11" branch="false"/>
            <line number="360" hits="11" branch="true" condition-coverage="100% (2/2)"/>
            <line number="361" hits="1" branch="false"/>
            <line number="364" hits="10" branch="false"/>
            <line number="374" hits="10" branch="false"/>
            <line number="376" hits="10" branch="false"/>
            <line number="377" hits="10" branch="false"/>
            <line number="381" hits="10" branch="false"/>
            <line number="382" hits="1" branch="false"/>
            <line number="383" hits="1" branch="false"/>
            <line number="385" hits="1" branch="false"/>
            <line number="392" hits="1" branch="false"/>
            <line number="393" hits="1" branch="false"/>
            <line number="394" hits="1" branch="true" condition-coverage="50% (1/2)"/>
            <line number="395" hits="0" branch="false"/>
            <line number="397" hits="1" branch="false"/>
            <line number="401" hits="10" branch="false"/>
            <line number="408" hits="14" branch="false"/>
            <line number="411" hits="14" branch="false"/>
            <line number="412" hits="14" branch="false"/>
            <line number="413" hits="28" branch="false"/>
            <line number="414" hits="28" branch="false"/>
            <line number="415" hits="84" branch="false"/>
            <line number="416" hits="84" branch="true" condition-coverage="100% (2/2)"/>
            <line number="418" hits="2" branch="false"/>
            <line number="420" hits="2" branch="false"/>
            <line number="421" hits="82" branch="true" condition-coverage="100% (2/2)"/>
            <line number="429" hits="1" branch="false"/>
            <line number="430" hits="1" branch="false"/>
            <line number="431" hits="1" branch="false"/>
            <line number="432" hits="1" branch="false"/>
            <line number="434" hits="84" branch="false"/>
            <line number="436" hits="28" branch="true" condition-coverage="100% (2/2)"/>
            <line number="437" hits="3" branch="false"/>
            <line number="442" hits="14" branch="true" condition-coverage="100% (2/2)"/>
            <line number="443" hits="2" branch="false"/>
            <line number="447" hits="14" branch="false"/>
            <line number="448" hits="14" branch="false"/>
            <line number="449" hits="14" branch="false"/>
            <line number="450" hits="14" branch="false"/>
            <line number="451" hits="28" branch="false"/>
            <line number="452" hits="42" branch="false"/>
            <line number="453" hits="42" branch="true" condition-coverage="50% (1/2)"/>
            <line number="455" hits="0" branch="false"/>
            <line number="456" hits="0" branch="false"/>
            <line number="458" hits="42" branch="false"/>
            <line number="460" hits="28" branch="false"/>
            <line number="462" hits="14" branch="true" condition-coverage="50% (1/2)"/>
            <line number="463" hits="0" branch="false"/>
            <line number="465" hits="14" branch="false"/>
            <line number="469" hits="14" branch="true" condition-coverage="50% (1/2)"/>
            <line number="470" hits="0" branch="false"/>
            <line number="474" hits="10" branch="false"/>
            <line number="475" hits="15" branch="false"/>
            <line number="476" hits="15" branch="false"/>
            <line number="479" hits="15" branch="true" condition-coverage="100% (4/4)"/>
            <line number="481" hits="1" branch="false"/>
            <line number="486" hits="1" branch="false"/>
            <line number="487" hits="1" branch="true" condition-coverage="50% (1/2)"/>
            <line number="488" hits="1" branch="false"/>
            <line number="490" hits="1" branch="false"/>
            <line number="491" hits="0" branch="true" condition-coverage="0% (0/2)"/>
            <line number="492" hits="0" branch="false"/>
            <line number="496" hits="1" branch="false"/>
            <line number="501" hits="1" branch="true" condition-coverage="50% (1/2)"/>
            <line number="503" hits="1" branch="false"/>
            <line number="515" hits="14" branch="false"/>
            <line number="524" hits="10" branch="false"/>
            <line number="525" hits="2" branch="false"/>
            <line number="526" hits="2" branch="false"/>
            <line number="527" hits="2" branch="false"/>
            <line number="528" hits="2" branch="false"/>
            <line number="529" hits="2" branch="false"/>
            <line number="531" hits="2" branch="false"/>
            <line number="534" hits="2" branch="false"/>
            <line number="535" hits="2" branch="false"/>
            <line number="536" hits="2" branch="true" condition-coverage="50% (1/2)"/>
            <line number="537" hits="0" branch="false"/>
            <line number="540" hits="2" branch="true" condition-coverage="100% (4/4)"/>
            <line number="541" hits="1" branch="false"/>
            <line number="546" hits="1" branch="false"/>
            <line number="547" hits="1" branch="false"/>
            <line number="552" hits="1" branch="true" condition-coverage="50% (1/2)"/>
            <line number="553" hits="0" branch="false"/>
            <line number="555" hits="1" branch="false"/>
            <line number="561" hits="1" branch="false"/>
            <line number="565" hits="1" branch="true" condition-coverage="50% (1/2)"/>
            <line number="566" hits="0" branch="false"/>
            <line number="568" hits="1" branch="false"/>
            <line number="569" hits="1" branch="true" condition-coverage="50% (1/2)"/>
            <line number="570" hits="0" branch="false"/>
            <line number="572" hits="1" branch="true" condition-coverage="50% (1/2)"/>
            <line number="574" hits="1" branch="false"/>
            <line number="586" hits="1" branch="false"/>
            <line number="592" hits="1" branch="false"/>
            <line number="598" hits="1" branch="false"/>
            <line number="599" hits="1" branch="false"/>
            <line number="607" hits="1" branch="false"/>
            <line number="608" hits="1" branch="false"/>
            <line number="617" hits="10" branch="false"/>
            <line number="618" hits="4" branch="false"/>
            <line number="619" hits="4" branch="false"/>
            <line number="620" hits="4" branch="false"/>
            <line number="621" hits="4" branch="false"/>
            <line number="622" hits="4" branch="false"/>
            <line number="624" hits="4" branch="false"/>
            <line number="625" hits="4" branch="false"/>
            <line number="626" hits="4" branch="true" condition-coverage="100% (2/2)"/>
            <line number="627" hits="1" branch="false"/>
            <line number="630" hits="3" branch="true" condition-coverage="100% (4/4)"/>
            <line number="631" hits="1" branch="false"/>
            <line number="636" hits="2" branch="false"/>
            <line number="642" hits="2" branch="true" condition-coverage="100% (2/2)"/>
            <line number="643" hits="1" branch="false"/>
            <line number="646" hits="1" branch="false"/>
            <line number="647" hits="1" branch="false"/>
            <line number="648" hits="1" branch="true" condition-coverage="50% (1/2)"/>
            <line number="649" hits="0" branch="false"/>
            <line number="656" hits="1" branch="false"/>
            <line number="665" hits="1" branch="false"/>
            <line number="667" hits="1" branch="true" condition-coverage="50% (1/2)"/>
            <line number="669" hits="1" branch="false"/>
            <line number="680" hits="1" branch="false"/>
            <line number="682" hits="1" branch="false"/>
            <line number="683" hits="2" branch="false"/>
            <line number="685" hits="2" branch="false"/>
            <line number="686" hits="6" branch="false"/>
            <line number="687" hits="6" branch="true" condition-coverage="50% (1/2)"/>
            <line number="688" hits="0" branch="false"/>
            <line number="689" hits="0" branch="false"/>
            <line number="692" hits="6" branch="false"/>
            <line number="695" hits="2" branch="true" condition-coverage="50% (1/2)"/>
            <line number="696" hits="0" branch="false"/>
            <line number="699" hits="2" branch="false"/>
            <line number="702" hits="1" branch="false"/>
            <line number="703" hits="1" branch="true" condition-coverage="50% (1/2)"/>
            <line number="704" hits="0" branch="false"/>
            <line number="707" hits="1" branch="false"/>
            <line number="708" hits="1" branch="false"/>
            <line number="709" hits="1" branch="false"/>
            <line number="713" hits="10" branch="false"/>
            <line number="714" hits="2" branch="false"/>
            <line number="715" hits="2" branch="false"/>
            <line number="716" hits="2" branch="false"/>
            <line number="722" hits="2" branch="false"/>
            <line number="723" hits="2" branch="false"/>
            <line number="724" hits="2" branch="false"/>
            <line number="725" hits="2" branch="true" condition-coverage="100% (4/4)"/>
            <line number="726" hits="1" branch="false"/>
            <line number="728" hits="2" branch="false"/>
            <line number="732" hits="10" branch="false"/>
            <line number="739" hits="27" branch="false"/>
            <line number="746" hits="27" branch="true" condition-coverage="50% (1/2)"/>
            <line number="747" hits="0" branch="false"/>
            <line number="755" hits="27" branch="false"/>
            <line number="757" hits="27" branch="false"/>
            <line number="759" hits="27" branch="false"/>
            <line number="762" hits="10" branch="false"/>
            <line number="763" hits="1" branch="false"/>
            <line number="766" hits="1" branch="false"/>
            <line number="769" hits="10" branch="false"/>
            <line number="770" hits="13" branch="false"/>
            <line number="771" hits="13" branch="false"/>
            <line number="772" hits="13" branch="false"/>
            <line number="773" hits="13" branch="false"/>
            <line number="774" hits="13" branch="false"/>
            <line number="775" hits="13" branch="false"/>
            <line number="776" hits="13" branch="false"/>
            <line number="777" hits="13" branch="false"/>
            <line number="778" hits="13" branch="false"/>
            <line number="779" hits="13" branch="false"/>
            <line number="782" hits="13" branch="true" condition-coverage="100% (2/2)"/>
            <line number="783" hits="1" branch="false"/>
            <line number="789" hits="12" branch="false"/>
            <line number="790" hits="12" branch="true" condition-coverage="100% (2/2)"/>
            <line number="791" hits="1" branch="false"/>
            <line number="797" hits="11" branch="true" condition-coverage="100% (4/4)"/>
            <line number="798" hits="5" branch="false"/>
            <line number="804" hits="6" branch="true" condition-coverage="75% (3/4)"/>
            <line number="805" hits="0" branch="false"/>
            <line number="806" hits="0" branch="false"/>
            <line number="807" hits="0" branch="false"/>
            <line number="811" hits="6" branch="false"/>
            <line number="812" hits="6" branch="false"/>
            <line number="813" hits="6" branch="true" condition-coverage="100% (2/2)"/>
            <line number="814" hits="1" branch="false"/>
            <line number="815" hits="1" branch="false"/>
            <line number="820" hits="6" branch="false"/>
            <line number="822" hits="6" branch="false"/>
            <line number="827" hits="6" branch="true" condition-coverage="50% (1/2)"/>
            <line number="828" hits="0" branch="false"/>
            <line number="832" hits="6" branch="false"/>
            <line number="833" hits="6" branch="false"/>
            <line number="834" hits="6" branch="true" condition-coverage="50% (1/2)"/>
            <line number="835" hits="0" branch="false"/>
            <line number="837" hits="6" branch="true" condition-coverage="100% (2/2)"/>
            <line number="839" hits="3" branch="false"/>
            <line number="849" hits="6" branch="true" condition-coverage="100% (2/2)"/>
            <line number="851" hits="1" branch="true" condition-coverage="0% (0/2)"/>
            <line number="857" hits="1" branch="true" condition-coverage="50% (1/2)"/>
            <line number="858" hits="1" branch="false"/>
            <line number="861" hits="1" branch="false"/>
            <line number="869" hits="1" branch="true" condition-coverage="50% (1/2)"/>
            <line number="870" hits="0" branch="false"/>
            <line number="871" hits="0" branch="false"/>
            <line number="872" hits="0" branch="false"/>
            <line number="880" hits="6" branch="false"/>
            <line number="886" hits="6" branch="true" condition-coverage="50% (1/2)"/>
            <line number="887" hits="0" branch="false"/>
            <line number="890" hits="6" branch="false"/>
            <line number="896" hits="6" branch="false"/>
            <line number="900" hits="10" branch="false"/>
            <line number="901" hits="23" branch="false"/>
            <line number="902" hits="23" branch="true" condition-coverage="100% (2/2)"/>
            <line number="906" hits="2" branch="false"/>
            <line number="908" hits="23" branch="true" condition-coverage="75% (3/4)"/>
            <line number="909" hits="0" branch="false"/>
            <line number="911" hits="23" branch="false"/>
            <line number="914" hits="10" branch="false"/>
            <line number="915" hits="25" branch="false"/>
            <line number="917" hits="25" branch="false"/>
            <line number="918" hits="25" branch="true" condition-coverage="50% (1/2)"/>
            <line number="919" hits="0" branch="false"/>
            <line number="922" hits="25" branch="false"/>
            <line number="923" hits="25" branch="false"/>
            <line number="925" hits="25" branch="true" condition-coverage="100% (2/2)"/>
            <line number="926" hits="1" branch="true" condition-coverage="50% (2/4)"/>
            <line number="928" hits="0" branch="false"/>
            <line number="930" hits="1" branch="true" condition-coverage="75% (3/4)"/>
            <line number="932" hits="0" branch="false"/>
            <line number="937" hits="25" branch="true" condition-coverage="75% (3/4)"/>
            <line number="938" hits="0" branch="false"/>
            <line number="939" hits="25" branch="true" condition-coverage="100% (2/2)"/>
            <line number="940" hits="2" branch="false"/>
            <line number="943" hits="25" branch="false"/>
            <line number="944" hits="25" branch="true" condition-coverage="50% (1/2)"/>
            <line number="945" hits="0" branch="false"/>
            <line number="948" hits="25" branch="true" condition-coverage="100% (4/4)"/>
            <line number="949" hits="2" branch="false"/>
            <line number="954" hits="23" branch="false"/>
            <line number="955" hits="23" branch="false"/>
            <line number="958" hits="10" branch="false"/>
            <line number="967" hits="3" branch="true" condition-coverage="50% (1/2)"/>
            <line number="968" hits="3" branch="true" condition-coverage="100% (2/2)"/>
            <line number="970" hits="2" branch="false"/>
            <line number="971" hits="2" branch="true" condition-coverage="75% (3/4)"/>
            <line number="973" hits="2" branch="false"/>
            <line number="975" hits="2" branch="false"/>
            <line number="977" hits="1" branch="false"/>
            <line number="980" hits="3" branch="true" condition-coverage="50% (1/2)"/>
            <line number="981" hits="0" branch="false"/>
            <line number="983" hits="3" branch="false"/>
            <line number="984" hits="3" branch="false"/>
            <line number="992" hits="10" branch="true" condition-coverage="100% (1/1)"/>
            <line number="993" hits="7" branch="true" condition-coverage="50% (1/2)"/>
            <line number="994" hits="0" branch="false"/>
            <line number="995" hits="0" branch="false"/>
            <line number="998" hits="10" branch="false"/>
            <line number="999" hits="7" branch="false"/>
            <line number="1000" hits="7" branch="true" condition-coverage="50% (1/2)"/>
            <line number="1001" hits="0" branch="false"/>
            <line number="1002" hits="0" branch="true" condition-coverage="0% (0/2)"/>
            <line number="1003" hits="0" branch="false"/>
            <line number="1005" hits="0" branch="false"/>
            <line number="1007" hits="7" branch="false"/>
            <line number="1010" hits="10" branch="false"/>
            <line number="1011" hits="11" branch="false"/>
            <line number="1012" hits="11" branch="false"/>
            <line number="1013" hits="11" branch="false"/>
            <line number="1014" hits="11" branch="false"/>
            <line number="1020" hits="11" branch="false"/>
            <line number="1021" hits="11" branch="true" condition-coverage="100% (2/2)"/>
            <line number="1022" hits="11" branch="true" condition-coverage="100% (4/4)"/>
            <line number="1023" hits="1" branch="false"/>
            <line number="1026" hits="10" branch="false"/>
            <line number="1027" hits="10" branch="false"/>
[...]
            <line number="1199" hits="2" branch="false"/>
            <line number="1200" hits="2" branch="false"/>
            <line number="1201" hits="2" branch="false"/>
            <line number="1202" hits="2" branch="false"/>
            <line number="1204" hits="2" branch="false"/>
            <line number="1205" hits="2" branch="false"/>
            <line number="1206" hits="2" branch="false"/>
            <line number="1207" hits="2" branch="false"/>
            <line number="1208" hits="2" branch="false"/>
            <line number="1209" hits="2" branch="false"/>
            <line number="1212" hits="2" branch="true" condition-coverage="100% (2/2)"/>
            <line number="1214" hits="1" branch="false"/>
            <line number="1216" hits="1" branch="false"/>
            <line number="1218" hits="1" branch="false"/>
            <line number="1221" hits="2" branch="true" condition-coverage="100% (2/2)"/>
            <line number="1223" hits="1" branch="false"/>
            <line number="1225" hits="1" branch="false"/>
            <line number="1227" hits="1" branch="false"/>
            <line number="1230" hits="2" branch="false"/>
            <line number="1233" hits="3" branch="false"/>
            <line number="1236" hits="17" branch="false"/>
            <line number="1237" hits="3" branch="false"/>
            <line number="1239" hits="2" branch="false"/>
            <line number="1240" hits="2" branch="true" condition-coverage="80% (4/5)"/>
            <line number="1241" hits="0" branch="false"/>
            <line number="1243" hits="2" branch="true" condition-coverage="50% (1/2)"/>
            <line number="1250" hits="0" branch="false"/>
            <line number="1252" hits="2" branch="true" condition-coverage="50% (1/2)"/>
            <line number="1259" hits="0" branch="false"/>
            <line number="1262" hits="3" branch="false"/>
            <line number="1265" hits="17" branch="false"/>
            <line number="1266" hits="3" branch="false"/>
            <line number="1267" hits="3" branch="true" condition-coverage="100% (2/2)"/>
            <line number="1268" hits="1" branch="false"/>
            <line number="1270" hits="2" branch="false"/>
            <line number="1272" hits="2" branch="false"/>
            <line number="1274" hits="2" branch="false"/>
            <line number="1280" hits="2" branch="false"/>
            <line number="1282" hits="2" branch="false"/>
            <line number="1284" hits="2" branch="false"/>
            <line number="1285" hits="2" branch="false"/>
            <line number="1288" hits="17" branch="false"/>
            <line number="1298" hits="3" branch="false"/>
            <line number="1299" hits="3" branch="false"/>
            <line number="1301" hits="3" branch="false"/>
            <line number="1303" hits="3" branch="true" condition-coverage="100% (2/2)"/>
            <line number="1304" hits="3" branch="false"/>
            <line number="1305" hits="3" branch="false"/>
            <line number="1306" hits="2" branch="false"/>
            <line number="1307" hits="3" branch="false"/>
            <line number="1308" hits="4" branch="false"/>
            <line number="1309" hits="2" branch="true" condition-coverage="50% (1/2)"/>
            <line number="1310" hits="0" branch="false"/>
            <line number="1311" hits="0" branch="false"/>
            <line number="1314" hits="2" branch="false"/>
            <line number="1315" hits="2" branch="false"/>
            <line number="1316" hits="2" branch="false"/>
            <line number="1317" hits="2" branch="false"/>
            <line number="1318" hits="2" branch="false"/>
            <line number="1319" hits="2" branch="false"/>
            <line number="1321" hits="2" branch="false"/>
            <line number="1322" hits="2" branch="false"/>
            <line number="1323" hits="2" branch="false"/>
            <line number="1324" hits="2" branch="false"/>
            <line number="1325" hits="2" branch="false"/>
            <line number="1326" hits="2" branch="false"/>
            <line number="1327" hits="2" branch="false"/>
            <line number="1331" hits="3" branch="false"/>
            <line number="1338" hits="3" branch="false"/>
            <line number="1345" hits="3" branch="false"/>
            <line number="1353" hits="3" branch="false"/>
            <line number="1354" hits="3" branch="false"/>
            <line number="1355" hits="3" branch="false"/>
            <line number="1358" hits="17" branch="false"/>
            <line number="1359" hits="1" branch="false"/>
            <line number="1360" hits="1" branch="false"/>
            <line number="1361" hits="1" branch="false"/>
            <line number="1369" hits="1" branch="false"/>
            <line number="1370" hits="1" branch="false"/>
            <line number="1371" hits="1" branch="false"/>
            <line number="1374" hits="17" branch="false"/>
            <line number="1375" hits="3" branch="false"/>
            <line number="1379" hits="25" branch="false"/>
            <line number="1380" hits="3" branch="true" condition-coverage="50% (1/2)"/>
            <line number="1381" hits="0" branch="false"/>
            <line number="1382" hits="0" branch="false"/>
            <line number="1386" hits="27" branch="false"/>
            <line number="1388" hits="3" branch="true" condition-coverage="60% (3/5)"/>
            <line number="1389" hits="0" branch="false"/>
            <line number="1390" hits="0" branch="false"/>
            <line number="1392" hits="3" branch="false"/>
            <line number="1395" hits="17" branch="false"/>
            <line number="1396" hits="3" branch="false"/>
            <line number="1397" hits="3" branch="false"/>
            <line number="1398" hits="3" branch="false"/>
            <line number="1402" hits="3" branch="true" condition-coverage="100% (2/2)"/>
            <line number="1403" hits="3" branch="true" condition-coverage="50% (1/2)"/>
            <line number="1404" hits="0" branch="false"/>
            <line number="1408" hits="3" branch="false"/>
            <line number="1409" hits="42" branch="true" condition-coverage="100% (2/2)"/>
            <line number="1411" hits="3" branch="false"/>
            <line number="1412" hits="3" branch="false"/>
            <line number="1413" hits="3" branch="true" condition-coverage="100% (2/2)"/>
            <line number="1415" hits="1" branch="false"/>
            <line number="1417" hits="3" branch="false"/>
            <line number="1418" hits="3" branch="false"/>
            <line number="1419" hits="39" branch="true" condition-coverage="100% (2/2)"/>
            <line number="1421" hits="6" branch="false"/>
            <line number="1422" hits="6" branch="false"/>
            <line number="1423" hits="6" branch="true" condition-coverage="50% (1/2)"/>
            <line number="1424" hits="0" branch="false"/>
            <line number="1426" hits="0" branch="false"/>
            <line number="1428" hits="6" branch="false"/>
            <line number="1429" hits="6" branch="false"/>
            <line number="1432" hits="33" branch="false"/>
            <line number="1435" hits="42" branch="false"/>
            <line number="1438" hits="3" branch="false"/>
            <line number="1445" hits="3" branch="false"/>
            <line number="1446" hits="3" branch="false"/>
            <line number="1447" hits="3" branch="false"/>
            <line number="1453" hits="17" branch="false"/>
            <line number="1455" hits="9" branch="false"/>
            <line number="1456" hits="114" branch="false"/>
            <line number="1457" hits="114" branch="true" condition-coverage="100% (4/4)"/>
            <line number="1459" hits="9" branch="false"/>
            <line number="1462" hits="17" branch="false"/>
            <line number="1463" hits="5" branch="false"/>
            <line number="1467" hits="5" branch="true" condition-coverage="100% (4/4)"/>
            <line number="1468" hits="2" branch="false"/>
            <line number="1469" hits="2" branch="false"/>
            <line number="1471" hits="3" branch="true" condition-coverage="100% (2/2)"/>
            <line number="1472" hits="2" branch="false"/>
            <line number="1473" hits="2" branch="false"/>
            <line number="1476" hits="1" branch="false"/>
            <line number="1477" hits="1" branch="false"/>
            <line number="1496" hits="17" branch="false"/>
            <line number="1498" hits="3" branch="false"/>
            <line number="1500" hits="3" branch="false"/>
            <line number="1503" hits="3" branch="false"/>
            <line number="1506" hits="3" branch="true" condition-coverage="50% (1/2)"/>
            <line number="1509" hits="3" branch="true" condition-coverage="50% (1/2)"/>
            <line number="1511" hits="3" branch="true" condition-coverage="50% (1/2)"/>
            <line number="1514" hits="3" branch="false"/>
            <line number="1515" hits="3" branch="false"/>
            <line number="1516" hits="3" branch="false"/>
            <line number="1517" hits="3" branch="false"/>
            <line number="1525" hits="3" branch="false"/>
            <line number="1527" hits="12" branch="false"/>
            <line number="1529" hits="12" branch="false"/>
            <line number="1530" hits="12" branch="false"/>
            <line number="1531" hits="12" branch="false"/>
            <line number="1533" hits="12" branch="false"/>
            <line number="1534" hits="12" branch="false"/>
            <line number="1536" hits="3" branch="false"/>
            <line number="1537" hits="15" branch="false"/>
            <line number="1538" hits="15" branch="false"/>
            <line number="1542" hits="17" branch="false"/>
            <line number="1543" hits="6" branch="false"/>
            <line number="1544" hits="6" branch="false"/>
            <line number="1546" hits="6" branch="true" condition-coverage="100% (2/2)"/>
            <line number="1547" hits="1" branch="false"/>
            <line number="1548" hits="1" branch="false"/>
            <line number="1552" hits="5" branch="false"/>
            <line number="1555" hits="5" branch="false"/>
            <line number="1556" hits="5" branch="false"/>
            <line number="1559" hits="37" branch="false"/>
            <line number="1560" hits="5" branch="false"/>
            <line number="1563" hits="5" branch="false"/>
            <line number="1564" hits="5" branch="true" condition-coverage="100% (2/2)"/>
            <line number="1565" hits="4" branch="false"/>
            <line number="1569" hits="1" branch="false"/>
            <line number="1577" hits="1" branch="true" condition-coverage="50% (1/2)"/>
            <line number="1580" hits="1" branch="false"/>
            <line number="1587" hits="1" branch="false"/>
            <line number="1588" hits="1" branch="false"/>
            <line number="1590" hits="1" branch="false"/>
            <line number="1593" hits="17" branch="false"/>
            <line number="1594" hits="1" branch="false"/>
            <line number="1596" hits="14" branch="false"/>
            <line number="1597" hits="14" branch="false"/>
            <line number="1602" hits="1" branch="false"/>
            <line number="1605" hits="17" branch="false"/>
            <line number="1606" hits="4" branch="false"/>
            <line number="1607" hits="4" branch="true" condition-coverage="100% (2/2)"/>
            <line number="1608" hits="4" branch="false"/>
            <line number="1611" hits="4" branch="false"/>
            <line number="1614" hits="4" branch="true" condition-coverage="50% (1/2)"/>
            <line number="1616" hits="4" branch="false"/>
            <line number="1617" hits="4" branch="false"/>
            <line number="1618" hits="4" branch="true" condition-coverage="100% (2/2)"/>
            <line number="1620" hits="14" branch="false"/>
            <line number="1623" hits="2" branch="false"/>
            <line number="1626" hits="2" branch="false"/>
            <line number="1628" hits="2" branch="false"/>
            <line number="1631" hits="2" branch="false"/>
            <line number="1639" hits="2" branch="false"/>
            <line number="1647" hits="2" branch="false"/>
            <line number="1653" hits="2" branch="false"/>
            <line number="1654" hits="2" branch="false"/>
            <line number="1656" hits="4" branch="false"/>
            <line number="1659" hits="17" branch="false"/>
            <line number="1660" hits="2" branch="false"/>
            <line number="1661" hits="2" branch="false"/>
            <line number="1662" hits="2" branch="false"/>
            <line number="1684" hits="2" branch="false"/>
            <line number="1685" hits="2" branch="false"/>
            <line number="1692" hits="17" branch="false"/>
            <line number="1693" hits="2" branch="false"/>
            <line number="1694" hits="2" branch="false"/>
            <line number="1695" hits="2" branch="false"/>
            <line number="1696" hits="2" branch="false"/>
            <line number="1697" hits="2" branch="false"/>
            <line number="1704" hits="17" branch="false"/>
            <line number="1705" hits="11" branch="false"/>
            <line number="1708" hits="11" branch="true" condition-coverage="100% (2/2)"/>
            <line number="1709" hits="8" branch="false"/>
            <line number="1714" hits="3" branch="false"/>
            <line number="1715" hits="26" branch="true" condition-coverage="100% (3/3)"/>
            <line number="1719" hits="17" branch="false"/>
            <line number="1720" hits="17" branch="true" condition-coverage="100% (1/1)"/>
            <line number="1721" hits="17" branch="true" condition-coverage="100% (6/6)"/>
            <line number="1722" hits="2" branch="false"/>
            <line number="1725" hits="15" branch="true" condition-coverage="100% (4/4)"/>
            <line number="1726" hits="1" branch="false"/>
            <line number="1729" hits="14" branch="false"/>
            <line number="1737" hits="17" branch="false"/>
            <line number="1738" hits="8" branch="false"/>
            <line number="1739" hits="8" branch="false"/>
            <line number="1740" hits="8" branch="true" condition-coverage="0% (0/1)"/>
            <line number="1741" hits="1" branch="false"/>
            <line number="1745" hits="1" branch="true" condition-coverage="50% (1/2)"/>
            <line number="1746" hits="1" branch="true" condition-coverage="50% (1/2)"/>
            <line number="1747" hits="1" branch="false"/>
            <line number="1748" hits="1" branch="true" condition-coverage="50% (1/2)"/>
            <line number="1749" hits="2" branch="false"/>
            <line number="1751" hits="1" branch="false"/>
            <line number="1752" hits="1" branch="false"/>
            <line number="1756" hits="1" branch="false"/>
            <line number="1758" hits="8" branch="false"/>
            <line number="1759" hits="8" branch="false"/>
            <line number="1760" hits="8" branch="false"/>
            <line number="1762" hits="0" branch="true" condition-coverage="0% (0/2)"/>
            <line number="1764" hits="8" branch="true" condition-coverage="100% (2/2)"/>
            <line number="1765" hits="7" branch="true" condition-coverage="100% (2/2)"/>
            <line number="1766" hits="7" branch="false"/>
            <line number="1768" hits="1" branch="false"/>
            <line number="1769" hits="1" branch="false"/>
            <line number="1770" hits="1" branch="false"/>
            <line number="1771" hits="1" branch="false"/>
            <line number="1772" hits="1" branch="true" condition-coverage="50% (1/2)"/>
            <line number="1774" hits="1" branch="false"/>
            <line number="1778" hits="1" branch="false"/>
            <line number="1780" hits="1" branch="true" condition-coverage="50% (1/2)"/>
            <line number="1783" hits="17" branch="false"/>
            <line number="1784" hits="1" branch="false"/>
            <line number="1785" hits="1" branch="false"/>
            <line number="1804" hits="17" branch="false"/>
            <line number="1805" hits="4" branch="false"/>
            <line number="1806" hits="4" branch="false"/>
            <line number="1808" hits="4" branch="true" condition-coverage="100% (1/1)"/>
            <line number="1809" hits="4" branch="false"/>
            <line number="1812" hits="4" branch="true" condition-coverage="50% (1/2)"/>
            <line number="1817" hits="4" branch="false"/>
            <line number="1825" hits="4" branch="false"/>
            <line number="1827" hits="4" branch="false"/>
            <line number="1828" hits="4" branch="false"/>
            <line number="1829" hits="4" branch="false"/>
            <line number="1831" hits="4" branch="true" condition-coverage="100% (2/2)"/>
            <line number="1832" hits="1" branch="false"/>
            <line number="1835" hits="3" branch="false"/>
            <line number="1837" hits="3" branch="false"/>
            <line number="1838" hits="3" branch="true" condition-coverage="100% (2/2)"/>
            <line number="1839" hits="3" branch="false"/>
            <line number="1847" hits="3" branch="false"/>
            <line number="1848" hits="3" branch="false"/>
            <line number="1861" hits="3" branch="false"/>
            <line number="1870" hits="0" branch="false"/>
            <line number="1871" hits="0" branch="false"/>
            <line number="1883" hits="17" branch="false"/>
            <line number="1884" hits="2" branch="false"/>
            <line number="1885" hits="2" branch="false"/>
            <line number="1886" hits="2" branch="false"/>
            <line number="1889" hits="2" branch="false"/>
            <line number="1890" hits="2" branch="false"/>
            <line number="1891" hits="1" branch="true" condition-coverage="0% (0/1)"/>
            <line number="1894" hits="1" branch="false"/>
            <line number="1895" hits="1" branch="false"/>
            <line number="1896" hits="3" branch="true" condition-coverage="50% (1/2)"/>
            <line number="1897" hits="3" branch="false"/>
            <line number="1901" hits="1" branch="false"/>
            <line number="1906" hits="1" branch="false"/>
            <line number="1907" hits="1" branch="false"/>
            <line number="1908" hits="21" branch="true" condition-coverage="100% (4/4)"/>
            <line number="1909" hits="3" branch="false"/>
            <line number="1913" hits="1" branch="false"/>
            <line number="1914" hits="1" branch="false"/>
            <line number="1916" hits="1" branch="false"/>
            <line number="1918" hits="1" branch="false"/>
            <line number="1922" hits="17" branch="false"/>
          </lines>
        </class>
        <class name="workflows.query.js" filename="workflow-service/app/services/workflows/workflows.query.js" line-rate="1" branch-rate="1">
          <methods>
            <method name="(anonymous_0)" hits="62" signature="()V">
              <lines>
                <line number="6" hits="62"/>
              </lines>
            </method>
            <method name="(anonymous_1)" hits="22" signature="()V">
              <lines>
                <line number="23" hits="22"/>
              </lines>
            </method>
          </methods>
          <lines>
            <line number="1" hits="17" branch="false"/>
            <line number="2" hits="17" branch="false"/>
            <line number="4" hits="17" branch="false"/>
            <line number="6" hits="62" branch="true" condition-coverage="100% (1/1)"/>
            <line number="21" hits="17" branch="false"/>
            <line number="23" hits="22" branch="false"/>
          </lines>
        </class>
      </classes>
    </package>
  </packages>
</coverage>
