<?xml version="1.0" ?>
<!DOCTYPE coverage SYSTEM "http://cobertura.sourceforge.net/xml/coverage-04.dtd">
<coverage lines-valid="4836" lines-covered="4363" line-rate="0.9020999999999999" branches-valid="2312" branches-covered="1601" branch-rate="0.6923999999999999" timestamp="1780373989367" complexity="0" version="0.1">
  <sources>
    <source>/builds/application/backend/reports-service</source>
  </sources>
  <packages>
    <package name="reports-service" line-rate="1" branch-rate="1">
      <classes>
        <class name="jest-dynalite-config.js" filename="jest-dynalite-config.js" line-rate="1" branch-rate="1">
          <methods>
          </methods>
          <lines>
            <line number="4" hits="68" branch="false"/>
            <line number="11" hits="68" branch="false"/>
            <line number="12" hits="68" branch="false"/>
            <line number="13" hits="68" branch="false"/>
            <line number="14" hits="68" branch="false"/>
            <line number="15" hits="68" branch="false"/>
            <line number="16" hits="68" branch="false"/>
            <line number="17" hits="68" branch="false"/>
            <line number="18" hits="68" branch="false"/>
            <line number="19" hits="68" branch="false"/>
            <line number="20" hits="68" branch="false"/>
            <line number="21" hits="68" branch="false"/>
            <line number="23" hits="68" branch="false"/>
          </lines>
        </class>
      </classes>
    </package>
    <package name="reports-service.reports-service" line-rate="1" branch-rate="1">
      <classes>
        <class name="app.ts" filename="reports-service/app.ts" line-rate="1" branch-rate="1">
          <methods>
            <method name="(anonymous_1)" hits="162" signature="()V">
              <lines>
                <line number="18" hits="162"/>
              </lines>
            </method>
            <method name="(anonymous_2)" hits="162" signature="()V">
              <lines>
                <line number="20" hits="162"/>
              </lines>
            </method>
            <method name="(anonymous_3)" hits="162" signature="()V">
              <lines>
                <line number="28" hits="162"/>
              </lines>
            </method>
            <method name="assignId" hits="162" signature="()V">
              <lines>
                <line number="36" hits="162"/>
              </lines>
            </method>
          </methods>
          <lines>
            <line number="1" hits="10" branch="false"/>
            <line number="2" hits="10" branch="false"/>
            <line number="3" hits="10" branch="false"/>
            <line number="4" hits="10" branch="false"/>
            <line number="5" hits="10" branch="false"/>
            <line number="6" hits="10" branch="false"/>
            <line number="8" hits="10" branch="false"/>
            <line number="9" hits="10" branch="false"/>
            <line number="10" hits="10" branch="false"/>
            <line number="11" hits="10" branch="false"/>
            <line number="13" hits="10" branch="false"/>
            <line number="14" hits="10" branch="false"/>
            <line number="15" hits="10" branch="false"/>
            <line number="16" hits="10" branch="false"/>
            <line number="18" hits="162" branch="false"/>
            <line number="20" hits="10" branch="false"/>
            <line number="21" hits="162" branch="true" condition-coverage="100% (1/1)"/>
            <line number="22" hits="103" branch="false"/>
            <line number="25" hits="59" branch="false"/>
            <line number="28" hits="10" branch="false"/>
            <line number="29" hits="162" branch="true" condition-coverage="100% (1/1)"/>
            <line number="30" hits="103" branch="true" condition-coverage="100% (2/2)"/>
            <line number="32" hits="59" branch="false"/>
            <line number="37" hits="162" branch="false"/>
            <line number="38" hits="162" branch="false"/>
            <line number="40" hits="10" branch="false"/>
            <line number="42" hits="10" branch="false"/>
            <line number="49" hits="10" branch="false"/>
            <line number="51" hits="10" branch="false"/>
          </lines>
        </class>
        <class name="lambda.ts" filename="reports-service/lambda.ts" line-rate="1" branch-rate="1">
          <methods>
            <method name="(anonymous_0)" hits="4" signature="()V">
              <lines>
                <line number="5" hits="4"/>
              </lines>
            </method>
          </methods>
          <lines>
            <line number="3" hits="1" branch="false"/>
            <line number="5" hits="1" branch="false"/>
            <line number="6" hits="4" branch="false"/>
            <line number="7" hits="4" branch="true" condition-coverage="100% (2/2)"/>
            <line number="9" hits="4" branch="false"/>
            <line number="10" hits="4" branch="false"/>
            <line number="16" hits="4" branch="false"/>
          </lines>
        </class>
      </classes>
    </package>
    <package name="reports-service.reports-service.app.config" line-rate="1" branch-rate="0.6">
      <classes>
        <class name="base-config.ts" filename="reports-service/app/config/base-config.ts" line-rate="1" branch-rate="0.6666">
          <methods>
          </methods>
          <lines>
            <line number="1" hits="28" branch="true" condition-coverage="100% (2/2)"/>
            <line number="3" hits="28" branch="false"/>
            <line number="9" hits="28" branch="false"/>
          </lines>
        </class>
        <class name="dev-config.ts" filename="reports-service/app/config/dev-config.ts" line-rate="1" branch-rate="0.5714">
          <methods>
          </methods>
          <lines>
            <line number="11" hits="28" branch="false"/>
            <line number="13" hits="28" branch="false"/>
            <line number="15" hits="28" branch="true" condition-coverage="100% (1/1)"/>
            <line number="16" hits="28" branch="false"/>
            <line number="19" hits="28" branch="false"/>
            <line number="33" hits="28" branch="false"/>
          </lines>
        </class>
        <class name="index.ts" filename="reports-service/app/config/index.ts" line-rate="1" branch-rate="1">
          <methods>
          </methods>
          <lines>
            <line number="1" hits="28" branch="false"/>
            <line number="2" hits="28" branch="false"/>
            <line number="3" hits="28" branch="false"/>
            <line number="5" hits="28" branch="false"/>
          </lines>
        </class>
      </classes>
    </package>
    <package name="reports-service.reports-service.app.config.lib" line-rate="1" branch-rate="1">
      <classes>
        <class name="dbClient.ts" filename="reports-service/app/config/lib/dbClient.ts" line-rate="1" branch-rate="1">
          <methods>
          </methods>
          <lines>
            <line number="1" hits="28" branch="false"/>
            <line number="3" hits="28" branch="false"/>
            <line number="5" hits="28" branch="false"/>
          </lines>
        </class>
        <class name="escClient.ts" filename="reports-service/app/config/lib/escClient.ts" line-rate="1" branch-rate="1">
          <methods>
          </methods>
          <lines>
            <line number="7" hits="28" branch="false"/>
            <line number="9" hits="28" branch="false"/>
            <line number="11" hits="28" branch="false"/>
          </lines>
        </class>
        <class name="index.ts" filename="reports-service/app/config/lib/index.ts" line-rate="1" branch-rate="1">
          <methods>
          </methods>
          <lines>
            <line number="1" hits="28" branch="false"/>
            <line number="2" hits="28" branch="false"/>
            <line number="4" hits="28" branch="false"/>
          </lines>
        </class>
      </classes>
    </package>
    <package name="reports-service.reports-service.app.constants" line-rate="1" branch-rate="0.5714">
      <classes>
        <class name="cacheKeys.ts" filename="reports-service/app/constants/cacheKeys.ts" line-rate="1" branch-rate="1">
          <methods>
          </methods>
          <lines>
            <line number="7" hits="23" branch="false"/>
            <line number="9" hits="23" branch="false"/>
            <line number="13" hits="23" branch="false"/>
          </lines>
        </class>
        <class name="commonServiceConstants.ts" filename="reports-service/app/constants/commonServiceConstants.ts" line-rate="1" branch-rate="0.5">
          <methods>
          </methods>
          <lines>
            <line number="1" hits="23" branch="false"/>
          </lines>
        </class>
        <class name="complianceConstants.ts" filename="reports-service/app/constants/complianceConstants.ts" line-rate="1" branch-rate="1">
          <methods>
          </methods>
          <lines>
            <line number="1" hits="23" branch="false"/>
          </lines>
        </class>
        <class name="index.ts" filename="reports-service/app/constants/index.ts" line-rate="1" branch-rate="0.5">
          <methods>
          </methods>
          <lines>
            <line number="1" hits="23" branch="false"/>
            <line number="2" hits="23" branch="false"/>
            <line number="3" hits="23" branch="false"/>
            <line number="4" hits="23" branch="false"/>
            <line number="6" hits="23" branch="false"/>
          </lines>
        </class>
        <class name="reportsServiceConstants.ts" filename="reports-service/app/constants/reportsServiceConstants.ts" line-rate="1" branch-rate="0.625">
          <methods>
          </methods>
          <lines>
            <line number="1" hits="23" branch="false"/>
          </lines>
        </class>
      </classes>
    </package>
    <package name="reports-service.reports-service.app.controllers" line-rate="0.7509" branch-rate="0.3973">
      <classes>
        <class name="apiDocs.ts" filename="reports-service/app/controllers/apiDocs.ts" line-rate="1" branch-rate="1">
          <methods>
            <method name="(anonymous_1)" hits="1" signature="()V">
              <lines>
                <line number="12" hits="1"/>
              </lines>
            </method>
          </methods>
          <lines>
            <line number="2" hits="10" branch="false"/>
            <line number="3" hits="10" branch="false"/>
            <line number="4" hits="10" branch="false"/>
            <line number="7" hits="10" branch="false"/>
            <line number="9" hits="10" branch="false"/>
            <line number="10" hits="10" branch="false"/>
            <line number="12" hits="10" branch="false"/>
            <line number="13" hits="1" branch="false"/>
            <line number="14" hits="1" branch="false"/>
            <line number="15" hits="1" branch="false"/>
            <line number="16" hits="1" branch="false"/>
            <line number="19" hits="10" branch="false"/>
          </lines>
        </class>
        <class name="complianceReports.ts" filename="reports-service/app/controllers/complianceReports.ts" line-rate="0.7095999999999999" branch-rate="0.35710000000000003">
          <methods>
            <method name="(anonymous_7)" hits="2" signature="()V">
              <lines>
                <line number="21" hits="2"/>
              </lines>
            </method>
            <method name="(anonymous_8)" hits="3" signature="()V">
              <lines>
                <line number="47" hits="3"/>
              </lines>
            </method>
            <method name="(anonymous_9)" hits="5" signature="()V">
              <lines>
                <line number="66" hits="5"/>
              </lines>
            </method>
            <method name="(anonymous_10)" hits="2" signature="()V">
              <lines>
                <line number="95" hits="2"/>
              </lines>
            </method>
            <method name="(anonymous_11)" hits="3" signature="()V">
              <lines>
                <line number="105" hits="3"/>
              </lines>
            </method>
            <method name="(anonymous_12)" hits="0" signature="()V">
              <lines>
                <line number="131" hits="0"/>
              </lines>
            </method>
            <method name="(anonymous_13)" hits="4" signature="()V">
              <lines>
                <line number="184" hits="4"/>
              </lines>
            </method>
            <method name="(anonymous_14)" hits="1" signature="()V">
              <lines>
                <line number="211" hits="1"/>
              </lines>
            </method>
          </methods>
          <lines>
            <line number="9" hits="10" branch="false"/>
            <line number="10" hits="10" branch="false"/>
            <line number="11" hits="10" branch="false"/>
            <line number="12" hits="10" branch="false"/>
            <line number="14" hits="10" branch="false"/>
            <line number="16" hits="10" branch="false"/>
            <line number="17" hits="10" branch="false"/>
            <line number="19" hits="10" branch="false"/>
            <line number="21" hits="10" branch="false"/>
            <line number="22" hits="2" branch="true" condition-coverage="0% (0/1)"/>
            <line number="23" hits="2" branch="false"/>
            <line number="24" hits="2" branch="false"/>
            <line number="25" hits="2" branch="true" condition-coverage="100% (1/1)"/>
            <line number="26" hits="1" branch="false"/>
            <line number="31" hits="1" branch="false"/>
            <line number="32" hits="1" branch="false"/>
            <line number="33" hits="1" branch="false"/>
            <line number="39" hits="1" branch="false"/>
            <line number="41" hits="0" branch="false"/>
            <line number="42" hits="0" branch="false"/>
            <line number="43" hits="0" branch="false"/>
            <line number="47" hits="10" branch="false"/>
            <line number="48" hits="3" branch="true" condition-coverage="0% (0/1)"/>
            <line number="49" hits="3" branch="false"/>
            <line number="50" hits="3" branch="false"/>
            <line number="51" hits="3" branch="true" condition-coverage="100% (1/1)"/>
            <line number="52" hits="1" branch="false"/>
            <line number="57" hits="2" branch="false"/>
            <line number="58" hits="2" branch="true" condition-coverage="100% (1/1)"/>
            <line number="59" hits="1" branch="false"/>
            <line number="60" hits="1" branch="false"/>
            <line number="61" hits="1" branch="false"/>
            <line number="63" hits="1" branch="false"/>
            <line number="66" hits="10" branch="false"/>
            <line number="67" hits="5" branch="true" condition-coverage="0% (0/1)"/>
            <line number="68" hits="5" branch="false"/>
            <line number="69" hits="5" branch="false"/>
            <line number="70" hits="5" branch="true" condition-coverage="100% (1/1)"/>
            <line number="71" hits="1" branch="false"/>
            <line number="76" hits="4" branch="true" condition-coverage="100% (1/1)"/>
            <line number="77" hits="4" branch="false"/>
            <line number="78" hits="4" branch="false"/>
            <line number="84" hits="2" branch="true" condition-coverage="0% (0/1)"/>
            <line number="85" hits="0" branch="false"/>
            <line number="87" hits="2" branch="false"/>
            <line number="89" hits="2" branch="true" condition-coverage="100% (2/2)"/>
            <line number="90" hits="2" branch="false"/>
            <line number="91" hits="2" branch="false"/>
            <line number="95" hits="10" branch="false"/>
            <line number="96" hits="2" branch="false"/>
            <line number="97" hits="2" branch="false"/>
            <line number="98" hits="2" branch="false"/>
            <line number="99" hits="2" branch="true" condition-coverage="100% (1/1)"/>
            <line number="100" hits="1" branch="false"/>
            <line number="102" hits="1" branch="false"/>
            <line number="105" hits="10" branch="false"/>
            <line number="106" hits="3" branch="true" condition-coverage="0% (0/1)"/>
            <line number="107" hits="3" branch="false"/>
            <line number="108" hits="3" branch="false"/>
            <line number="109" hits="3" branch="true" condition-coverage="100% (1/1)"/>
            <line number="110" hits="1" branch="false"/>
            <line number="115" hits="2" branch="false"/>
            <line number="116" hits="2" branch="false"/>
            <line number="123" hits="1" branch="false"/>
            <line number="125" hits="1" branch="false"/>
            <line number="126" hits="1" branch="false"/>
            <line number="127" hits="1" branch="false"/>
            <line number="131" hits="10" branch="false"/>
            <line number="132" hits="0" branch="true" condition-coverage="0% (0/1)"/>
            <line number="133" hits="0" branch="false"/>
            <line number="134" hits="0" branch="false"/>
            <line number="135" hits="0" branch="true" condition-coverage="0% (0/1)"/>
            <line number="136" hits="0" branch="false"/>
            <line number="140" hits="0" branch="false"/>
            <line number="141" hits="0" branch="false"/>
            <line number="142" hits="0" branch="true" condition-coverage="0% (0/1)"/>
            <line number="143" hits="0" branch="false"/>
            <line number="144" hits="0" branch="false"/>
            <line number="146" hits="0" branch="true" condition-coverage="0% (0/2)"/>
            <line number="147" hits="0" branch="false"/>
            <line number="148" hits="0" branch="false"/>
            <line number="154" hits="0" branch="false"/>
            <line number="155" hits="0" branch="false"/>
            <line number="159" hits="0" branch="false"/>
            <line number="160" hits="0" branch="true" condition-coverage="0% (0/3)"/>
            <line number="161" hits="0" branch="true" condition-coverage="0% (0/3)"/>
            <line number="162" hits="0" branch="false"/>
            <line number="163" hits="0" branch="false"/>
            <line number="175" hits="0" branch="false"/>
            <line number="177" hits="0" branch="false"/>
            <line number="178" hits="0" branch="false"/>
            <line number="179" hits="0" branch="false"/>
            <line number="180" hits="0" branch="false"/>
            <line number="184" hits="10" branch="false"/>
            <line number="185" hits="4" branch="true" condition-coverage="0% (0/1)"/>
            <line number="186" hits="4" branch="true" condition-coverage="100% (1/1)"/>
            <line number="187" hits="1" branch="false"/>
            <line number="191" hits="3" branch="false"/>
            <line number="192" hits="3" branch="false"/>
            <line number="194" hits="3" branch="false"/>
            <line number="195" hits="3" branch="false"/>
            <line number="203" hits="3" branch="false"/>
            <line number="205" hits="0" branch="false"/>
            <line number="206" hits="0" branch="false"/>
            <line number="207" hits="0" branch="false"/>
            <line number="211" hits="10" branch="false"/>
            <line number="212" hits="1" branch="false"/>
            <line number="213" hits="1" branch="false"/>
            <line number="214" hits="1" branch="true" condition-coverage="0% (0/1)"/>
            <line number="215" hits="0" branch="false"/>
            <line number="220" hits="1" branch="false"/>
            <line number="221" hits="1" branch="false"/>
            <line number="222" hits="1" branch="false"/>
            <line number="224" hits="0" branch="false"/>
            <line number="225" hits="0" branch="false"/>
            <line number="226" hits="0" branch="false"/>
            <line number="231" hits="10" branch="false"/>
            <line number="232" hits="10" branch="false"/>
            <line number="233" hits="10" branch="false"/>
            <line number="234" hits="10" branch="false"/>
            <line number="235" hits="10" branch="false"/>
            <line number="236" hits="10" branch="false"/>
            <line number="237" hits="10" branch="false"/>
            <line number="238" hits="10" branch="false"/>
          </lines>
        </class>
        <class name="courseTrackerReports.ts" filename="reports-service/app/controllers/courseTrackerReports.ts" line-rate="0.9629000000000001" branch-rate="0.6666">
          <methods>
            <method name="(anonymous_7)" hits="5" signature="()V">
              <lines>
                <line number="11" hits="5"/>
              </lines>
            </method>
          </methods>
          <lines>
            <line number="2" hits="10" branch="false"/>
            <line number="3" hits="10" branch="false"/>
            <line number="4" hits="10" branch="false"/>
            <line number="5" hits="10" branch="false"/>
            <line number="6" hits="10" branch="false"/>
            <line number="8" hits="10" branch="false"/>
            <line number="9" hits="10" branch="false"/>
            <line number="11" hits="10" branch="false"/>
            <line number="12" hits="5" branch="false"/>
            <line number="13" hits="5" branch="false"/>
            <line number="15" hits="5" branch="false"/>
            <line number="17" hits="4" branch="false"/>
            <line number="19" hits="4" branch="true" condition-coverage="100% (2/2)"/>
            <line number="21" hits="2" branch="false"/>
            <line number="25" hits="1" branch="false"/>
            <line number="31" hits="1" branch="false"/>
            <line number="33" hits="1" branch="true" condition-coverage="50% (1/2)"/>
            <line number="37" hits="1" branch="false"/>
            <line number="40" hits="2" branch="false"/>
            <line number="43" hits="2" branch="false"/>
            <line number="47" hits="2" branch="true" condition-coverage="50% (1/2)"/>
            <line number="51" hits="2" branch="false"/>
            <line number="53" hits="2" branch="true" condition-coverage="66.66666666666666% (2/3)"/>
            <line number="55" hits="1" branch="false"/>
            <line number="57" hits="1" branch="false"/>
            <line number="59" hits="0" branch="false"/>
            <line number="64" hits="10" branch="false"/>
          </lines>
        </class>
        <class name="customerMessages.ts" filename="reports-service/app/controllers/customerMessages.ts" line-rate="0.72" branch-rate="0.36840000000000006">
          <methods>
            <method name="(anonymous_1)" hits="5" signature="()V">
              <lines>
                <line number="16" hits="5"/>
              </lines>
            </method>
            <method name="(anonymous_2)" hits="5" signature="()V">
              <lines>
                <line number="43" hits="5"/>
              </lines>
            </method>
            <method name="(anonymous_3)" hits="5" signature="()V">
              <lines>
                <line number="55" hits="5"/>
              </lines>
            </method>
            <method name="(anonymous_4)" hits="0" signature="()V">
              <lines>
                <line number="60" hits="0"/>
              </lines>
            </method>
            <method name="(anonymous_5)" hits="7" signature="()V">
              <lines>
                <line number="94" hits="7"/>
              </lines>
            </method>
            <method name="(anonymous_6)" hits="5" signature="()V">
              <lines>
                <line number="168" hits="5"/>
              </lines>
            </method>
          </methods>
          <lines>
            <line number="8" hits="10" branch="false"/>
            <line number="9" hits="10" branch="false"/>
            <line number="10" hits="10" branch="false"/>
            <line number="11" hits="10" branch="false"/>
            <line number="12" hits="10" branch="false"/>
            <line number="13" hits="10" branch="false"/>
            <line number="16" hits="10" branch="false"/>
            <line number="17" hits="5" branch="false"/>
            <line number="33" hits="5" branch="true" condition-coverage="100% (2/2)"/>
            <line number="34" hits="2" branch="false"/>
            <line number="35" hits="2" branch="false"/>
            <line number="37" hits="3" branch="false"/>
            <line number="38" hits="3" branch="false"/>
            <line number="40" hits="5" branch="false"/>
            <line number="43" hits="10" branch="false"/>
            <line number="50" hits="5" branch="false"/>
            <line number="51" hits="5" branch="false"/>
            <line number="52" hits="5" branch="false"/>
            <line number="53" hits="5" branch="false"/>
            <line number="56" hits="5" branch="false"/>
            <line number="58" hits="5" branch="true" condition-coverage="0% (0/1)"/>
            <line number="59" hits="0" branch="false"/>
            <line number="70" hits="0" branch="true" condition-coverage="0% (0/3)"/>
            <line number="71" hits="0" branch="false"/>
            <line number="73" hits="0" branch="true" condition-coverage="0% (0/2)"/>
            <line number="77" hits="5" branch="false"/>
            <line number="84" hits="5" branch="false"/>
            <line number="93" hits="5" branch="false"/>
            <line number="108" hits="7" branch="true" condition-coverage="0% (0/1)"/>
            <line number="109" hits="0" branch="false"/>
            <line number="111" hits="7" branch="true" condition-coverage="100% (1/1)"/>
            <line number="112" hits="7" branch="false"/>
            <line number="114" hits="7" branch="true" condition-coverage="50% (1/2)"/>
            <line number="115" hits="7" branch="false"/>
            <line number="116" hits="0" branch="true" condition-coverage="0% (0/2)"/>
            <line number="117" hits="0" branch="false"/>
            <line number="119" hits="0" branch="false"/>
            <line number="121" hits="7" branch="true" condition-coverage="100% (2/2)"/>
            <line number="122" hits="7" branch="true" condition-coverage="0% (0/1)"/>
            <line number="123" hits="0" branch="false"/>
            <line number="124" hits="0" branch="false"/>
            <line number="126" hits="7" branch="true" condition-coverage="100% (2/2)"/>
            <line number="128" hits="7" branch="true" condition-coverage="50% (1/2)"/>
            <line number="129" hits="0" branch="true" condition-coverage="0% (0/2)"/>
            <line number="130" hits="0" branch="false"/>
            <line number="132" hits="0" branch="true" condition-coverage="0% (0/2)"/>
            <line number="138" hits="0" branch="false"/>
            <line number="144" hits="0" branch="false"/>
            <line number="146" hits="0" branch="true" condition-coverage="0% (0/1)"/>
            <line number="147" hits="0" branch="true" condition-coverage="0% (0/2)"/>
            <line number="150" hits="7" branch="false"/>
            <line number="151" hits="7" branch="false"/>
            <line number="157" hits="7" branch="true" condition-coverage="0% (0/1)"/>
            <line number="158" hits="0" branch="true" condition-coverage="0% (0/2)"/>
            <line number="160" hits="7" branch="true" condition-coverage="100% (3/3)"/>
            <line number="161" hits="7" branch="false"/>
            <line number="165" hits="5" branch="false"/>
            <line number="168" hits="10" branch="false"/>
            <line number="169" hits="5" branch="false"/>
            <line number="170" hits="5" branch="false"/>
            <line number="171" hits="5" branch="true" condition-coverage="100% (1/1)"/>
            <line number="172" hits="5" branch="true" condition-coverage="50% (1/2)"/>
            <line number="173" hits="5" branch="false"/>
            <line number="179" hits="5" branch="true" condition-coverage="100% (4/4)"/>
            <line number="180" hits="2" branch="false"/>
            <line number="181" hits="2" branch="false"/>
            <line number="182" hits="2" branch="false"/>
            <line number="184" hits="5" branch="false"/>
            <line number="185" hits="5" branch="false"/>
            <line number="186" hits="5" branch="false"/>
            <line number="187" hits="5" branch="false"/>
            <line number="189" hits="0" branch="true" condition-coverage="0% (0/2)"/>
            <line number="193" hits="0" branch="false"/>
            <line number="194" hits="0" branch="false"/>
            <line number="198" hits="10" branch="false"/>
          </lines>
        </class>
        <class name="formsReports.ts" filename="reports-service/app/controllers/formsReports.ts" line-rate="0.738" branch-rate="0.36950000000000005">
          <methods>
            <method name="(anonymous_7)" hits="5" signature="()V">
              <lines>
                <line number="17" hits="5"/>
              </lines>
            </method>
            <method name="(anonymous_8)" hits="19" signature="()V">
              <lines>
                <line number="43" hits="19"/>
              </lines>
            </method>
            <method name="(anonymous_9)" hits="7" signature="()V">
              <lines>
                <line number="98" hits="7"/>
              </lines>
            </method>
            <method name="(anonymous_10)" hits="0" signature="()V">
              <lines>
                <line number="162" hits="0"/>
              </lines>
            </method>
          </methods>
          <lines>
            <line number="8" hits="10" branch="false"/>
            <line number="9" hits="10" branch="false"/>
            <line number="10" hits="10" branch="false"/>
            <line number="13" hits="10" branch="false"/>
            <line number="14" hits="10" branch="false"/>
            <line number="17" hits="10" branch="false"/>
            <line number="18" hits="5" branch="false"/>
            <line number="19" hits="5" branch="false"/>
            <line number="21" hits="5" branch="false"/>
            <line number="23" hits="5" branch="false"/>
            <line number="24" hits="5" branch="false"/>
            <line number="25" hits="5" branch="true" condition-coverage="100% (1/1)"/>
            <line number="26" hits="1" branch="false"/>
            <line number="28" hits="4" branch="false"/>
            <line number="32" hits="4" branch="false"/>
            <line number="33" hits="4" branch="false"/>
            <line number="34" hits="4" branch="false"/>
            <line number="36" hits="0" branch="false"/>
            <line number="37" hits="0" branch="false"/>
            <line number="43" hits="10" branch="false"/>
            <line number="44" hits="19" branch="true" condition-coverage="0% (0/1)"/>
            <line number="45" hits="19" branch="true" condition-coverage="50% (1/2)"/>
            <line number="46" hits="19" branch="false"/>
            <line number="47" hits="19" branch="false"/>
            <line number="48" hits="19" branch="false"/>
            <line number="49" hits="19" branch="true" condition-coverage="33.33333333333333% (1/3)"/>
            <line number="51" hits="19" branch="true" condition-coverage="100% (3/3)"/>
            <line number="52" hits="19" branch="false"/>
            <line number="57" hits="18" branch="true" condition-coverage="100% (1/1)"/>
            <line number="58" hits="1" branch="false"/>
            <line number="62" hits="17" branch="false"/>
            <line number="63" hits="17" branch="true" condition-coverage="0% (0/1)"/>
            <line number="64" hits="0" branch="false"/>
            <line number="65" hits="0" branch="false"/>
            <line number="70" hits="17" branch="false"/>
            <line number="79" hits="17" branch="false"/>
            <line number="80" hits="17" branch="true" condition-coverage="0% (0/1)"/>
            <line number="81" hits="0" branch="false"/>
            <line number="85" hits="17" branch="true" condition-coverage="100% (1/1)"/>
            <line number="86" hits="4" branch="false"/>
            <line number="88" hits="13" branch="false"/>
            <line number="93" hits="1" branch="false"/>
            <line number="94" hits="1" branch="false"/>
            <line number="98" hits="10" branch="false"/>
            <line number="99" hits="7" branch="true" condition-coverage="0% (0/1)"/>
            <line number="100" hits="7" branch="true" condition-coverage="50% (1/2)"/>
            <line number="101" hits="7" branch="false"/>
            <line number="104" hits="7" branch="false"/>
            <line number="105" hits="7" branch="true" condition-coverage="33.33333333333333% (1/3)"/>
            <line number="107" hits="7" branch="true" condition-coverage="100% (3/3)"/>
            <line number="108" hits="7" branch="false"/>
            <line number="109" hits="7" branch="false"/>
            <line number="114" hits="7" branch="true" condition-coverage="0% (0/1)"/>
            <line number="115" hits="0" branch="false"/>
            <line number="117" hits="7" branch="false"/>
            <line number="127" hits="6" branch="true" condition-coverage="100% (1/1)"/>
            <line number="128" hits="3" branch="false"/>
            <line number="132" hits="3" branch="false"/>
            <line number="138" hits="3" branch="false"/>
            <line number="139" hits="3" branch="true" condition-coverage="0% (0/3)"/>
            <line number="140" hits="3" branch="true" condition-coverage="100% (3/3)"/>
            <line number="141" hits="3" branch="false"/>
            <line number="142" hits="3" branch="false"/>
            <line number="153" hits="3" branch="false"/>
            <line number="155" hits="1" branch="false"/>
            <line number="158" hits="1" branch="false"/>
            <line number="162" hits="10" branch="false"/>
            <line number="163" hits="0" branch="true" condition-coverage="0% (0/1)"/>
            <line number="164" hits="0" branch="true" condition-coverage="0% (0/2)"/>
            <line number="165" hits="0" branch="true" condition-coverage="0% (0/5)"/>
            <line number="167" hits="0" branch="true" condition-coverage="0% (0/3)"/>
            <line number="169" hits="0" branch="false"/>
            <line number="173" hits="0" branch="false"/>
            <line number="174" hits="0" branch="false"/>
            <line number="180" hits="0" branch="true" condition-coverage="0% (0/1)"/>
            <line number="181" hits="0" branch="false"/>
            <line number="184" hits="0" branch="false"/>
            <line number="190" hits="0" branch="true" condition-coverage="0% (0/1)"/>
            <line number="191" hits="0" branch="false"/>
            <line number="194" hits="0" branch="false"/>
            <line number="204" hits="0" branch="false"/>
            <line number="206" hits="0" branch="false"/>
            <line number="212" hits="0" branch="false"/>
            <line number="216" hits="10" branch="false"/>
          </lines>
        </class>
        <class name="health.ts" filename="reports-service/app/controllers/health.ts" line-rate="1" branch-rate="1">
          <methods>
            <method name="(anonymous_1)" hits="1" signature="()V">
              <lines>
                <line number="6" hits="1"/>
              </lines>
            </method>
          </methods>
          <lines>
            <line number="2" hits="10" branch="false"/>
            <line number="3" hits="10" branch="false"/>
            <line number="6" hits="10" branch="false"/>
            <line number="7" hits="1" branch="false"/>
            <line number="8" hits="1" branch="false"/>
            <line number="9" hits="1" branch="false"/>
            <line number="12" hits="10" branch="false"/>
          </lines>
        </class>
        <class name="rampingReports.ts" filename="reports-service/app/controllers/rampingReports.ts" line-rate="0.9687" branch-rate="0.5">
          <methods>
            <method name="(anonymous_1)" hits="5" signature="()V">
              <lines>
                <line number="26" hits="5"/>
              </lines>
            </method>
            <method name="(anonymous_2)" hits="27" signature="()V">
              <lines>
                <line number="68" hits="27"/>
              </lines>
            </method>
            <method name="(anonymous_3)" hits="27" signature="()V">
              <lines>
                <line number="69" hits="27"/>
              </lines>
            </method>
          </methods>
          <lines>
            <line number="8" hits="10" branch="false"/>
            <line number="9" hits="10" branch="false"/>
            <line number="10" hits="10" branch="false"/>
            <line number="13" hits="10" branch="false"/>
            <line number="14" hits="10" branch="false"/>
            <line number="19" hits="10" branch="false"/>
            <line number="26" hits="10" branch="false"/>
            <line number="27" hits="5" branch="false"/>
            <line number="28" hits="5" branch="false"/>
            <line number="30" hits="5" branch="false"/>
            <line number="32" hits="5" branch="false"/>
            <line number="33" hits="5" branch="true" condition-coverage="100% (1/1)"/>
            <line number="34" hits="2" branch="false"/>
            <line number="35" hits="2" branch="false"/>
            <line number="41" hits="3" branch="false"/>
            <line number="47" hits="2" branch="false"/>
            <line number="51" hits="2" branch="false"/>
            <line number="55" hits="1" branch="false"/>
            <line number="58" hits="1" branch="false"/>
            <line number="68" hits="10" branch="false"/>
            <line number="69" hits="27" branch="false"/>
            <line number="70" hits="27" branch="false"/>
            <line number="71" hits="27" branch="true" condition-coverage="0% (0/1)"/>
            <line number="76" hits="27" branch="false"/>
            <line number="81" hits="27" branch="true" condition-coverage="100% (1/1)"/>
            <line number="82" hits="2" branch="false"/>
            <line number="83" hits="2" branch="false"/>
            <line number="90" hits="25" branch="false"/>
            <line number="92" hits="25" branch="true" condition-coverage="0% (0/1)"/>
            <line number="93" hits="0" branch="false"/>
            <line number="96" hits="25" branch="false"/>
            <line number="103" hits="10" branch="false"/>
          </lines>
        </class>
        <class name="trackerReports.ts" filename="reports-service/app/controllers/trackerReports.ts" line-rate="0.9555" branch-rate="0.5714">
          <methods>
            <method name="(anonymous_1)" hits="12" signature="()V">
              <lines>
                <line number="30" hits="12"/>
              </lines>
            </method>
          </methods>
          <lines>
            <line number="11" hits="10" branch="false"/>
            <line number="12" hits="10" branch="false"/>
            <line number="13" hits="10" branch="false"/>
            <line number="14" hits="10" branch="false"/>
            <line number="15" hits="10" branch="false"/>
            <line number="16" hits="10" branch="false"/>
            <line number="18" hits="10" branch="false"/>
            <line number="22" hits="10" branch="false"/>
            <line number="24" hits="10" branch="false"/>
            <line number="30" hits="10" branch="false"/>
            <line number="31" hits="12" branch="false"/>
            <line number="32" hits="12" branch="false"/>
            <line number="34" hits="12" branch="false"/>
            <line number="36" hits="12" branch="false"/>
            <line number="37" hits="12" branch="false"/>
            <line number="38" hits="12" branch="true" condition-coverage="50% (1/2)"/>
            <line number="48" hits="12" branch="false"/>
            <line number="59" hits="12" branch="false"/>
            <line number="61" hits="12" branch="true" condition-coverage="100% (1/1)"/>
            <line number="63" hits="5" branch="false"/>
            <line number="64" hits="4" branch="false"/>
            <line number="67" hits="4" branch="false"/>
            <line number="71" hits="7" branch="true" condition-coverage="0% (0/1)"/>
            <line number="77" hits="7" branch="false"/>
            <line number="78" hits="7" branch="false"/>
            <line number="80" hits="7" branch="true" condition-coverage="0% (0/1)"/>
            <line number="81" hits="7" branch="true" condition-coverage="66.66666666666666% (2/3)"/>
            <line number="82" hits="0" branch="false"/>
            <line number="83" hits="0" branch="false"/>
            <line number="89" hits="7" branch="true" condition-coverage="100% (1/1)"/>
            <line number="90" hits="7" branch="true" condition-coverage="100% (3/3)"/>
            <line number="91" hits="1" branch="false"/>
            <line number="94" hits="7" branch="false"/>
            <line number="100" hits="7" branch="false"/>
            <line number="112" hits="1" branch="false"/>
            <line number="118" hits="7" branch="false"/>
            <line number="119" hits="7" branch="false"/>
            <line number="120" hits="7" branch="false"/>
            <line number="126" hits="7" branch="true" condition-coverage="50% (1/2)"/>
            <line number="127" hits="7" branch="true" condition-coverage="50% (1/2)"/>
            <line number="134" hits="7" branch="false"/>
            <line number="138" hits="7" branch="false"/>
            <line number="140" hits="1" branch="false"/>
            <line number="143" hits="1" branch="false"/>
            <line number="150" hits="10" branch="false"/>
          </lines>
        </class>
        <class name="workflowReports.ts" filename="reports-service/app/controllers/workflowReports.ts" line-rate="0.6136" branch-rate="0.3593">
          <methods>
            <method name="(anonymous_1)" hits="39" signature="()V">
              <lines>
                <line number="43" hits="39"/>
              </lines>
            </method>
            <method name="(anonymous_2)" hits="8" signature="()V">
              <lines>
                <line number="118" hits="8"/>
              </lines>
            </method>
            <method name="(anonymous_3)" hits="3" signature="()V">
              <lines>
                <line number="233" hits="3"/>
              </lines>
            </method>
            <method name="(anonymous_4)" hits="0" signature="()V">
              <lines>
                <line number="297" hits="0"/>
              </lines>
            </method>
          </methods>
          <lines>
            <line number="8" hits="10" branch="false"/>
            <line number="9" hits="10" branch="false"/>
            <line number="10" hits="10" branch="false"/>
            <line number="11" hits="10" branch="false"/>
            <line number="12" hits="10" branch="false"/>
            <line number="13" hits="10" branch="false"/>
            <line number="15" hits="10" branch="false"/>
            <line number="16" hits="10" branch="false"/>
            <line number="17" hits="10" branch="false"/>
            <line number="18" hits="10" branch="false"/>
            <line number="23" hits="10" branch="false"/>
            <line number="33" hits="10" branch="false"/>
            <line number="36" hits="10" branch="false"/>
            <line number="43" hits="10" branch="false"/>
            <line number="44" hits="39" branch="false"/>
            <line number="45" hits="39" branch="false"/>
            <line number="47" hits="39" branch="false"/>
            <line number="49" hits="39" branch="false"/>
            <line number="50" hits="39" branch="false"/>
            <line number="51" hits="39" branch="false"/>
            <line number="53" hits="39" branch="true" condition-coverage="0% (0/1)"/>
            <line number="54" hits="0" branch="false"/>
            <line number="61" hits="39" branch="true" condition-coverage="0% (0/1)"/>
            <line number="62" hits="0" branch="false"/>
            <line number="75" hits="39" branch="true" condition-coverage="100% (1/1)"/>
            <line number="76" hits="27" branch="true" condition-coverage="100% (2/2)"/>
            <line number="77" hits="27" branch="true" condition-coverage="100% (2/2)"/>
            <line number="81" hits="39" branch="true" condition-coverage="100% (2/2)"/>
            <line number="91" hits="36" branch="false"/>
            <line number="95" hits="36" branch="false"/>
            <line number="99" hits="3" branch="false"/>
            <line number="102" hits="3" branch="false"/>
            <line number="110" hits="10" branch="false"/>
            <line number="118" hits="10" branch="false"/>
            <line number="119" hits="8" branch="false"/>
            <line number="120" hits="8" branch="false"/>
            <line number="122" hits="8" branch="false"/>
            <line number="124" hits="8" branch="false"/>
            <line number="125" hits="8" branch="false"/>
            <line number="126" hits="8" branch="false"/>
            <line number="127" hits="8" branch="true" condition-coverage="33.33333333333333% (1/3)"/>
            <line number="128" hits="8" branch="true" condition-coverage="100% (2/2)"/>
            <line number="130" hits="8" branch="true" condition-coverage="100% (1/1)"/>
            <line number="132" hits="2" branch="false"/>
            <line number="139" hits="2" branch="false"/>
            <line number="140" hits="2" branch="false"/>
            <line number="143" hits="2" branch="true" condition-coverage="0% (0/1)"/>
            <line number="145" hits="2" branch="true" condition-coverage="66.66666666666666% (2/3)"/>
            <line number="147" hits="0" branch="false"/>
            <line number="148" hits="0" branch="false"/>
            <line number="157" hits="2" branch="true" condition-coverage="100% (1/1)"/>
            <line number="158" hits="2" branch="true" condition-coverage="33.33333333333333% (1/3)"/>
            <line number="159" hits="0" branch="false"/>
            <line number="163" hits="2" branch="false"/>
            <line number="169" hits="2" branch="false"/>
            <line number="181" hits="0" branch="false"/>
            <line number="187" hits="2" branch="false"/>
            <line number="188" hits="2" branch="false"/>
            <line number="189" hits="2" branch="false"/>
            <line number="192" hits="2" branch="false"/>
            <line number="193" hits="2" branch="true" condition-coverage="50% (1/2)"/>
            <line number="197" hits="2" branch="false"/>
            <line number="201" hits="2" branch="false"/>
            <line number="205" hits="6" branch="false"/>
            <line number="211" hits="6" branch="false"/>
            <line number="213" hits="6" branch="false"/>
            <line number="215" hits="0" branch="false"/>
            <line number="221" hits="0" branch="false"/>
            <line number="233" hits="10" branch="false"/>
            <line number="234" hits="3" branch="false"/>
            <line number="235" hits="3" branch="false"/>
            <line number="237" hits="3" branch="false"/>
            <line number="239" hits="3" branch="false"/>
            <line number="240" hits="3" branch="false"/>
            <line number="241" hits="3" branch="false"/>
            <line number="242" hits="3" branch="true" condition-coverage="33.33333333333333% (1/3)"/>
            <line number="245" hits="3" branch="true" condition-coverage="50% (1/2)"/>
            <line number="246" hits="3" branch="true" condition-coverage="100% (2/2)"/>
            <line number="250" hits="3" branch="true" condition-coverage="100% (3/3)"/>
            <line number="252" hits="3" branch="false"/>
            <line number="261" hits="3" branch="false"/>
            <line number="267" hits="3" branch="false"/>
            <line number="273" hits="3" branch="false"/>
            <line number="279" hits="0" branch="false"/>
            <line number="285" hits="0" branch="false"/>
            <line number="297" hits="10" branch="false"/>
            <line number="298" hits="0" branch="false"/>
            <line number="299" hits="0" branch="false"/>
            <line number="301" hits="0" branch="false"/>
            <line number="303" hits="0" branch="false"/>
            <line number="304" hits="0" branch="false"/>
            <line number="305" hits="0" branch="false"/>
            <line number="306" hits="0" branch="true" condition-coverage="0% (0/3)"/>
            <line number="309" hits="0" branch="true" condition-coverage="0% (0/2)"/>
            <line number="310" hits="0" branch="false"/>
            <line number="311" hits="0" branch="true" condition-coverage="0% (0/2)"/>
            <line number="315" hits="0" branch="true" condition-coverage="0% (0/3)"/>
            <line number="317" hits="0" branch="false"/>
            <line number="325" hits="0" branch="false"/>
            <line number="328" hits="0" branch="false"/>
            <line number="329" hits="0" branch="false"/>
            <line number="332" hits="0" branch="false"/>
            <line number="334" hits="0" branch="true" condition-coverage="0% (0/1)"/>
            <line number="335" hits="0" branch="false"/>
            <line number="342" hits="0" branch="false"/>
            <line number="352" hits="0" branch="false"/>
            <line number="355" hits="0" branch="false"/>
            <line number="356" hits="0" branch="false"/>
            <line number="359" hits="0" branch="true" condition-coverage="0% (0/1)"/>
            <line number="360" hits="0" branch="true" condition-coverage="0% (0/3)"/>
            <line number="361" hits="0" branch="false"/>
            <line number="362" hits="0" branch="false"/>
            <line number="369" hits="0" branch="true" condition-coverage="0% (0/1)"/>
            <line number="370" hits="0" branch="true" condition-coverage="0% (0/3)"/>
            <line number="371" hits="0" branch="false"/>
            <line number="374" hits="0" branch="false"/>
            <line number="380" hits="0" branch="false"/>
            <line number="392" hits="0" branch="false"/>
            <line number="398" hits="0" branch="false"/>
            <line number="402" hits="0" branch="false"/>
            <line number="405" hits="0" branch="false"/>
            <line number="406" hits="0" branch="false"/>
            <line number="409" hits="0" branch="true" condition-coverage="0% (0/2)"/>
            <line number="413" hits="0" branch="false"/>
            <line number="417" hits="0" branch="false"/>
            <line number="419" hits="0" branch="false"/>
            <line number="425" hits="0" branch="false"/>
            <line number="433" hits="10" branch="false"/>
            <line number="434" hits="10" branch="false"/>
            <line number="435" hits="10" branch="false"/>
            <line number="436" hits="10" branch="false"/>
            <line number="437" hits="10" branch="false"/>
          </lines>
        </class>
      </classes>
    </package>
    <package name="reports-service.reports-service.app.decorators" line-rate="1" branch-rate="1">
      <classes>
        <class name="courseInitDecorators.ts" filename="reports-service/app/decorators/courseInitDecorators.ts" line-rate="1" branch-rate="1">
          <methods>
            <method name="(anonymous_1)" hits="16" signature="()V">
              <lines>
                <line number="5" hits="16"/>
              </lines>
            </method>
            <method name="(anonymous_2)" hits="4" signature="()V">
              <lines>
                <line number="13" hits="4"/>
              </lines>
            </method>
          </methods>
          <lines>
            <line number="1" hits="10" branch="false"/>
            <line number="2" hits="10" branch="false"/>
            <line number="5" hits="10" branch="false"/>
            <line number="8" hits="16" branch="false"/>
            <line number="13" hits="10" branch="false"/>
            <line number="22" hits="4" branch="false"/>
            <line number="35" hits="10" branch="false"/>
          </lines>
        </class>
        <class name="index.ts" filename="reports-service/app/decorators/index.ts" line-rate="1" branch-rate="1">
          <methods>
          </methods>
          <lines>
            <line number="1" hits="10" branch="false"/>
            <line number="3" hits="10" branch="false"/>
          </lines>
        </class>
      </classes>
    </package>
    <package name="reports-service.reports-service.app.services" line-rate="1" branch-rate="0.8332999999999999">
      <classes>
        <class name="helpers.ts" filename="reports-service/app/services/helpers.ts" line-rate="1" branch-rate="0.8332999999999999">
          <methods>
            <method name="(anonymous_0)" hits="46" signature="()V">
              <lines>
                <line number="14" hits="46"/>
              </lines>
            </method>
            <method name="(anonymous_1)" hits="21" signature="()V">
              <lines>
                <line number="14" hits="21"/>
              </lines>
            </method>
            <method name="(anonymous_2)" hits="46" signature="()V">
              <lines>
                <line number="22" hits="46"/>
              </lines>
            </method>
            <method name="(anonymous_3)" hits="21" signature="()V">
              <lines>
                <line number="22" hits="21"/>
              </lines>
            </method>
          </methods>
          <lines>
            <line number="1" hits="23" branch="false"/>
            <line number="14" hits="46" branch="false"/>
            <line number="18" hits="21" branch="true" condition-coverage="100% (2/2)"/>
            <line number="19" hits="21" branch="false"/>
            <line number="22" hits="46" branch="false"/>
            <line number="26" hits="21" branch="true" condition-coverage="50% (1/2)"/>
            <line number="27" hits="21" branch="true" condition-coverage="100% (2/2)"/>
            <line number="28" hits="21" branch="false"/>
            <line number="31" hits="23" branch="false"/>
          </lines>
        </class>
      </classes>
    </package>
    <package name="reports-service.reports-service.app.services.authorization" line-rate="1" branch-rate="0.5">
      <classes>
        <class name="authorizationService.ts" filename="reports-service/app/services/authorization/authorizationService.ts" line-rate="1" branch-rate="0.5">
          <methods>
            <method name="(anonymous_1)" hits="5" signature="()V">
              <lines>
                <line number="5" hits="5"/>
              </lines>
            </method>
          </methods>
          <lines>
            <line number="1" hits="10" branch="false"/>
            <line number="2" hits="10" branch="false"/>
            <line number="5" hits="10" branch="false"/>
            <line number="6" hits="5" branch="true" condition-coverage="0% (0/1)"/>
            <line number="7" hits="5" branch="true" condition-coverage="100% (1/1)"/>
            <line number="8" hits="1" branch="false"/>
            <line number="15" hits="10" branch="false"/>
          </lines>
        </class>
      </classes>
    </package>
    <package name="reports-service.reports-service.app.services.common" line-rate="0.8563" branch-rate="0.6092">
      <classes>
        <class name="commonQueries.ts" filename="reports-service/app/services/common/commonQueries.ts" line-rate="0.8" branch-rate="1">
          <methods>
            <method name="(anonymous_0)" hits="0" signature="()V">
              <lines>
                <line number="5" hits="0"/>
              </lines>
            </method>
            <method name="(anonymous_1)" hits="12" signature="()V">
              <lines>
                <line number="20" hits="12"/>
              </lines>
            </method>
            <method name="(anonymous_2)" hits="12" signature="()V">
              <lines>
                <line number="29" hits="12"/>
              </lines>
            </method>
            <method name="(anonymous_3)" hits="12" signature="()V">
              <lines>
                <line number="38" hits="12"/>
              </lines>
            </method>
            <method name="(anonymous_4)" hits="0" signature="()V">
              <lines>
                <line number="47" hits="0"/>
              </lines>
            </method>
          </methods>
          <lines>
            <line number="1" hits="23" branch="false"/>
            <line number="3" hits="23" branch="false"/>
            <line number="5" hits="23" branch="false"/>
            <line number="6" hits="0" branch="false"/>
            <line number="17" hits="0" branch="false"/>
            <line number="20" hits="23" branch="false"/>
            <line number="29" hits="23" branch="false"/>
            <line number="38" hits="23" branch="false"/>
            <line number="47" hits="23" branch="false"/>
            <line number="55" hits="23" branch="false"/>
          </lines>
        </class>
        <class name="commonService.ts" filename="reports-service/app/services/common/commonService.ts" line-rate="0.8579000000000001" branch-rate="0.6092">
          <methods>
            <method name="(anonymous_7)" hits="4" signature="()V">
              <lines>
                <line number="27" hits="4"/>
              </lines>
            </method>
            <method name="(anonymous_8)" hits="23" signature="()V">
              <lines>
                <line number="28" hits="23"/>
              </lines>
            </method>
            <method name="(anonymous_9)" hits="12" signature="()V">
              <lines>
                <line number="34" hits="12"/>
              </lines>
            </method>
            <method name="(anonymous_10)" hits="27" signature="()V">
              <lines>
                <line number="48" hits="27"/>
              </lines>
            </method>
            <method name="(anonymous_11)" hits="3" signature="()V">
              <lines>
                <line number="69" hits="3"/>
              </lines>
            </method>
            <method name="(anonymous_12)" hits="3" signature="()V">
              <lines>
                <line number="70" hits="3"/>
              </lines>
            </method>
            <method name="(anonymous_13)" hits="2" signature="()V">
              <lines>
                <line number="82" hits="2"/>
              </lines>
            </method>
            <method name="(anonymous_14)" hits="1" signature="()V">
              <lines>
                <line number="122" hits="1"/>
              </lines>
            </method>
            <method name="(anonymous_15)" hits="2" signature="()V">
              <lines>
                <line number="131" hits="2"/>
              </lines>
            </method>
            <method name="(anonymous_16)" hits="1" signature="()V">
              <lines>
                <line number="137" hits="1"/>
              </lines>
            </method>
            <method name="(anonymous_17)" hits="1" signature="()V">
              <lines>
                <line number="162" hits="1"/>
              </lines>
            </method>
            <method name="(anonymous_18)" hits="2" signature="()V">
              <lines>
                <line number="176" hits="2"/>
              </lines>
            </method>
            <method name="(anonymous_19)" hits="3" signature="()V">
              <lines>
                <line number="181" hits="3"/>
              </lines>
            </method>
            <method name="(anonymous_20)" hits="2" signature="()V">
              <lines>
                <line number="194" hits="2"/>
              </lines>
            </method>
            <method name="(anonymous_21)" hits="2" signature="()V">
              <lines>
                <line number="198" hits="2"/>
              </lines>
            </method>
            <method name="(anonymous_22)" hits="4" signature="()V">
              <lines>
                <line number="211" hits="4"/>
              </lines>
            </method>
            <method name="(anonymous_23)" hits="5" signature="()V">
              <lines>
                <line number="234" hits="5"/>
              </lines>
            </method>
            <method name="(anonymous_24)" hits="5" signature="()V">
              <lines>
                <line number="244" hits="5"/>
              </lines>
            </method>
            <method name="(anonymous_25)" hits="0" signature="()V">
              <lines>
                <line number="250" hits="0"/>
              </lines>
            </method>
            <method name="(anonymous_26)" hits="0" signature="()V">
              <lines>
                <line number="255" hits="0"/>
              </lines>
            </method>
            <method name="(anonymous_27)" hits="20" signature="()V">
              <lines>
                <line number="295" hits="20"/>
              </lines>
            </method>
            <method name="(anonymous_28)" hits="20" signature="()V">
              <lines>
                <line number="297" hits="20"/>
              </lines>
            </method>
            <method name="(anonymous_29)" hits="0" signature="()V">
              <lines>
                <line number="322" hits="0"/>
              </lines>
            </method>
            <method name="(anonymous_30)" hits="0" signature="()V">
              <lines>
                <line number="327" hits="0"/>
              </lines>
            </method>
            <method name="(anonymous_31)" hits="5" signature="()V">
              <lines>
                <line number="338" hits="5"/>
              </lines>
            </method>
            <method name="(anonymous_32)" hits="2" signature="()V">
              <lines>
                <line number="349" hits="2"/>
              </lines>
            </method>
            <method name="(anonymous_33)" hits="7" signature="()V">
              <lines>
                <line number="365" hits="7"/>
              </lines>
            </method>
            <method name="(anonymous_34)" hits="7" signature="()V">
              <lines>
                <line number="378" hits="7"/>
              </lines>
            </method>
            <method name="(anonymous_35)" hits="7" signature="()V">
              <lines>
                <line number="408" hits="7"/>
              </lines>
            </method>
            <method name="(anonymous_36)" hits="15" signature="()V">
              <lines>
                <line number="422" hits="15"/>
              </lines>
            </method>
            <method name="(anonymous_37)" hits="7" signature="()V">
              <lines>
                <line number="431" hits="7"/>
              </lines>
            </method>
            <method name="(anonymous_38)" hits="11" signature="()V">
              <lines>
                <line number="463" hits="11"/>
              </lines>
            </method>
            <method name="(anonymous_39)" hits="0" signature="()V">
              <lines>
                <line number="473" hits="0"/>
              </lines>
            </method>
            <method name="(anonymous_40)" hits="24" signature="()V">
              <lines>
                <line number="478" hits="24"/>
              </lines>
            </method>
            <method name="(anonymous_41)" hits="30" signature="()V">
              <lines>
                <line number="519" hits="30"/>
              </lines>
            </method>
            <method name="(anonymous_42)" hits="11" signature="()V">
              <lines>
                <line number="546" hits="11"/>
              </lines>
            </method>
            <method name="(anonymous_43)" hits="14" signature="()V">
              <lines>
                <line number="569" hits="14"/>
              </lines>
            </method>
            <method name="(anonymous_44)" hits="12" signature="()V">
              <lines>
                <line number="576" hits="12"/>
              </lines>
            </method>
            <method name="(anonymous_45)" hits="11" signature="()V">
              <lines>
                <line number="588" hits="11"/>
              </lines>
            </method>
            <method name="(anonymous_46)" hits="0" signature="()V">
              <lines>
                <line number="600" hits="0"/>
              </lines>
            </method>
            <method name="(anonymous_47)" hits="55" signature="()V">
              <lines>
                <line number="603" hits="55"/>
              </lines>
            </method>
            <method name="(anonymous_48)" hits="12" signature="()V">
              <lines>
                <line number="611" hits="12"/>
              </lines>
            </method>
            <method name="(anonymous_49)" hits="12" signature="()V">
              <lines>
                <line number="636" hits="12"/>
              </lines>
            </method>
            <method name="(anonymous_50)" hits="12" signature="()V">
              <lines>
                <line number="649" hits="12"/>
              </lines>
            </method>
            <method name="(anonymous_51)" hits="12" signature="()V">
              <lines>
                <line number="668" hits="12"/>
              </lines>
            </method>
            <method name="(anonymous_52)" hits="12" signature="()V">
              <lines>
                <line number="682" hits="12"/>
              </lines>
            </method>
            <method name="(anonymous_53)" hits="0" signature="()V">
              <lines>
                <line number="714" hits="0"/>
              </lines>
            </method>
            <method name="(anonymous_54)" hits="0" signature="()V">
              <lines>
                <line number="726" hits="0"/>
              </lines>
            </method>
            <method name="(anonymous_55)" hits="0" signature="()V">
              <lines>
                <line number="743" hits="0"/>
              </lines>
            </method>
          </methods>
          <lines>
            <line number="6" hits="24" branch="false"/>
            <line number="7" hits="24" branch="false"/>
            <line number="8" hits="24" branch="false"/>
            <line number="9" hits="24" branch="false"/>
            <line number="10" hits="24" branch="false"/>
            <line number="11" hits="24" branch="false"/>
            <line number="14" hits="24" branch="false"/>
            <line number="16" hits="24" branch="false"/>
            <line number="17" hits="24" branch="false"/>
            <line number="18" hits="24" branch="false"/>
            <line number="21" hits="24" branch="false"/>
            <line number="24" hits="24" branch="false"/>
            <line number="27" hits="24" branch="false"/>
            <line number="28" hits="24" branch="false"/>
            <line number="29" hits="23" branch="true" condition-coverage="50% (1/2)"/>
            <line number="34" hits="24" branch="false"/>
            <line number="35" hits="12" branch="false"/>
            <line number="36" hits="12" branch="false"/>
            <line number="48" hits="24" branch="false"/>
            <line number="55" hits="27" branch="true" condition-coverage="100% (1/1)"/>
            <line number="56" hits="17" branch="false"/>
            <line number="58" hits="10" branch="true" condition-coverage="100% (2/2)"/>
            <line number="61" hits="10" branch="false"/>
            <line number="64" hits="10" branch="false"/>
            <line number="65" hits="10" branch="false"/>
            <line number="66" hits="10" branch="false"/>
            <line number="69" hits="10" branch="false"/>
            <line number="70" hits="3" branch="false"/>
            <line number="71" hits="3" branch="false"/>
            <line number="72" hits="3" branch="true" condition-coverage="50% (1/2)"/>
            <line number="73" hits="3" branch="false"/>
            <line number="74" hits="3" branch="false"/>
            <line number="75" hits="3" branch="false"/>
            <line number="78" hits="3" branch="false"/>
            <line number="82" hits="10" branch="false"/>
            <line number="83" hits="2" branch="true" condition-coverage="50% (1/2)"/>
            <line number="84" hits="2" branch="false"/>
            <line number="85" hits="2" branch="false"/>
            <line number="87" hits="2" branch="true" condition-coverage="50% (1/2)"/>
            <line number="88" hits="2" branch="false"/>
            <line number="122" hits="10" branch="false"/>
            <line number="123" hits="1" branch="true" condition-coverage="50% (1/2)"/>
            <line number="125" hits="1" branch="true" condition-coverage="100% (3/3)"/>
            <line number="126" hits="1" branch="false"/>
            <line number="127" hits="1" branch="true" condition-coverage="50% (1/2)"/>
            <line number="128" hits="1" branch="false"/>
            <line number="129" hits="1" branch="false"/>
            <line number="131" hits="1" branch="false"/>
            <line number="132" hits="2" branch="false"/>
            <line number="133" hits="2" branch="false"/>
            <line number="135" hits="2" branch="true" condition-coverage="100% (2/2)"/>
            <line number="136" hits="1" branch="false"/>
            <line number="138" hits="1" branch="false"/>
            <line number="139" hits="1" branch="false"/>
            <line number="140" hits="1" branch="false"/>
            <line number="144" hits="1" branch="false"/>
            <line number="145" hits="1" branch="false"/>
            <line number="147" hits="1" branch="false"/>
            <line number="148" hits="1" branch="false"/>
            <line number="149" hits="1" branch="false"/>
            <line number="150" hits="1" branch="false"/>
            <line number="154" hits="1" branch="false"/>
            <line number="155" hits="1" branch="true" condition-coverage="50% (1/2)"/>
            <line number="162" hits="10" branch="false"/>
            <line number="163" hits="1" branch="true" condition-coverage="50% (1/2)"/>
            <line number="164" hits="1" branch="false"/>
            <line number="165" hits="1" branch="false"/>
            <line number="166" hits="1" branch="false"/>
            <line number="168" hits="1" branch="true" condition-coverage="50% (1/2)"/>
            <line number="169" hits="1" branch="false"/>
            <line number="173" hits="1" branch="false"/>
            <line number="176" hits="10" branch="false"/>
            <line number="177" hits="2" branch="true" condition-coverage="50% (1/2)"/>
            <line number="178" hits="2" branch="true" condition-coverage="100% (1/1)"/>
            <line number="179" hits="2" branch="false"/>
            <line number="180" hits="2" branch="false"/>
            <line number="181" hits="2" branch="false"/>
            <line number="182" hits="3" branch="false"/>
            <line number="183" hits="3" branch="false"/>
            <line number="184" hits="3" branch="false"/>
            <line number="187" hits="2" branch="false"/>
            <line number="188" hits="2" branch="true" condition-coverage="100% (2/2)"/>
            <line number="194" hits="10" branch="false"/>
            <line number="195" hits="2" branch="true" condition-coverage="50% (1/2)"/>
            <line number="196" hits="2" branch="false"/>
            <line number="197" hits="2" branch="true" condition-coverage="100% (1/1)"/>
            <line number="198" hits="2" branch="false"/>
            <line number="200" hits="2" branch="false"/>
            <line number="201" hits="2" branch="false"/>
            <line number="202" hits="2" branch="false"/>
            <line number="203" hits="2" branch="false"/>
            <line number="204" hits="2" branch="true" condition-coverage="50% (1/2)"/>
            <line number="211" hits="10" branch="false"/>
            <line number="212" hits="4" branch="false"/>
            <line number="213" hits="4" branch="true" condition-coverage="100% (1/1)"/>
            <line number="214" hits="4" branch="false"/>
            <line number="215" hits="4" branch="true" condition-coverage="100% (2/2)"/>
            <line number="217" hits="1" branch="false"/>
            <line number="218" hits="1" branch="false"/>
            <line number="219" hits="1" branch="false"/>
            <line number="220" hits="1" branch="true" condition-coverage="50% (1/2)"/>
            <line number="224" hits="3" branch="false"/>
            <line number="225" hits="3" branch="false"/>
            <line number="226" hits="3" branch="false"/>
            <line number="227" hits="3" branch="true" condition-coverage="100% (2/2)"/>
            <line number="234" hits="10" branch="true" condition-coverage="0% (0/1)"/>
            <line number="235" hits="5" branch="false"/>
            <line number="239" hits="5" branch="true" condition-coverage="0% (0/1)"/>
            <line number="242" hits="5" branch="true" condition-coverage="50% (1/2)"/>
            <line number="243" hits="5" branch="false"/>
            <line number="244" hits="5" branch="false"/>
            <line number="245" hits="5" branch="false"/>
            <line number="246" hits="5" branch="false"/>
            <line number="247" hits="5" branch="false"/>
            <line number="248" hits="5" branch="false"/>
            <line number="250" hits="5" branch="false"/>
            <line number="251" hits="0" branch="false"/>
            <line number="252" hits="0" branch="false"/>
            <line number="253" hits="0" branch="false"/>
            <line number="255" hits="5" branch="false"/>
            <line number="256" hits="0" branch="false"/>
            <line number="257" hits="0" branch="false"/>
            <line number="258" hits="0" branch="false"/>
            <line number="261" hits="5" branch="true" condition-coverage="75% (3/4)"/>
            <line number="262" hits="5" branch="false"/>
            <line number="263" hits="0" branch="true" condition-coverage="0% (0/2)"/>
            <line number="264" hits="0" branch="false"/>
            <line number="265" hits="0" branch="true" condition-coverage="0% (0/1)"/>
            <line number="266" hits="0" branch="false"/>
            <line number="268" hits="5" branch="true" condition-coverage="0% (0/1)"/>
            <line number="269" hits="5" branch="true" condition-coverage="100% (2/2)"/>
            <line number="274" hits="4" branch="false"/>
            <line number="276" hits="1" branch="true" condition-coverage="50% (1/2)"/>
            <line number="283" hits="10" branch="false"/>
            <line number="295" hits="10" branch="false"/>
            <line number="297" hits="20" branch="false"/>
            <line number="298" hits="20" branch="false"/>
            <line number="299" hits="20" branch="true" condition-coverage="100% (2/2)"/>
            <line number="303" hits="20" branch="true" condition-coverage="100% (1/1)"/>
            <line number="304" hits="17" branch="false"/>
            <line number="310" hits="10" branch="false"/>
            <line number="313" hits="10" branch="true" condition-coverage="100% (1/1)"/>
            <line number="314" hits="10" branch="false"/>
            <line number="322" hits="24" branch="false"/>
            <line number="323" hits="0" branch="false"/>
            <line number="324" hits="0" branch="false"/>
            <line number="325" hits="0" branch="true" condition-coverage="0% (0/3)"/>
            <line number="327" hits="0" branch="false"/>
            <line number="328" hits="0" branch="false"/>
            <line number="335" hits="0" branch="false"/>
            <line number="338" hits="24" branch="false"/>
            <line number="339" hits="5" branch="true" condition-coverage="0% (0/1)"/>
            <line number="340" hits="5" branch="true" condition-coverage="100% (1/1)"/>
            <line number="341" hits="3" branch="false"/>
            <line number="343" hits="5" branch="true" condition-coverage="100% (1/1)"/>
            <line number="344" hits="5" branch="false"/>
            <line number="346" hits="5" branch="false"/>
            <line number="349" hits="24" branch="false"/>
            <line number="350" hits="2" branch="true" condition-coverage="0% (0/1)"/>
            <line number="351" hits="2" branch="true" condition-coverage="0% (0/1)"/>
            <line number="352" hits="0" branch="false"/>
            <line number="354" hits="2" branch="true" condition-coverage="100% (1/1)"/>
            <line number="355" hits="2" branch="false"/>
            <line number="357" hits="2" branch="false"/>
            <line number="358" hits="2" branch="false"/>
            <line number="359" hits="2" branch="false"/>
            <line number="365" hits="24" branch="false"/>
            <line number="366" hits="7" branch="false"/>
            <line number="367" hits="7" branch="false"/>
            <line number="368" hits="7" branch="false"/>
            <line number="369" hits="7" branch="true" condition-coverage="0% (0/1)"/>
            <line number="370" hits="7" branch="false"/>
            <line number="371" hits="7" branch="true" condition-coverage="0% (0/1)"/>
            <line number="372" hits="7" branch="false"/>
            <line number="373" hits="7" branch="false"/>
            <line number="375" hits="7" branch="false"/>
            <line number="378" hits="24" branch="false"/>
            <line number="379" hits="7" branch="true" condition-coverage="0% (0/1)"/>
            <line number="381" hits="7" branch="false"/>
            <line number="383" hits="7" branch="true" condition-coverage="100% (3/3)"/>
            <line number="384" hits="5" branch="false"/>
            <line number="385" hits="5" branch="false"/>
            <line number="386" hits="5" branch="false"/>
            <line number="388" hits="7" branch="true" condition-coverage="100% (1/1)"/>
            <line number="389" hits="2" branch="false"/>
            <line number="390" hits="2" branch="false"/>
            <line number="391" hits="2" branch="false"/>
            <line number="394" hits="7" branch="false"/>
            <line number="400" hits="7" branch="false"/>
            <line number="402" hits="7" branch="true" condition-coverage="66.66666666666666% (2/3)"/>
            <line number="403" hits="1" branch="false"/>
            <line number="405" hits="7" branch="false"/>
            <line number="408" hits="24" branch="false"/>
            <line number="409" hits="7" branch="false"/>
            <line number="410" hits="7" branch="false"/>
            <line number="411" hits="7" branch="false"/>
            <line number="412" hits="7" branch="false"/>
            <line number="413" hits="7" branch="false"/>
            <line number="414" hits="7" branch="true" condition-coverage="100% (1/1)"/>
            <line number="415" hits="7" branch="true" condition-coverage="0% (0/1)"/>
            <line number="416" hits="7" branch="false"/>
            <line number="419" hits="7" branch="false"/>
            <line number="422" hits="24" branch="false"/>
            <line number="423" hits="15" branch="true" condition-coverage="100% (3/3)"/>
            <line number="424" hits="12" branch="false"/>
            <line number="426" hits="3" branch="true" condition-coverage="50% (1/2)"/>
            <line number="429" hits="3" branch="false"/>
[...]
            </method>
            <method name="(anonymous_47)" hits="6" signature="()V">
              <lines>
                <line number="822" hits="6"/>
              </lines>
            </method>
          </methods>
          <lines>
            <line number="36" hits="21" branch="false"/>
            <line number="38" hits="28" branch="true" condition-coverage="100% (2/2)"/>
            <line number="39" hits="6" branch="false"/>
            <line number="40" hits="22" branch="true" condition-coverage="100% (2/2)"/>
            <line number="41" hits="2" branch="false"/>
            <line number="43" hits="20" branch="false"/>
            <line number="49" hits="30" branch="true" condition-coverage="75% (3/4)"/>
            <line number="54" hits="21" branch="false"/>
            <line number="55" hits="330" branch="false"/>
            <line number="65" hits="330" branch="false"/>
            <line number="66" hits="11880" branch="false"/>
            <line number="67" hits="1980" branch="true" condition-coverage="50% (1/2)"/>
            <line number="69" hits="330" branch="false"/>
            <line number="70" hits="330" branch="false"/>
            <line number="78" hits="330" branch="false"/>
            <line number="84" hits="21" branch="false"/>
            <line number="85" hits="103" branch="false"/>
            <line number="86" hits="309" branch="false"/>
            <line number="87" hits="252" branch="false"/>
            <line number="88" hits="103" branch="true" condition-coverage="100% (2/2)"/>
            <line number="89" hits="103" branch="false"/>
            <line number="90" hits="103" branch="false"/>
            <line number="91" hits="103" branch="false"/>
            <line number="97" hits="21" branch="false"/>
            <line number="111" hits="21" branch="false"/>
            <line number="131" hits="21" branch="false"/>
            <line number="132" hits="21" branch="false"/>
            <line number="141" hits="777" branch="true" condition-coverage="50% (1/2)"/>
            <line number="142" hits="21" branch="false"/>
            <line number="143" hits="21" branch="false"/>
            <line number="144" hits="21" branch="false"/>
            <line number="145" hits="21" branch="false"/>
            <line number="146" hits="126" branch="true" condition-coverage="66.66666666666666% (6/9)"/>
            <line number="148" hits="21" branch="false"/>
            <line number="150" hits="0" branch="true" condition-coverage="0% (0/2)"/>
            <line number="152" hits="0" branch="true" condition-coverage="0% (0/2)"/>
            <line number="154" hits="21" branch="false"/>
            <line number="156" hits="21" branch="false"/>
            <line number="158" hits="21" branch="false"/>
            <line number="160" hits="21" branch="false"/>
            <line number="162" hits="21" branch="false"/>
            <line number="164" hits="0" branch="false"/>
            <line number="173" hits="21" branch="false"/>
            <line number="178" hits="30" branch="false"/>
            <line number="179" hits="30" branch="false"/>
            <line number="182" hits="30" branch="false"/>
            <line number="183" hits="30" branch="false"/>
            <line number="185" hits="30" branch="false"/>
            <line number="186" hits="30" branch="false"/>
            <line number="187" hits="30" branch="false"/>
            <line number="194" hits="21" branch="true" condition-coverage="100% (1/1)"/>
            <line number="202" hits="33" branch="false"/>
            <line number="203" hits="33" branch="false"/>
            <line number="204" hits="33" branch="false"/>
            <line number="205" hits="33" branch="false"/>
            <line number="206" hits="33" branch="true" condition-coverage="100% (1/1)"/>
            <line number="207" hits="13" branch="false"/>
            <line number="208" hits="13" branch="false"/>
            <line number="210" hits="33" branch="true" condition-coverage="100% (1/1)"/>
            <line number="211" hits="8" branch="false"/>
            <line number="212" hits="8" branch="false"/>
            <line number="214" hits="33" branch="true" condition-coverage="100% (1/1)"/>
            <line number="215" hits="8" branch="false"/>
            <line number="216" hits="8" branch="false"/>
            <line number="218" hits="33" branch="false"/>
            <line number="224" hits="21" branch="false"/>
            <line number="236" hits="17" branch="false"/>
            <line number="237" hits="17" branch="true" condition-coverage="100% (1/1)"/>
            <line number="238" hits="13" branch="false"/>
            <line number="239" hits="13" branch="false"/>
            <line number="240" hits="13" branch="true" condition-coverage="100% (2/2)"/>
            <line number="242" hits="13" branch="true" condition-coverage="100% (1/1)"/>
            <line number="243" hits="8" branch="false"/>
            <line number="244" hits="8" branch="true" condition-coverage="100% (2/2)"/>
            <line number="247" hits="17" branch="false"/>
            <line number="252" hits="21" branch="false"/>
            <line number="257" hits="12" branch="true" condition-coverage="100% (2/2)"/>
            <line number="258" hits="12" branch="true" condition-coverage="100% (1/1)"/>
            <line number="259" hits="6" branch="true" condition-coverage="100% (2/2)"/>
            <line number="261" hits="12" branch="false"/>
            <line number="267" hits="21" branch="false"/>
            <line number="271" hits="16" branch="true" condition-coverage="100% (3/3)"/>
            <line number="272" hits="10" branch="false"/>
            <line number="274" hits="6" branch="true" condition-coverage="100% (2/2)"/>
            <line number="275" hits="6" branch="false"/>
            <line number="288" hits="21" branch="false"/>
            <line number="295" hits="21" branch="true" condition-coverage="100% (2/2)"/>
            <line number="296" hits="21" branch="true" condition-coverage="50% (1/2)"/>
            <line number="298" hits="21" branch="true" condition-coverage="100% (1/1)"/>
            <line number="299" hits="33" branch="false"/>
            <line number="300" hits="11" branch="true" condition-coverage="100% (2/2)"/>
            <line number="301" hits="11" branch="false"/>
            <line number="303" hits="11" branch="false"/>
            <line number="307" hits="11" branch="false"/>
            <line number="313" hits="10" branch="true" condition-coverage="100% (1/1)"/>
            <line number="314" hits="10" branch="true" condition-coverage="100% (2/2)"/>
            <line number="315" hits="10" branch="false"/>
            <line number="317" hits="10" branch="false"/>
            <line number="318" hits="10" branch="true" condition-coverage="100% (2/2)"/>
            <line number="319" hits="2" branch="false"/>
            <line number="320" hits="8" branch="true" condition-coverage="100% (2/2)"/>
            <line number="321" hits="1" branch="false"/>
            <line number="323" hits="7" branch="true" condition-coverage="100% (2/2)"/>
            <line number="332" hits="21" branch="false"/>
            <line number="336" hits="16" branch="false"/>
            <line number="337" hits="48" branch="false"/>
            <line number="344" hits="21" branch="false"/>
            <line number="356" hits="16" branch="true" condition-coverage="0% (0/1)"/>
            <line number="358" hits="16" branch="false"/>
            <line number="359" hits="9" branch="false"/>
            <line number="366" hits="16" branch="false"/>
            <line number="367" hits="7" branch="true" condition-coverage="100% (1/1)"/>
            <line number="368" hits="4" branch="false"/>
            <line number="369" hits="5" branch="false"/>
            <line number="371" hits="4" branch="true" condition-coverage="100% (1/1)"/>
            <line number="372" hits="3" branch="false"/>
            <line number="379" hits="4" branch="false"/>
            <line number="380" hits="4" branch="false"/>
            <line number="384" hits="4" branch="true" condition-coverage="100% (1/1)"/>
            <line number="385" hits="1" branch="false"/>
            <line number="387" hits="4" branch="false"/>
            <line number="390" hits="16" branch="false"/>
            <line number="395" hits="16" branch="false"/>
            <line number="396" hits="16" branch="false"/>
            <line number="400" hits="16" branch="false"/>
            <line number="405" hits="16" branch="false"/>
            <line number="418" hits="16" branch="false"/>
            <line number="421" hits="21" branch="false"/>
            <line number="428" hits="25" branch="false"/>
            <line number="429" hits="4" branch="true" condition-coverage="100% (1/1)"/>
            <line number="430" hits="1" branch="false"/>
            <line number="433" hits="3" branch="true" condition-coverage="100% (2/2)"/>
            <line number="438" hits="3" branch="false"/>
            <line number="440" hits="25" branch="false"/>
            <line number="441" hits="9" branch="true" condition-coverage="100% (1/1)"/>
            <line number="442" hits="1" branch="false"/>
            <line number="444" hits="8" branch="true" condition-coverage="100% (2/2)"/>
            <line number="447" hits="8" branch="false"/>
            <line number="449" hits="25" branch="false"/>
            <line number="450" hits="12" branch="true" condition-coverage="100% (1/1)"/>
            <line number="451" hits="1" branch="false"/>
            <line number="454" hits="11" branch="true" condition-coverage="100% (2/2)"/>
            <line number="459" hits="11" branch="false"/>
            <line number="462" hits="25" branch="false"/>
            <line number="468" hits="25" branch="false"/>
            <line number="469" hits="25" branch="false"/>
            <line number="470" hits="25" branch="false"/>
            <line number="476" hits="21" branch="false"/>
            <line number="480" hits="25" branch="false"/>
            <line number="481" hits="25" branch="false"/>
            <line number="482" hits="25" branch="true" condition-coverage="100% (2/2)"/>
            <line number="483" hits="12" branch="true" condition-coverage="100% (1/1)"/>
            <line number="484" hits="9" branch="false"/>
            <line number="487" hits="25" branch="false"/>
            <line number="490" hits="21" branch="false"/>
            <line number="491" hits="25" branch="true" condition-coverage="100% (2/2)"/>
            <line number="495" hits="21" branch="false"/>
            <line number="499" hits="25" branch="false"/>
            <line number="500" hits="25" branch="true" condition-coverage="100% (2/2)"/>
            <line number="502" hits="25" branch="true" condition-coverage="100% (1/1)"/>
            <line number="504" hits="8" branch="false"/>
            <line number="505" hits="8" branch="false"/>
            <line number="506" hits="13" branch="true" condition-coverage="100% (3/3)"/>
            <line number="507" hits="9" branch="false"/>
            <line number="509" hits="8" branch="false"/>
            <line number="515" hits="21" branch="false"/>
            <line number="520" hits="32" branch="false"/>
            <line number="521" hits="32" branch="false"/>
            <line number="523" hits="32" branch="false"/>
            <line number="524" hits="32" branch="false"/>
            <line number="531" hits="21" branch="false"/>
            <line number="538" hits="17" branch="true" condition-coverage="33.33333333333333% (1/3)"/>
            <line number="539" hits="17" branch="true" condition-coverage="33.33333333333333% (1/3)"/>
            <line number="540" hits="17" branch="true" condition-coverage="33.33333333333333% (1/3)"/>
            <line number="541" hits="17" branch="false"/>
            <line number="542" hits="17" branch="true" condition-coverage="100% (1/1)"/>
            <line number="543" hits="16" branch="true" condition-coverage="100% (3/3)"/>
            <line number="544" hits="11" branch="true" condition-coverage="100% (1/1)"/>
            <line number="545" hits="0" branch="false"/>
            <line number="549" hits="21" branch="false"/>
            <line number="550" hits="17" branch="true" condition-coverage="25% (1/4)"/>
            <line number="551" hits="17" branch="true" condition-coverage="100% (2/2)"/>
            <line number="552" hits="17" branch="false"/>
            <line number="553" hits="17" branch="false"/>
            <line number="561" hits="21" branch="false"/>
            <line number="562" hits="19" branch="true" condition-coverage="33.33333333333333% (1/3)"/>
            <line number="563" hits="19" branch="true" condition-coverage="100% (1/1)"/>
            <line number="564" hits="9" branch="false"/>
            <line number="566" hits="10" branch="true" condition-coverage="100% (3/3)"/>
            <line number="567" hits="5" branch="false"/>
            <line number="568" hits="5" branch="false"/>
            <line number="570" hits="5" branch="false"/>
            <line number="577" hits="21" branch="false"/>
            <line number="580" hits="20" branch="true" condition-coverage="25% (1/4)"/>
            <line number="581" hits="20" branch="true" condition-coverage="100% (1/1)"/>
            <line number="582" hits="9" branch="false"/>
            <line number="584" hits="11" branch="false"/>
            <line number="585" hits="11" branch="true" condition-coverage="100% (2/2)"/>
            <line number="586" hits="11" branch="false"/>
            <line number="587" hits="11" branch="false"/>
            <line number="588" hits="11" branch="false"/>
            <line number="589" hits="33" branch="true" condition-coverage="83.33333333333334% (5/6)"/>
            <line number="591" hits="11" branch="false"/>
            <line number="593" hits="1" branch="false"/>
            <line number="595" hits="1" branch="false"/>
            <line number="597" hits="9" branch="false"/>
            <line number="599" hits="11" branch="false"/>
            <line number="601" hits="0" branch="false"/>
            <line number="604" hits="11" branch="false"/>
            <line number="609" hits="21" branch="false"/>
            <line number="610" hits="15" branch="true" condition-coverage="66.66666666666666% (2/3)"/>
            <line number="611" hits="15" branch="false"/>
            <line number="613" hits="15" branch="false"/>
            <line number="618" hits="15" branch="false"/>
            <line number="631" hits="15" branch="false"/>
            <line number="641" hits="21" branch="false"/>
            <line number="654" hits="15" branch="false"/>
            <line number="655" hits="15" branch="false"/>
            <line number="657" hits="15" branch="false"/>
            <line number="658" hits="15" branch="false"/>
            <line number="659" hits="3" branch="true" condition-coverage="100% (1/1)"/>
            <line number="668" hits="15" branch="false"/>
            <line number="681" hits="15" branch="false"/>
            <line number="682" hits="9" branch="false"/>
            <line number="683" hits="9" branch="false"/>
            <line number="687" hits="9" branch="false"/>
            <line number="695" hits="9" branch="false"/>
            <line number="696" hits="9" branch="false"/>
            <line number="697" hits="9" branch="false"/>
            <line number="704" hits="9" branch="true" condition-coverage="100% (2/2)"/>
            <line number="705" hits="3" branch="false"/>
            <line number="706" hits="3" branch="false"/>
            <line number="707" hits="3" branch="false"/>
            <line number="708" hits="3" branch="false"/>
            <line number="709" hits="6" branch="true" condition-coverage="100% (2/2)"/>
            <line number="710" hits="1" branch="false"/>
            <line number="712" hits="5" branch="false"/>
            <line number="714" hits="9" branch="false"/>
            <line number="715" hits="9" branch="false"/>
            <line number="718" hits="15" branch="false"/>
            <line number="719" hits="15" branch="false"/>
            <line number="724" hits="15" branch="true" condition-coverage="100% (4/4)"/>
            <line number="725" hits="15" branch="true" condition-coverage="100% (4/4)"/>
            <line number="726" hits="15" branch="false"/>
            <line number="734" hits="15" branch="false"/>
            <line number="735" hits="15" branch="false"/>
            <line number="740" hits="15" branch="true" condition-coverage="100% (2/2)"/>
            <line number="763" hits="21" branch="false"/>
            <line number="764" hits="18" branch="false"/>
            <line number="765" hits="18" branch="true" condition-coverage="100% (3/3)"/>
            <line number="766" hits="14" branch="false"/>
            <line number="767" hits="14" branch="false"/>
            <line number="768" hits="14" branch="false"/>
            <line number="769" hits="14" branch="false"/>
            <line number="770" hits="14" branch="false"/>
            <line number="771" hits="10" branch="true" condition-coverage="100% (2/2)"/>
            <line number="774" hits="18" branch="false"/>
            <line number="778" hits="21" branch="false"/>
            <line number="779" hits="19" branch="true" condition-coverage="100% (1/1)"/>
            <line number="780" hits="17" branch="false"/>
            <line number="781" hits="17" branch="false"/>
            <line number="782" hits="17" branch="false"/>
            <line number="783" hits="17" branch="false"/>
            <line number="787" hits="17" branch="false"/>
            <line number="789" hits="17" branch="true" condition-coverage="100% (1/1)"/>
            <line number="790" hits="13" branch="false"/>
            <line number="791" hits="6" branch="false"/>
            <line number="792" hits="6" branch="false"/>
            <line number="796" hits="19" branch="false"/>
            <line number="809" hits="21" branch="false"/>
            <line number="810" hits="23" branch="true" condition-coverage="100% (1/1)"/>
            <line number="811" hits="21" branch="true" condition-coverage="100% (2/2)"/>
            <line number="812" hits="21" branch="false"/>
            <line number="813" hits="21" branch="false"/>
            <line number="815" hits="21" branch="false"/>
            <line number="817" hits="21" branch="false"/>
            <line number="821" hits="21" branch="false"/>
            <line number="823" hits="6" branch="true" condition-coverage="100% (1/1)"/>
            <line number="824" hits="5" branch="true" condition-coverage="100% (2/2)"/>
            <line number="826" hits="6" branch="false"/>
            <line number="831" hits="23" branch="false"/>
          </lines>
        </class>
      </classes>
    </package>
    <package name="reports-service.reports-service.routes.v1" line-rate="1" branch-rate="1">
      <classes>
        <class name="index.ts" filename="reports-service/routes/v1/index.ts" line-rate="1" branch-rate="1">
          <methods>
          </methods>
          <lines>
            <line number="1" hits="10" branch="false"/>
            <line number="3" hits="10" branch="false"/>
          </lines>
        </class>
        <class name="reportsRouter.ts" filename="reports-service/routes/v1/reportsRouter.ts" line-rate="1" branch-rate="1">
          <methods>
          </methods>
          <lines>
            <line number="1" hits="10" branch="false"/>
            <line number="3" hits="10" branch="false"/>
            <line number="5" hits="10" branch="false"/>
            <line number="10" hits="10" branch="false"/>
            <line number="12" hits="10" branch="false"/>
          </lines>
        </class>
      </classes>
    </package>
  </packages>
</coverage>
